[ 2017-06-14T11:48:00+08:00 ] ::1 /easy-city/index.php
INFO: [ app_init ] --START--
INFO: Run Behavior\BuildLiteBehavior [ RunTime:0.000811s ]
INFO: [ app_init ] --END-- [ RunTime:0.017148s ]
INFO: [ app_begin ] --START--
INFO: Run Behavior\ReadHtmlCacheBehavior [ RunTime:0.020090s ]
INFO: [ app_begin ] --END-- [ RunTime:0.023039s ]
INFO: [ view_parse ] --START--
INFO: [ template_filter ] --START--
INFO: Run Behavior\ContentReplaceBehavior [ RunTime:0.001125s ]
INFO: [ template_filter ] --END-- [ RunTime:0.003934s ]
INFO: Run Behavior\ParseTemplateBehavior [ RunTime:0.092662s ]
INFO: [ view_parse ] --END-- [ RunTime:0.095400s ]
INFO: [ view_filter ] --START--
INFO: Run Behavior\WriteHtmlCacheBehavior [ RunTime:0.012602s ]
INFO: [ view_filter ] --END-- [ RunTime:0.015341s ]
INFO: [ app_end ] --START--
INFO: Run Behavior\ShowPageTraceBehavior [ RunTime:0.005299s ]
INFO: [ app_end ] --END-- [ RunTime:0.008140s ]

[ 2017-06-14T12:18:31+08:00 ] ::1 /easy-city/
INFO: [ app_init ] --START--
INFO: Run Behavior\BuildLiteBehavior [ RunTime:0.000600s ]
INFO: [ app_init ] --END-- [ RunTime:0.003764s ]
INFO: [ app_begin ] --START--
INFO: Run Behavior\ReadHtmlCacheBehavior [ RunTime:0.003019s ]
INFO: [ app_begin ] --END-- [ RunTime:0.005516s ]
INFO: [ view_parse ] --START--
INFO: Run Behavior\ParseTemplateBehavior [ RunTime:0.007367s ]
INFO: [ view_parse ] --END-- [ RunTime:0.009941s ]
INFO: [ view_filter ] --START--
INFO: Run Behavior\WriteHtmlCacheBehavior [ RunTime:0.002709s ]
INFO: [ view_filter ] --END-- [ RunTime:0.004616s ]
INFO: [ app_end ] --START--
INFO: Run Behavior\ShowPageTraceBehavior [ RunTime:0.002970s ]
INFO: [ app_end ] --END-- [ RunTime:0.006485s ]

