[ 2017-06-14T12:42:22+08:00 ] ::1 /easy-city/Public/admin/images/default/icons_sprite.png
INFO: [ app_init ] --START--
INFO: Run Behavior\BuildLiteBehavior [ RunTime:0.000274s ]
INFO: [ app_init ] --END-- [ RunTime:0.002253s ]
ERR: 无法加载模块:Public

[ 2017-06-14T12:43:09+08:00 ] ::1 /easy-city/Public/admin/images/default/icons_sprite.png
INFO: [ app_init ] --START--
INFO: Run Behavior\BuildLiteBehavior [ RunTime:0.000279s ]
INFO: [ app_init ] --END-- [ RunTime:0.002636s ]
ERR: 无法加载模块:Public

[ 2017-06-14T12:45:56+08:00 ] ::1 /easy-city/Public/admin/images/default/icons_sprite.png
INFO: [ app_init ] --START--
INFO: Run Behavior\BuildLiteBehavior [ RunTime:0.000426s ]
INFO: [ app_init ] --END-- [ RunTime:0.002401s ]
ERR: 无法加载模块:Public

[ 2017-06-14T12:46:23+08:00 ] ::1 /easy-city/Public/admin/images/default/icons_sprite.png
INFO: [ app_init ] --START--
INFO: Run Behavior\BuildLiteBehavior [ RunTime:0.000274s ]
INFO: [ app_init ] --END-- [ RunTime:0.002268s ]
ERR: 无法加载模块:Public

[ 2017-06-14T12:46:49+08:00 ] ::1 /easy-city/Public/admin/images/default/icons_sprite.png
INFO: [ app_init ] --START--
INFO: Run Behavior\BuildLiteBehavior [ RunTime:0.000270s ]
INFO: [ app_init ] --END-- [ RunTime:0.002150s ]
ERR: 无法加载模块:Public

[ 2017-06-14T12:46:55+08:00 ] ::1 /easy-city/Public/admin/images/default/icons_sprite.png
INFO: [ app_init ] --START--
INFO: Run Behavior\BuildLiteBehavior [ RunTime:0.000381s ]
INFO: [ app_init ] --END-- [ RunTime:0.003285s ]
ERR: 无法加载模块:Public

[ 2017-06-14T13:26:48+08:00 ] ::1 /easy-city/Public/admin/images/default/icons_sprite.png
INFO: [ app_init ] --START--
INFO: Run Behavior\BuildLiteBehavior [ RunTime:0.000470s ]
INFO: [ app_init ] --END-- [ RunTime:0.004223s ]
ERR: 无法加载模块:Public

[ 2017-06-14T13:35:00+08:00 ] ::1 /easy-city/Public/admin/images/default/icons_sprite.png
INFO: [ app_init ] --START--
INFO: Run Behavior\BuildLiteBehavior [ RunTime:0.000281s ]
INFO: [ app_init ] --END-- [ RunTime:0.011473s ]
ERR: 无法加载模块:Public

[ 2017-06-14T13:35:36+08:00 ] ::1 /easy-city/Public/admin/images/default/icons_sprite.png
INFO: [ app_init ] --START--
INFO: Run Behavior\BuildLiteBehavior [ RunTime:0.000269s ]
INFO: [ app_init ] --END-- [ RunTime:0.002243s ]
ERR: 无法加载模块:Public

[ 2017-06-14T13:37:47+08:00 ] ::1 /easy-city/Public/admin/fonts/fontawesome-webfont.eot-v=4.4.0
INFO: [ app_init ] --START--
INFO: Run Behavior\BuildLiteBehavior [ RunTime:0.000319s ]
INFO: [ app_init ] --END-- [ RunTime:0.002809s ]
ERR: 无法加载模块:Public

[ 2017-06-14T13:37:54+08:00 ] ::1 /easy-city/Public/admin/fonts/fontawesome-webfont.eot-v=4.4.0
INFO: [ app_init ] --START--
INFO: Run Behavior\BuildLiteBehavior [ RunTime:0.000432s ]
INFO: [ app_init ] --END-- [ RunTime:0.003436s ]
ERR: 无法加载模块:Public

[ 2017-06-14T13:37:58+08:00 ] ::1 /easy-city/Public/admin/fonts/fontawesome-webfont.eot-v=4.4.0
INFO: [ app_init ] --START--
INFO: Run Behavior\BuildLiteBehavior [ RunTime:0.000270s ]
INFO: [ app_init ] --END-- [ RunTime:0.002452s ]
ERR: 无法加载模块:Public

[ 2017-06-14T13:38:13+08:00 ] ::1 /easy-city/Public/admin/images/default/icons_sprite.png
INFO: [ app_init ] --START--
INFO: Run Behavior\BuildLiteBehavior [ RunTime:0.000284s ]
INFO: [ app_init ] --END-- [ RunTime:0.002516s ]
ERR: 无法加载模块:Public

[ 2017-06-14T13:38:58+08:00 ] ::1 /easy-city/Public/admin/images/default/icons_sprite.png
INFO: [ app_init ] --START--
INFO: Run Behavior\BuildLiteBehavior [ RunTime:0.000276s ]
INFO: [ app_init ] --END-- [ RunTime:0.002155s ]
ERR: 无法加载模块:Public

[ 2017-06-14T13:40:41+08:00 ] ::1 /easy-city/Public/admin/images/default/icons_sprite.png
INFO: [ app_init ] --START--
INFO: Run Behavior\BuildLiteBehavior [ RunTime:0.000513s ]
INFO: [ app_init ] --END-- [ RunTime:0.003916s ]
ERR: 无法加载模块:Public

[ 2017-06-14T13:40:43+08:00 ] ::1 /easy-city/Public/admin/images/default/icons_sprite.png
INFO: [ app_init ] --START--
INFO: Run Behavior\BuildLiteBehavior [ RunTime:0.000268s ]
INFO: [ app_init ] --END-- [ RunTime:0.002186s ]
ERR: 无法加载模块:Public

[ 2017-06-14T13:41:14+08:00 ] ::1 /easy-city/Public/admin/images/default/icons_sprite.png
INFO: [ app_init ] --START--
INFO: Run Behavior\BuildLiteBehavior [ RunTime:0.000393s ]
INFO: [ app_init ] --END-- [ RunTime:0.003126s ]
ERR: 无法加载模块:Public

[ 2017-06-14T13:42:30+08:00 ] ::1 /easy-city/Public/admin/images/default/icons_sprite.png
INFO: [ app_init ] --START--
INFO: Run Behavior\BuildLiteBehavior [ RunTime:0.000271s ]
INFO: [ app_init ] --END-- [ RunTime:0.002250s ]
ERR: 无法加载模块:Public

[ 2017-06-14T13:42:32+08:00 ] ::1 /easy-city/Public/admin/images/default/icons_sprite.png
INFO: [ app_init ] --START--
INFO: Run Behavior\BuildLiteBehavior [ RunTime:0.000273s ]
INFO: [ app_init ] --END-- [ RunTime:0.002309s ]
ERR: 无法加载模块:Public

[ 2017-06-14T13:42:34+08:00 ] ::1 /easy-city/Public/admin/images/default/icons_sprite.png
INFO: [ app_init ] --START--
INFO: Run Behavior\BuildLiteBehavior [ RunTime:0.000282s ]
INFO: [ app_init ] --END-- [ RunTime:0.002271s ]
ERR: 无法加载模块:Public

[ 2017-06-14T13:42:42+08:00 ] ::1 /easy-city/Public/admin/images/default/icons_sprite.png
INFO: [ app_init ] --START--
INFO: Run Behavior\BuildLiteBehavior [ RunTime:0.000370s ]
INFO: [ app_init ] --END-- [ RunTime:0.003130s ]
ERR: 无法加载模块:Public

[ 2017-06-14T13:42:45+08:00 ] ::1 /easy-city/Public/admin/images/default/icons_sprite.png
INFO: [ app_init ] --START--
INFO: Run Behavior\BuildLiteBehavior [ RunTime:0.001192s ]
INFO: [ app_init ] --END-- [ RunTime:0.006185s ]
ERR: 无法加载模块:Public

[ 2017-06-14T13:43:25+08:00 ] ::1 /easy-city/Public/admin/images/default/icons_sprite.png
INFO: [ app_init ] --START--
INFO: Run Behavior\BuildLiteBehavior [ RunTime:0.000283s ]
INFO: [ app_init ] --END-- [ RunTime:0.002654s ]
ERR: 无法加载模块:Public

[ 2017-06-14T13:43:37+08:00 ] ::1 /easy-city/Public/admin/images/default/icons_sprite.png
INFO: [ app_init ] --START--
INFO: Run Behavior\BuildLiteBehavior [ RunTime:0.000621s ]
INFO: [ app_init ] --END-- [ RunTime:0.006522s ]
ERR: 无法加载模块:Public

[ 2017-06-14T13:43:39+08:00 ] ::1 /easy-city/Public/admin/images/default/icons_sprite.png
INFO: [ app_init ] --START--
INFO: Run Behavior\BuildLiteBehavior [ RunTime:0.000316s ]
INFO: [ app_init ] --END-- [ RunTime:0.002893s ]
ERR: 无法加载模块:Public

[ 2017-06-14T13:43:43+08:00 ] ::1 /easy-city/Public/admin/images/default/icons_sprite.png
INFO: [ app_init ] --START--
INFO: Run Behavior\BuildLiteBehavior [ RunTime:0.000338s ]
INFO: [ app_init ] --END-- [ RunTime:0.002940s ]
ERR: 无法加载模块:Public

[ 2017-06-14T13:44:13+08:00 ] ::1 /easy-city/Public/admin/images/default/icons_sprite.png
INFO: [ app_init ] --START--
INFO: Run Behavior\BuildLiteBehavior [ RunTime:0.000277s ]
INFO: [ app_init ] --END-- [ RunTime:0.003042s ]
ERR: 无法加载模块:Public

[ 2017-06-14T13:44:15+08:00 ] ::1 /easy-city/Public/admin/images/default/icons_sprite.png
INFO: [ app_init ] --START--
INFO: Run Behavior\BuildLiteBehavior [ RunTime:0.000277s ]
INFO: [ app_init ] --END-- [ RunTime:0.002261s ]
ERR: 无法加载模块:Public

[ 2017-06-14T13:44:26+08:00 ] ::1 /easy-city/Public/admin/images/default/icons_sprite.png
INFO: [ app_init ] --START--
INFO: Run Behavior\BuildLiteBehavior [ RunTime:0.000296s ]
INFO: [ app_init ] --END-- [ RunTime:0.002256s ]
ERR: 无法加载模块:Public

[ 2017-06-14T13:44:34+08:00 ] ::1 /easy-city/Public/admin/images/default/icons_sprite.png
INFO: [ app_init ] --START--
INFO: Run Behavior\BuildLiteBehavior [ RunTime:0.000289s ]
INFO: [ app_init ] --END-- [ RunTime:0.002264s ]
ERR: 无法加载模块:Public

[ 2017-06-14T13:44:39+08:00 ] ::1 /easy-city/Public/admin/images/default/icons_sprite.png
INFO: [ app_init ] --START--
INFO: Run Behavior\BuildLiteBehavior [ RunTime:0.000283s ]
INFO: [ app_init ] --END-- [ RunTime:0.002685s ]
ERR: 无法加载模块:Public

[ 2017-06-14T13:47:15+08:00 ] ::1 /easy-city/Public/admin/images/default/icons_sprite.png
INFO: [ app_init ] --START--
INFO: Run Behavior\BuildLiteBehavior [ RunTime:0.000390s ]
INFO: [ app_init ] --END-- [ RunTime:0.003026s ]
ERR: 无法加载模块:Public

[ 2017-06-14T13:48:03+08:00 ] ::1 /easy-city/Public/admin/images/default/icons_sprite.png
INFO: [ app_init ] --START--
INFO: Run Behavior\BuildLiteBehavior [ RunTime:0.000385s ]
INFO: [ app_init ] --END-- [ RunTime:0.002272s ]
ERR: 无法加载模块:Public

[ 2017-06-14T13:48:06+08:00 ] ::1 /easy-city/Public/admin/images/default/icons_sprite.png
INFO: [ app_init ] --START--
INFO: Run Behavior\BuildLiteBehavior [ RunTime:0.000281s ]
INFO: [ app_init ] --END-- [ RunTime:0.002187s ]
ERR: 无法加载模块:Public

[ 2017-06-14T13:50:51+08:00 ] ::1 /easy-city/Public/admin/images/default/icons_sprite2.png
INFO: [ app_init ] --START--
INFO: Run Behavior\BuildLiteBehavior [ RunTime:0.000418s ]
INFO: [ app_init ] --END-- [ RunTime:0.003625s ]
ERR: 无法加载模块:Public

[ 2017-06-14T13:50:54+08:00 ] ::1 /easy-city/Public/admin/images/default/icons_sprite2.png
INFO: [ app_init ] --START--
INFO: Run Behavior\BuildLiteBehavior [ RunTime:0.000517s ]
INFO: [ app_init ] --END-- [ RunTime:0.009473s ]
ERR: 无法加载模块:Public

[ 2017-06-14T13:50:55+08:00 ] ::1 /easy-city/Public/admin/images/default/icons_sprite.png
INFO: [ app_init ] --START--
INFO: Run Behavior\BuildLiteBehavior [ RunTime:0.000287s ]
INFO: [ app_init ] --END-- [ RunTime:0.002258s ]
ERR: 无法加载模块:Public

[ 2017-06-14T13:51:51+08:00 ] ::1 /easy-city/Public/admin/images/default/icons_sprite.png
INFO: [ app_init ] --START--
INFO: Run Behavior\BuildLiteBehavior [ RunTime:0.000277s ]
INFO: [ app_init ] --END-- [ RunTime:0.002224s ]
ERR: 无法加载模块:Public

[ 2017-06-14T13:53:32+08:00 ] ::1 /easy-city/Public/admin/images/default/icons_sprite.png
INFO: [ app_init ] --START--
INFO: Run Behavior\BuildLiteBehavior [ RunTime:0.000610s ]
INFO: [ app_init ] --END-- [ RunTime:0.003786s ]
ERR: 无法加载模块:Public

[ 2017-06-14T13:53:46+08:00 ] ::1 /easy-city/Public/admin/images/default/icons_sprite.png
INFO: [ app_init ] --START--
INFO: Run Behavior\BuildLiteBehavior [ RunTime:0.000441s ]
INFO: [ app_init ] --END-- [ RunTime:0.003354s ]
ERR: 无法加载模块:Public

[ 2017-06-14T13:54:49+08:00 ] ::1 /easy-city/Public/admin/images/default/icons_sprite.png
INFO: [ app_init ] --START--
INFO: Run Behavior\BuildLiteBehavior [ RunTime:0.000401s ]
INFO: [ app_init ] --END-- [ RunTime:0.003066s ]
ERR: 无法加载模块:Public

[ 2017-06-14T13:55:21+08:00 ] ::1 /easy-city/Public/admin/images/default/icons_sprite.png
INFO: [ app_init ] --START--
INFO: Run Behavior\BuildLiteBehavior [ RunTime:0.000414s ]
INFO: [ app_init ] --END-- [ RunTime:0.003580s ]
ERR: 无法加载模块:Public

[ 2017-06-14T13:55:46+08:00 ] ::1 /easy-city/Public/admin/images/default/icons_sprite.png
INFO: [ app_init ] --START--
INFO: Run Behavior\BuildLiteBehavior [ RunTime:0.000390s ]
INFO: [ app_init ] --END-- [ RunTime:0.002321s ]
ERR: 无法加载模块:Public

[ 2017-06-14T13:56:10+08:00 ] ::1 /easy-city/Public/admin/images/default/icons_sprite.png
INFO: [ app_init ] --START--
INFO: Run Behavior\BuildLiteBehavior [ RunTime:0.000448s ]
INFO: [ app_init ] --END-- [ RunTime:0.003425s ]
ERR: 无法加载模块:Public

[ 2017-06-14T13:57:50+08:00 ] ::1 /easy-city/Public/admin/images/default/icons_sprite.png
INFO: [ app_init ] --START--
INFO: Run Behavior\BuildLiteBehavior [ RunTime:0.000412s ]
INFO: [ app_init ] --END-- [ RunTime:0.003444s ]
ERR: 无法加载模块:Public

[ 2017-06-14T13:58:44+08:00 ] ::1 /easy-city/Public/admin/images/default/icons_sprite.png
INFO: [ app_init ] --START--
INFO: Run Behavior\BuildLiteBehavior [ RunTime:0.000284s ]
INFO: [ app_init ] --END-- [ RunTime:0.002526s ]
ERR: 无法加载模块:Public

[ 2017-06-14T13:59:07+08:00 ] ::1 /easy-city/Public/admin/images/default/icons_sprite.png
INFO: [ app_init ] --START--
INFO: Run Behavior\BuildLiteBehavior [ RunTime:0.000312s ]
INFO: [ app_init ] --END-- [ RunTime:0.002471s ]
ERR: 无法加载模块:Public

[ 2017-06-14T13:59:39+08:00 ] ::1 /easy-city/Public/admin/images/default/icons_sprite.png
INFO: [ app_init ] --START--
INFO: Run Behavior\BuildLiteBehavior [ RunTime:0.000672s ]
INFO: [ app_init ] --END-- [ RunTime:0.004303s ]
ERR: 无法加载模块:Public

[ 2017-06-14T14:02:20+08:00 ] ::1 /easy-city/Public/admin/images/default/icons_sprite.png
INFO: [ app_init ] --START--
INFO: Run Behavior\BuildLiteBehavior [ RunTime:0.000551s ]
INFO: [ app_init ] --END-- [ RunTime:0.003065s ]
ERR: 无法加载模块:Public

[ 2017-06-14T14:02:48+08:00 ] ::1 /easy-city/Public/admin/images/default/icons_sprite.png
INFO: [ app_init ] --START--
INFO: Run Behavior\BuildLiteBehavior [ RunTime:0.000276s ]
INFO: [ app_init ] --END-- [ RunTime:0.002176s ]
ERR: 无法加载模块:Public

[ 2017-06-14T14:03:56+08:00 ] ::1 /easy-city/Public/admin/images/default/icons_sprite.png
INFO: [ app_init ] --START--
INFO: Run Behavior\BuildLiteBehavior [ RunTime:0.000290s ]
INFO: [ app_init ] --END-- [ RunTime:0.002440s ]
ERR: 无法加载模块:Public

[ 2017-06-14T14:04:00+08:00 ] ::1 /easy-city/Public/admin/images/default/icons_sprite.png
INFO: [ app_init ] --START--
INFO: Run Behavior\BuildLiteBehavior [ RunTime:0.000276s ]
INFO: [ app_init ] --END-- [ RunTime:0.002302s ]
ERR: 无法加载模块:Public

[ 2017-06-14T14:04:03+08:00 ] ::1 /easy-city/Public/admin/images/default/icons_sprite.png
INFO: [ app_init ] --START--
INFO: Run Behavior\BuildLiteBehavior [ RunTime:0.000451s ]
INFO: [ app_init ] --END-- [ RunTime:0.003689s ]
ERR: 无法加载模块:Public

[ 2017-06-14T14:04:04+08:00 ] ::1 /easy-city/Public/admin/images/default/icons_sprite.png
INFO: [ app_init ] --START--
INFO: Run Behavior\BuildLiteBehavior [ RunTime:0.000408s ]
INFO: [ app_init ] --END-- [ RunTime:0.003382s ]
ERR: 无法加载模块:Public

[ 2017-06-14T14:04:10+08:00 ] ::1 /easy-city/Public/admin/images/default/icons_sprite.png
INFO: [ app_init ] --START--
INFO: Run Behavior\BuildLiteBehavior [ RunTime:0.000282s ]
INFO: [ app_init ] --END-- [ RunTime:0.002926s ]
ERR: 无法加载模块:Public

[ 2017-06-14T14:04:14+08:00 ] ::1 /easy-city/Public/admin/images/default/icons_sprite.png
INFO: [ app_init ] --START--
INFO: Run Behavior\BuildLiteBehavior [ RunTime:0.000274s ]
INFO: [ app_init ] --END-- [ RunTime:0.002408s ]
ERR: 无法加载模块:Public

[ 2017-06-14T14:04:19+08:00 ] ::1 /easy-city/Public/admin/images/default/icons_sprite.png
INFO: [ app_init ] --START--
INFO: Run Behavior\BuildLiteBehavior [ RunTime:0.000433s ]
INFO: [ app_init ] --END-- [ RunTime:0.003578s ]
ERR: 无法加载模块:Public

[ 2017-06-14T14:05:02+08:00 ] ::1 /easy-city/Public/admin/images/default/icons_sprite.png
INFO: [ app_init ] --START--
INFO: Run Behavior\BuildLiteBehavior [ RunTime:0.000282s ]
INFO: [ app_init ] --END-- [ RunTime:0.002436s ]
ERR: 无法加载模块:Public

[ 2017-06-14T14:05:40+08:00 ] ::1 /easy-city/Public/admin/images/default/icons_sprite.png
INFO: [ app_init ] --START--
INFO: Run Behavior\BuildLiteBehavior [ RunTime:0.000275s ]
INFO: [ app_init ] --END-- [ RunTime:0.002304s ]
ERR: 无法加载模块:Public

[ 2017-06-14T14:06:00+08:00 ] ::1 /easy-city/Public/admin/images/default/icons_sprite.png
INFO: [ app_init ] --START--
INFO: Run Behavior\BuildLiteBehavior [ RunTime:0.000438s ]
INFO: [ app_init ] --END-- [ RunTime:0.004643s ]
ERR: 无法加载模块:Public

[ 2017-06-14T14:06:04+08:00 ] ::1 /easy-city/Public/admin/images/default/icons_sprite.png
INFO: [ app_init ] --START--
INFO: Run Behavior\BuildLiteBehavior [ RunTime:0.000466s ]
INFO: [ app_init ] --END-- [ RunTime:0.003299s ]
ERR: 无法加载模块:Public

[ 2017-06-14T14:06:23+08:00 ] ::1 /easy-city/Public/admin/images/default/icons_sprite.png
INFO: [ app_init ] --START--
INFO: Run Behavior\BuildLiteBehavior [ RunTime:0.000499s ]
INFO: [ app_init ] --END-- [ RunTime:0.003700s ]
ERR: 无法加载模块:Public

[ 2017-06-14T14:06:26+08:00 ] ::1 /easy-city/Public/admin/images/default/icons_sprite.png
INFO: [ app_init ] --START--
INFO: Run Behavior\BuildLiteBehavior [ RunTime:0.000285s ]
INFO: [ app_init ] --END-- [ RunTime:0.002282s ]
ERR: 无法加载模块:Public

[ 2017-06-14T14:06:28+08:00 ] ::1 /easy-city/Public/admin/images/default/icons_sprite.png
INFO: [ app_init ] --START--
INFO: Run Behavior\BuildLiteBehavior [ RunTime:0.000357s ]
INFO: [ app_init ] --END-- [ RunTime:0.002889s ]
ERR: 无法加载模块:Public

[ 2017-06-14T14:06:32+08:00 ] ::1 /easy-city/Public/admin/images/default/icons_sprite.png
INFO: [ app_init ] --START--
INFO: Run Behavior\BuildLiteBehavior [ RunTime:0.000293s ]
INFO: [ app_init ] --END-- [ RunTime:0.002320s ]
ERR: 无法加载模块:Public

[ 2017-06-14T14:06:33+08:00 ] ::1 /easy-city/Public/admin/images/default/icons_sprite.png
INFO: [ app_init ] --START--
INFO: Run Behavior\BuildLiteBehavior [ RunTime:0.000345s ]
INFO: [ app_init ] --END-- [ RunTime:0.002279s ]
ERR: 无法加载模块:Public

[ 2017-06-14T14:06:46+08:00 ] ::1 /easy-city/Public/admin/images/default/icons_sprite.png
INFO: [ app_init ] --START--
INFO: Run Behavior\BuildLiteBehavior [ RunTime:0.000282s ]
INFO: [ app_init ] --END-- [ RunTime:0.002788s ]
ERR: 无法加载模块:Public

[ 2017-06-14T14:06:56+08:00 ] ::1 /easy-city/Public/admin/images/default/icons_sprite.png
INFO: [ app_init ] --START--
INFO: Run Behavior\BuildLiteBehavior [ RunTime:0.000420s ]
INFO: [ app_init ] --END-- [ RunTime:0.002414s ]
ERR: 无法加载模块:Public

[ 2017-06-14T14:06:59+08:00 ] ::1 /easy-city/Public/admin/images/default/icons_sprite.png
INFO: [ app_init ] --START--
INFO: Run Behavior\BuildLiteBehavior [ RunTime:0.000276s ]
INFO: [ app_init ] --END-- [ RunTime:0.002247s ]
ERR: 无法加载模块:Public

[ 2017-06-14T14:08:24+08:00 ] ::1 /easy-city/Public/admin/images/default/icons_sprite.png
INFO: [ app_init ] --START--
INFO: Run Behavior\BuildLiteBehavior [ RunTime:0.000406s ]
INFO: [ app_init ] --END-- [ RunTime:0.003164s ]
ERR: 无法加载模块:Public

[ 2017-06-14T14:08:27+08:00 ] ::1 /easy-city/Public/admin/images/default/icons_sprite.png
INFO: [ app_init ] --START--
INFO: Run Behavior\BuildLiteBehavior [ RunTime:0.000275s ]
INFO: [ app_init ] --END-- [ RunTime:0.002259s ]
ERR: 无法加载模块:Public

[ 2017-06-14T14:08:29+08:00 ] ::1 /easy-city/Public/admin/images/default/icons_sprite.png
INFO: [ app_init ] --START--
INFO: Run Behavior\BuildLiteBehavior [ RunTime:0.000275s ]
INFO: [ app_init ] --END-- [ RunTime:0.002252s ]
ERR: 无法加载模块:Public

[ 2017-06-14T14:08:34+08:00 ] ::1 /easy-city/Public/admin/images/default/icons_sprite.png
INFO: [ app_init ] --START--
INFO: Run Behavior\BuildLiteBehavior [ RunTime:0.000371s ]
INFO: [ app_init ] --END-- [ RunTime:0.002828s ]
ERR: 无法加载模块:Public

[ 2017-06-14T14:08:38+08:00 ] ::1 /easy-city/Public/admin/images/default/icons_sprite.png
INFO: [ app_init ] --START--
INFO: Run Behavior\BuildLiteBehavior [ RunTime:0.000276s ]
INFO: [ app_init ] --END-- [ RunTime:0.002321s ]
ERR: 无法加载模块:Public

[ 2017-06-14T14:08:45+08:00 ] ::1 /easy-city/Public/admin/images/default/icons_sprite.png
INFO: [ app_init ] --START--
INFO: Run Behavior\BuildLiteBehavior [ RunTime:0.000411s ]
INFO: [ app_init ] --END-- [ RunTime:0.003061s ]
ERR: 无法加载模块:Public

[ 2017-06-14T14:09:12+08:00 ] ::1 /easy-city/Public/admin/images/default/icons_sprite.png
INFO: [ app_init ] --START--
INFO: Run Behavior\BuildLiteBehavior [ RunTime:0.000279s ]
INFO: [ app_init ] --END-- [ RunTime:0.002888s ]
ERR: 无法加载模块:Public

[ 2017-06-14T14:09:15+08:00 ] ::1 /easy-city/Public/admin/images/default/icons_sprite.png
INFO: [ app_init ] --START--
INFO: Run Behavior\BuildLiteBehavior [ RunTime:0.000276s ]
INFO: [ app_init ] --END-- [ RunTime:0.002713s ]
ERR: 无法加载模块:Public

[ 2017-06-14T14:09:19+08:00 ] ::1 /easy-city/Public/admin/images/default/icons_sprite.png
INFO: [ app_init ] --START--
INFO: Run Behavior\BuildLiteBehavior [ RunTime:0.000571s ]
INFO: [ app_init ] --END-- [ RunTime:0.004299s ]
ERR: 无法加载模块:Public

[ 2017-06-14T14:09:21+08:00 ] ::1 /easy-city/Public/admin/images/default/icons_sprite.png
INFO: [ app_init ] --START--
INFO: Run Behavior\BuildLiteBehavior [ RunTime:0.000277s ]
INFO: [ app_init ] --END-- [ RunTime:0.002336s ]
ERR: 无法加载模块:Public

[ 2017-06-14T14:10:30+08:00 ] ::1 /easy-city/Public/admin/images/default/icons_sprite.png
INFO: [ app_init ] --START--
INFO: Run Behavior\BuildLiteBehavior [ RunTime:0.000541s ]
INFO: [ app_init ] --END-- [ RunTime:0.003288s ]
ERR: 无法加载模块:Public

[ 2017-06-14T14:10:35+08:00 ] ::1 /easy-city/Public/admin/images/default/icons_sprite.png
INFO: [ app_init ] --START--
INFO: Run Behavior\BuildLiteBehavior [ RunTime:0.000433s ]
INFO: [ app_init ] --END-- [ RunTime:0.003082s ]
ERR: 无法加载模块:Public

[ 2017-06-14T14:11:07+08:00 ] ::1 /easy-city/Public/admin/images/default/icons_sprite.png
INFO: [ app_init ] --START--
INFO: Run Behavior\BuildLiteBehavior [ RunTime:0.000392s ]
INFO: [ app_init ] --END-- [ RunTime:0.003270s ]
ERR: 无法加载模块:Public

[ 2017-06-14T14:11:28+08:00 ] ::1 /easy-city/Public/admin/images/default/icons_sprite.png
INFO: [ app_init ] --START--
INFO: Run Behavior\BuildLiteBehavior [ RunTime:0.000404s ]
INFO: [ app_init ] --END-- [ RunTime:0.003277s ]
ERR: 无法加载模块:Public

[ 2017-06-14T14:14:57+08:00 ] ::1 /easy-city/Public/admin/images/default/icons_sprite.png
INFO: [ app_init ] --START--
INFO: Run Behavior\BuildLiteBehavior [ RunTime:0.000272s ]
INFO: [ app_init ] --END-- [ RunTime:0.002157s ]
ERR: 无法加载模块:Public

[ 2017-06-14T14:15:09+08:00 ] ::1 /easy-city/Public/admin/images/default/icons_sprite.png
INFO: [ app_init ] --START--
INFO: Run Behavior\BuildLiteBehavior [ RunTime:0.000406s ]
INFO: [ app_init ] --END-- [ RunTime:0.003421s ]
ERR: 无法加载模块:Public

[ 2017-06-14T14:16:09+08:00 ] ::1 /easy-city/Public/admin/images/default/icons_sprite.png
INFO: [ app_init ] --START--
INFO: Run Behavior\BuildLiteBehavior [ RunTime:0.000433s ]
INFO: [ app_init ] --END-- [ RunTime:0.002442s ]
ERR: 无法加载模块:Public

[ 2017-06-14T14:16:21+08:00 ] ::1 /easy-city/Public/admin/images/default/icons_sprite.png
INFO: [ app_init ] --START--
INFO: Run Behavior\BuildLiteBehavior [ RunTime:0.000272s ]
INFO: [ app_init ] --END-- [ RunTime:0.002343s ]
ERR: 无法加载模块:Public

[ 2017-06-14T14:16:33+08:00 ] ::1 /easy-city/Public/admin/images/default/icons_sprite.png
INFO: [ app_init ] --START--
INFO: Run Behavior\BuildLiteBehavior [ RunTime:0.000404s ]
INFO: [ app_init ] --END-- [ RunTime:0.003245s ]
ERR: 无法加载模块:Public

[ 2017-06-14T14:17:31+08:00 ] ::1 /easy-city/Public/admin/images/default/icons_sprite.png
INFO: [ app_init ] --START--
INFO: Run Behavior\BuildLiteBehavior [ RunTime:0.000273s ]
INFO: [ app_init ] --END-- [ RunTime:0.002525s ]
ERR: 无法加载模块:Public

[ 2017-06-14T14:18:31+08:00 ] ::1 /easy-city/Public/admin/images/default/icons_sprite.png
INFO: [ app_init ] --START--
INFO: Run Behavior\BuildLiteBehavior [ RunTime:0.000288s ]
INFO: [ app_init ] --END-- [ RunTime:0.002316s ]
ERR: 无法加载模块:Public

[ 2017-06-14T14:18:41+08:00 ] ::1 /easy-city/Public/admin/images/default/icons_sprite.png
INFO: [ app_init ] --START--
INFO: Run Behavior\BuildLiteBehavior [ RunTime:0.000416s ]
INFO: [ app_init ] --END-- [ RunTime:0.002695s ]
ERR: 无法加载模块:Public

[ 2017-06-14T14:18:49+08:00 ] ::1 /easy-city/Public/admin/images/default/icons_sprite.png
INFO: [ app_init ] --START--
INFO: Run Behavior\BuildLiteBehavior [ RunTime:0.000294s ]
INFO: [ app_init ] --END-- [ RunTime:0.002205s ]
ERR: 无法加载模块:Public

[ 2017-06-14T14:19:17+08:00 ] ::1 /easy-city/Public/admin/images/default/icons_sprite.png
INFO: [ app_init ] --START--
INFO: Run Behavior\BuildLiteBehavior [ RunTime:0.000280s ]
INFO: [ app_init ] --END-- [ RunTime:0.002479s ]
ERR: 无法加载模块:Public

[ 2017-06-14T14:20:30+08:00 ] ::1 /easy-city/Public/admin/images/default/icons_sprite.png
INFO: [ app_init ] --START--
INFO: Run Behavior\BuildLiteBehavior [ RunTime:0.000288s ]
INFO: [ app_init ] --END-- [ RunTime:0.002167s ]
ERR: 无法加载模块:Public

[ 2017-06-14T14:20:35+08:00 ] ::1 /easy-city/Public/admin/images/default/icons_sprite.png
INFO: [ app_init ] --START--
INFO: Run Behavior\BuildLiteBehavior [ RunTime:0.000409s ]
INFO: [ app_init ] --END-- [ RunTime:0.003280s ]
ERR: 无法加载模块:Public

[ 2017-06-14T14:21:02+08:00 ] ::1 /easy-city/Public/admin/images/default/icons_sprite2.png
INFO: [ app_init ] --START--
INFO: Run Behavior\BuildLiteBehavior [ RunTime:0.000518s ]
INFO: [ app_init ] --END-- [ RunTime:0.005300s ]
ERR: 无法加载模块:Public

[ 2017-06-14T14:21:03+08:00 ] ::1 /easy-city/Public/admin/images/default/icons_sprite2.png
INFO: [ app_init ] --START--
INFO: Run Behavior\BuildLiteBehavior [ RunTime:0.000319s ]
INFO: [ app_init ] --END-- [ RunTime:0.002761s ]
ERR: 无法加载模块:Public

[ 2017-06-14T14:21:04+08:00 ] ::1 /easy-city/Public/admin/images/default/icons_sprite.png
INFO: [ app_init ] --START--
INFO: Run Behavior\BuildLiteBehavior [ RunTime:0.000413s ]
INFO: [ app_init ] --END-- [ RunTime:0.003295s ]
ERR: 无法加载模块:Public

[ 2017-06-14T14:21:13+08:00 ] ::1 /easy-city/Public/admin/images/default/icons_sprite.png
INFO: [ app_init ] --START--
INFO: Run Behavior\BuildLiteBehavior [ RunTime:0.000276s ]
INFO: [ app_init ] --END-- [ RunTime:0.002282s ]
ERR: 无法加载模块:Public

[ 2017-06-14T14:23:57+08:00 ] ::1 /easy-city/Public/admin/images/default/icons_sprite.png
INFO: [ app_init ] --START--
INFO: Run Behavior\BuildLiteBehavior [ RunTime:0.000287s ]
INFO: [ app_init ] --END-- [ RunTime:0.002189s ]
ERR: 无法加载模块:Public

[ 2017-06-14T14:24:23+08:00 ] ::1 /easy-city/Public/admin/images/default/icons_sprite.png
INFO: [ app_init ] --START--
INFO: Run Behavior\BuildLiteBehavior [ RunTime:0.000361s ]
INFO: [ app_init ] --END-- [ RunTime:0.002227s ]
ERR: 无法加载模块:Public

[ 2017-06-14T14:24:45+08:00 ] ::1 /easy-city/Public/admin/images/default/icons_sprite.png
INFO: [ app_init ] --START--
INFO: Run Behavior\BuildLiteBehavior [ RunTime:0.000283s ]
INFO: [ app_init ] --END-- [ RunTime:0.002159s ]
ERR: 无法加载模块:Public

[ 2017-06-14T14:24:51+08:00 ] ::1 /easy-city/Public/admin/images/default/icons_sprite.png
INFO: [ app_init ] --START--
INFO: Run Behavior\BuildLiteBehavior [ RunTime:0.000424s ]
INFO: [ app_init ] --END-- [ RunTime:0.004532s ]
ERR: 无法加载模块:Public

[ 2017-06-14T14:25:09+08:00 ] ::1 /easy-city/Public/admin/images/default/icons_sprite.png
INFO: [ app_init ] --START--
INFO: Run Behavior\BuildLiteBehavior [ RunTime:0.000355s ]
INFO: [ app_init ] --END-- [ RunTime:0.002653s ]
ERR: 无法加载模块:Public

[ 2017-06-14T14:25:11+08:00 ] ::1 /easy-city/Public/admin/images/default/icons_sprite.png
INFO: [ app_init ] --START--
INFO: Run Behavior\BuildLiteBehavior [ RunTime:0.000273s ]
INFO: [ app_init ] --END-- [ RunTime:0.002367s ]
ERR: 无法加载模块:Public

[ 2017-06-14T14:25:12+08:00 ] ::1 /easy-city/Public/admin/images/default/icons_sprite.png
INFO: [ app_init ] --START--
INFO: Run Behavior\BuildLiteBehavior [ RunTime:0.000279s ]
INFO: [ app_init ] --END-- [ RunTime:0.002426s ]
ERR: 无法加载模块:Public

[ 2017-06-14T14:25:14+08:00 ] ::1 /easy-city/Public/admin/images/default/icons_sprite.png
INFO: [ app_init ] --START--
INFO: Run Behavior\BuildLiteBehavior [ RunTime:0.000382s ]
INFO: [ app_init ] --END-- [ RunTime:0.003413s ]
ERR: 无法加载模块:Public

[ 2017-06-14T14:25:15+08:00 ] ::1 /easy-city/Public/admin/images/default/icons_sprite.png
INFO: [ app_init ] --START--
INFO: Run Behavior\BuildLiteBehavior [ RunTime:0.000301s ]
INFO: [ app_init ] --END-- [ RunTime:0.002756s ]
ERR: 无法加载模块:Public

[ 2017-06-14T14:25:15+08:00 ] ::1 /easy-city/Public/admin/images/default/icons_sprite.png
INFO: [ app_init ] --START--
INFO: Run Behavior\BuildLiteBehavior [ RunTime:0.000270s ]
INFO: [ app_init ] --END-- [ RunTime:0.002451s ]
ERR: 无法加载模块:Public

[ 2017-06-14T14:30:27+08:00 ] ::1 /easy-city/Public/admin/images/default/icons_sprite.png
INFO: [ app_init ] --START--
INFO: Run Behavior\BuildLiteBehavior [ RunTime:0.000238s ]
INFO: [ app_init ] --END-- [ RunTime:0.002032s ]
ERR: 无法加载模块:Public

[ 2017-06-14T14:30:31+08:00 ] ::1 /easy-city/Public/admin/images/default/icons_sprite.png
INFO: [ app_init ] --START--
INFO: Run Behavior\BuildLiteBehavior [ RunTime:0.000435s ]
INFO: [ app_init ] --END-- [ RunTime:0.003406s ]
ERR: 无法加载模块:Public

[ 2017-06-14T14:31:03+08:00 ] ::1 /easy-city/Public/admin/images/default/icons_sprite.png
INFO: [ app_init ] --START--
INFO: Run Behavior\BuildLiteBehavior [ RunTime:0.000274s ]
INFO: [ app_init ] --END-- [ RunTime:0.002266s ]
ERR: 无法加载模块:Public

[ 2017-06-14T14:32:58+08:00 ] ::1 /easy-city/Public/admin/images/default/icons_sprite.png
INFO: [ app_init ] --START--
INFO: Run Behavior\BuildLiteBehavior [ RunTime:0.000483s ]
INFO: [ app_init ] --END-- [ RunTime:0.004365s ]
ERR: 无法加载模块:Public

[ 2017-06-14T14:38:34+08:00 ] ::1 /easy-city/Public/admin/images/default/icons_sprite.png
INFO: [ app_init ] --START--
INFO: Run Behavior\BuildLiteBehavior [ RunTime:0.000334s ]
INFO: [ app_init ] --END-- [ RunTime:0.002505s ]
ERR: 无法加载模块:Public

[ 2017-06-14T14:38:57+08:00 ] ::1 /easy-city/Public/admin/images/default/icons_sprite.png
INFO: [ app_init ] --START--
INFO: Run Behavior\BuildLiteBehavior [ RunTime:0.000394s ]
INFO: [ app_init ] --END-- [ RunTime:0.003272s ]
ERR: 无法加载模块:Public

[ 2017-06-14T14:40:45+08:00 ] ::1 /easy-city/Public/admin/images/default/icons_sprite.png
INFO: [ app_init ] --START--
INFO: Run Behavior\BuildLiteBehavior [ RunTime:0.000405s ]
INFO: [ app_init ] --END-- [ RunTime:0.002719s ]
ERR: 无法加载模块:Public

[ 2017-06-14T14:41:32+08:00 ] ::1 /easy-city/Public/admin/images/default/icons_sprite.png
INFO: [ app_init ] --START--
INFO: Run Behavior\BuildLiteBehavior [ RunTime:0.000282s ]
INFO: [ app_init ] --END-- [ RunTime:0.003775s ]
ERR: 无法加载模块:Public

[ 2017-06-14T14:41:54+08:00 ] ::1 /easy-city/Public/admin/images/default/icons_sprite.png
INFO: [ app_init ] --START--
INFO: Run Behavior\BuildLiteBehavior [ RunTime:0.000397s ]
INFO: [ app_init ] --END-- [ RunTime:0.002420s ]
ERR: 无法加载模块:Public

[ 2017-06-14T14:43:07+08:00 ] ::1 /easy-city/Public/admin/images/default/icons_sprite.png
INFO: [ app_init ] --START--
INFO: Run Behavior\BuildLiteBehavior [ RunTime:0.000403s ]
INFO: [ app_init ] --END-- [ RunTime:0.002339s ]
ERR: 无法加载模块:Public

[ 2017-06-14T14:43:18+08:00 ] ::1 /easy-city/Public/admin/images/default/icons_sprite.png
INFO: [ app_init ] --START--
INFO: Run Behavior\BuildLiteBehavior [ RunTime:0.000392s ]
INFO: [ app_init ] --END-- [ RunTime:0.002374s ]
ERR: 无法加载模块:Public

[ 2017-06-14T14:43:37+08:00 ] ::1 /easy-city/Public/admin/images/default/icons_sprite.png
INFO: [ app_init ] --START--
INFO: Run Behavior\BuildLiteBehavior [ RunTime:0.000533s ]
INFO: [ app_init ] --END-- [ RunTime:0.003729s ]
ERR: 无法加载模块:Public

[ 2017-06-14T14:46:42+08:00 ] ::1 /easy-city/Public/admin/images/default/icons_sprite.png
INFO: [ app_init ] --START--
INFO: Run Behavior\BuildLiteBehavior [ RunTime:0.000275s ]
INFO: [ app_init ] --END-- [ RunTime:0.002586s ]
ERR: 无法加载模块:Public

[ 2017-06-14T15:04:49+08:00 ] ::1 /easy-city/Public/admin/images/default/icons_sprite.png
INFO: [ app_init ] --START--
INFO: Run Behavior\BuildLiteBehavior [ RunTime:0.000277s ]
INFO: [ app_init ] --END-- [ RunTime:0.002558s ]
ERR: 无法加载模块:Public

[ 2017-06-14T23:49:04+08:00 ] ::1 /easy-city/Public/admin/images/default/icons_sprite.png
INFO: [ app_init ] --START--
INFO: Run Behavior\BuildLiteBehavior [ RunTime:0.000265s ]
INFO: [ app_init ] --END-- [ RunTime:0.002419s ]
ERR: 无法加载模块:Public

[ 2017-06-14T23:49:06+08:00 ] ::1 /easy-city/Public/admin/images/default/icons_sprite.png
INFO: [ app_init ] --START--
INFO: Run Behavior\BuildLiteBehavior [ RunTime:0.000277s ]
INFO: [ app_init ] --END-- [ RunTime:0.002443s ]
ERR: 无法加载模块:Public

