[ 2017-06-20T10:20:15+08:00 ] ::1 /easy-city/src/js/app.js
INFO: [ app_init ] --START--
INFO: Run Behavior\BuildLiteBehavior [ RunTime:0.000237s ]
INFO: [ app_init ] --END-- [ RunTime:0.002026s ]
ERR: 无法加载模块:Src

[ 2017-06-20T10:20:18+08:00 ] ::1 /easy-city/src/js/app.js
INFO: [ app_init ] --START--
INFO: Run Behavior\BuildLiteBehavior [ RunTime:0.000606s ]
INFO: [ app_init ] --END-- [ RunTime:0.003859s ]
ERR: 无法加载模块:Src

[ 2017-06-20T10:20:52+08:00 ] ::1 /easy-city/src/less/summernote.less
INFO: [ app_init ] --START--
INFO: Run Behavior\BuildLiteBehavior [ RunTime:0.000390s ]
INFO: [ app_init ] --END-- [ RunTime:0.003000s ]
ERR: 无法加载模块:Src

[ 2017-06-20T10:20:52+08:00 ] ::1 /easy-city/src/js/app.js
INFO: [ app_init ] --START--
INFO: Run Behavior\BuildLiteBehavior [ RunTime:0.000955s ]
INFO: [ app_init ] --END-- [ RunTime:0.004836s ]
ERR: 无法加载模块:Src

[ 2017-06-20T10:20:55+08:00 ] ::1 /easy-city/src/less/summernote.less
INFO: [ app_init ] --START--
INFO: Run Behavior\BuildLiteBehavior [ RunTime:0.000233s ]
INFO: [ app_init ] --END-- [ RunTime:0.001885s ]
ERR: 无法加载模块:Src

[ 2017-06-20T10:20:55+08:00 ] ::1 /easy-city/src/js/app.js
INFO: [ app_init ] --START--
INFO: Run Behavior\BuildLiteBehavior [ RunTime:0.000642s ]
INFO: [ app_init ] --END-- [ RunTime:0.004438s ]
ERR: 无法加载模块:Src

[ 2017-06-20T10:21:10+08:00 ] ::1 /easy-city/src/less/summernote.less
INFO: [ app_init ] --START--
INFO: Run Behavior\BuildLiteBehavior [ RunTime:0.000306s ]
INFO: [ app_init ] --END-- [ RunTime:0.002096s ]
ERR: 无法加载模块:Src

[ 2017-06-20T10:21:10+08:00 ] ::1 /easy-city/src/js/app.js
INFO: [ app_init ] --START--
INFO: Run Behavior\BuildLiteBehavior [ RunTime:0.000273s ]
INFO: [ app_init ] --END-- [ RunTime:0.002303s ]
ERR: 无法加载模块:Src

[ 2017-06-20T10:21:11+08:00 ] ::1 /easy-city/src/less/summernote.less
INFO: [ app_init ] --START--
INFO: Run Behavior\BuildLiteBehavior [ RunTime:0.000234s ]
INFO: [ app_init ] --END-- [ RunTime:0.002004s ]
ERR: 无法加载模块:Src

[ 2017-06-20T10:21:11+08:00 ] ::1 /easy-city/src/js/app.js
INFO: [ app_init ] --START--
INFO: Run Behavior\BuildLiteBehavior [ RunTime:0.000260s ]
INFO: [ app_init ] --END-- [ RunTime:0.002119s ]
ERR: 无法加载模块:Src

[ 2017-06-20T10:22:41+08:00 ] ::1 /easy-city/src/js/app.js
INFO: [ app_init ] --START--
INFO: Run Behavior\BuildLiteBehavior [ RunTime:0.000267s ]
INFO: [ app_init ] --END-- [ RunTime:0.002614s ]
ERR: 无法加载模块:Src

[ 2017-06-20T10:22:44+08:00 ] ::1 /easy-city/src/js/app.js
INFO: [ app_init ] --START--
INFO: Run Behavior\BuildLiteBehavior [ RunTime:0.000471s ]
INFO: [ app_init ] --END-- [ RunTime:0.005597s ]
ERR: 无法加载模块:Src

[ 2017-06-20T10:22:46+08:00 ] ::1 /easy-city/src/js/app.js
INFO: [ app_init ] --START--
INFO: Run Behavior\BuildLiteBehavior [ RunTime:0.000290s ]
INFO: [ app_init ] --END-- [ RunTime:0.003374s ]
ERR: 无法加载模块:Src

[ 2017-06-20T10:23:56+08:00 ] ::1 /easy-city/src/js/app.js
INFO: [ app_init ] --START--
INFO: Run Behavior\BuildLiteBehavior [ RunTime:0.000415s ]
INFO: [ app_init ] --END-- [ RunTime:0.003245s ]
ERR: 无法加载模块:Src

[ 2017-06-20T10:23:59+08:00 ] ::1 /easy-city/src/js/app.js
INFO: [ app_init ] --START--
INFO: Run Behavior\BuildLiteBehavior [ RunTime:0.000440s ]
INFO: [ app_init ] --END-- [ RunTime:0.003524s ]
ERR: 无法加载模块:Src

[ 2017-06-20T10:25:28+08:00 ] ::1 /easy-city/src/js/app.js
INFO: [ app_init ] --START--
INFO: Run Behavior\BuildLiteBehavior [ RunTime:0.000955s ]
INFO: [ app_init ] --END-- [ RunTime:0.007127s ]
ERR: 无法加载模块:Src

[ 2017-06-20T10:28:19+08:00 ] ::1 /easy-city/src/js/app.js
INFO: [ app_init ] --START--
INFO: Run Behavior\BuildLiteBehavior [ RunTime:0.000271s ]
INFO: [ app_init ] --END-- [ RunTime:0.002414s ]
ERR: 无法加载模块:Src

[ 2017-06-20T10:56:05+08:00 ] ::1 /easy-city/Public/admin/images/default/icons_sprite.png
INFO: [ app_init ] --START--
INFO: Run Behavior\BuildLiteBehavior [ RunTime:0.000450s ]
INFO: [ app_init ] --END-- [ RunTime:0.003554s ]
ERR: 无法加载模块:Public

[ 2017-06-20T10:58:17+08:00 ] ::1 /easy-city/Public/admin/images/default/icons_sprite.png
INFO: [ app_init ] --START--
INFO: Run Behavior\BuildLiteBehavior [ RunTime:0.000513s ]
INFO: [ app_init ] --END-- [ RunTime:0.003212s ]
ERR: 无法加载模块:Public

[ 2017-06-20T11:02:01+08:00 ] ::1 /easy-city/Public/admin/images/default/icons_sprite2.png
INFO: [ app_init ] --START--
INFO: Run Behavior\BuildLiteBehavior [ RunTime:0.000731s ]
INFO: [ app_init ] --END-- [ RunTime:0.005580s ]
ERR: 无法加载模块:Public

[ 2017-06-20T11:02:01+08:00 ] ::1 /easy-city/Public/admin/images/default/icons_sprite.png
INFO: [ app_init ] --START--
INFO: Run Behavior\BuildLiteBehavior [ RunTime:0.000444s ]
INFO: [ app_init ] --END-- [ RunTime:0.005870s ]
ERR: 无法加载模块:Public

[ 2017-06-20T11:02:03+08:00 ] ::1 /easy-city/Public/admin/images/default/icons_sprite.png
INFO: [ app_init ] --START--
INFO: Run Behavior\BuildLiteBehavior [ RunTime:0.000441s ]
INFO: [ app_init ] --END-- [ RunTime:0.003249s ]
ERR: 无法加载模块:Public

[ 2017-06-20T11:17:01+08:00 ] 192.168.3.3 /easy-city/Public/admin/images/default/icons_sprite.png
INFO: [ app_init ] --START--
INFO: Run Behavior\BuildLiteBehavior [ RunTime:0.000232s ]
INFO: [ app_init ] --END-- [ RunTime:0.001939s ]
ERR: 无法加载模块:Public

[ 2017-06-20T11:17:04+08:00 ] 192.168.3.3 /easy-city/Public/admin/images/default/icons_sprite.png
INFO: [ app_init ] --START--
INFO: Run Behavior\BuildLiteBehavior [ RunTime:0.000232s ]
INFO: [ app_init ] --END-- [ RunTime:0.001823s ]
ERR: 无法加载模块:Public

[ 2017-06-20T11:17:07+08:00 ] 192.168.3.3 /easy-city/Public/admin/images/default/icons_sprite.png
INFO: [ app_init ] --START--
INFO: Run Behavior\BuildLiteBehavior [ RunTime:0.000446s ]
INFO: [ app_init ] --END-- [ RunTime:0.003577s ]
ERR: 无法加载模块:Public

[ 2017-06-20T11:17:10+08:00 ] 192.168.3.3 /easy-city/Public/admin/images/default/icons_sprite2.png
INFO: [ app_init ] --START--
INFO: Run Behavior\BuildLiteBehavior [ RunTime:0.000232s ]
INFO: [ app_init ] --END-- [ RunTime:0.001822s ]
ERR: 无法加载模块:Public

[ 2017-06-20T11:17:10+08:00 ] 192.168.3.3 /easy-city/Public/admin/images/default/icons_sprite.png
INFO: [ app_init ] --START--
INFO: Run Behavior\BuildLiteBehavior [ RunTime:0.000474s ]
INFO: [ app_init ] --END-- [ RunTime:0.003407s ]
ERR: 无法加载模块:Public

[ 2017-06-20T11:17:13+08:00 ] 192.168.3.3 /easy-city/Public/admin/images/default/icons_sprite.png
INFO: [ app_init ] --START--
INFO: Run Behavior\BuildLiteBehavior [ RunTime:0.000233s ]
INFO: [ app_init ] --END-- [ RunTime:0.001835s ]
ERR: 无法加载模块:Public

[ 2017-06-20T11:18:23+08:00 ] 192.168.3.3 /easy-city/Public/admin/images/default/icons_sprite.png
INFO: [ app_init ] --START--
INFO: Run Behavior\BuildLiteBehavior [ RunTime:0.000237s ]
INFO: [ app_init ] --END-- [ RunTime:0.001899s ]
ERR: 无法加载模块:Public

[ 2017-06-20T11:19:29+08:00 ] 192.168.3.3 /easy-city/Public/admin/images/default/icons_sprite2.png
INFO: [ app_init ] --START--
INFO: Run Behavior\BuildLiteBehavior [ RunTime:0.000268s ]
INFO: [ app_init ] --END-- [ RunTime:0.002310s ]
ERR: 无法加载模块:Public

[ 2017-06-20T11:19:30+08:00 ] 192.168.3.3 /easy-city/Public/admin/images/default/icons_sprite.png
INFO: [ app_init ] --START--
INFO: Run Behavior\BuildLiteBehavior [ RunTime:0.000232s ]
INFO: [ app_init ] --END-- [ RunTime:0.001970s ]
ERR: 无法加载模块:Public

[ 2017-06-20T11:19:35+08:00 ] 192.168.3.3 /easy-city/Public/admin/images/default/icons_sprite.png
INFO: [ app_init ] --START--
INFO: Run Behavior\BuildLiteBehavior [ RunTime:0.000270s ]
INFO: [ app_init ] --END-- [ RunTime:0.002152s ]
ERR: 无法加载模块:Public

[ 2017-06-20T11:20:00+08:00 ] ::1 /easy-city/Public/admin/images/default/icons_sprite.png
INFO: [ app_init ] --START--
INFO: Run Behavior\BuildLiteBehavior [ RunTime:0.000449s ]
INFO: [ app_init ] --END-- [ RunTime:0.005245s ]
ERR: 无法加载模块:Public

[ 2017-06-20T11:25:29+08:00 ] 192.168.3.3 /easy-city/Public/admin/images/default/icons_sprite2.png
INFO: [ app_init ] --START--
INFO: Run Behavior\BuildLiteBehavior [ RunTime:0.000278s ]
INFO: [ app_init ] --END-- [ RunTime:0.002421s ]
ERR: 无法加载模块:Public

[ 2017-06-20T11:25:30+08:00 ] 192.168.3.3 /easy-city/Public/admin/images/default/icons_sprite.png
INFO: [ app_init ] --START--
INFO: Run Behavior\BuildLiteBehavior [ RunTime:0.000310s ]
INFO: [ app_init ] --END-- [ RunTime:0.001975s ]
ERR: 无法加载模块:Public

[ 2017-06-20T11:25:32+08:00 ] 192.168.3.3 /easy-city/Public/admin/images/default/icons_sprite.png
INFO: [ app_init ] --START--
INFO: Run Behavior\BuildLiteBehavior [ RunTime:0.000454s ]
INFO: [ app_init ] --END-- [ RunTime:0.003641s ]
ERR: 无法加载模块:Public

[ 2017-06-20T11:26:12+08:00 ] 192.168.3.3 /easy-city/Public/admin/images/default/icons_sprite.png
INFO: [ app_init ] --START--
INFO: Run Behavior\BuildLiteBehavior [ RunTime:0.000234s ]
INFO: [ app_init ] --END-- [ RunTime:0.001980s ]
ERR: 无法加载模块:Public

[ 2017-06-20T11:26:19+08:00 ] 192.168.3.3 /easy-city/Public/admin/images/default/icons_sprite.png
INFO: [ app_init ] --START--
INFO: Run Behavior\BuildLiteBehavior [ RunTime:0.000236s ]
INFO: [ app_init ] --END-- [ RunTime:0.001909s ]
ERR: 无法加载模块:Public

[ 2017-06-20T11:28:22+08:00 ] 192.168.3.3 /easy-city/Public/admin/images/default/icons_sprite.png
INFO: [ app_init ] --START--
INFO: Run Behavior\BuildLiteBehavior [ RunTime:0.000243s ]
INFO: [ app_init ] --END-- [ RunTime:0.002658s ]
ERR: 无法加载模块:Public

[ 2017-06-20T11:28:53+08:00 ] ::1 /easy-city/Public/admin/images/default/icons_sprite2.png
INFO: [ app_init ] --START--
INFO: Run Behavior\BuildLiteBehavior [ RunTime:0.000298s ]
INFO: [ app_init ] --END-- [ RunTime:0.002536s ]
ERR: 无法加载模块:Public

[ 2017-06-20T11:28:54+08:00 ] ::1 /easy-city/Public/admin/images/default/icons_sprite.png
INFO: [ app_init ] --START--
INFO: Run Behavior\BuildLiteBehavior [ RunTime:0.000441s ]
INFO: [ app_init ] --END-- [ RunTime:0.004022s ]
ERR: 无法加载模块:Public

[ 2017-06-20T11:28:56+08:00 ] ::1 /easy-city/Public/admin/images/default/icons_sprite.png
INFO: [ app_init ] --START--
INFO: Run Behavior\BuildLiteBehavior [ RunTime:0.000609s ]
INFO: [ app_init ] --END-- [ RunTime:0.003753s ]
ERR: 无法加载模块:Public

[ 2017-06-20T11:29:00+08:00 ] ::1 /easy-city/Public/admin/images/default/icons_sprite.png
INFO: [ app_init ] --START--
INFO: Run Behavior\BuildLiteBehavior [ RunTime:0.000269s ]
INFO: [ app_init ] --END-- [ RunTime:0.002228s ]
ERR: 无法加载模块:Public

