[ 2017-06-15T10:10:57+08:00 ] ::1 /easy-city/Public/admin/images/default/icons_sprite2.png
INFO: [ app_init ] --START--
INFO: Run Behavior\BuildLiteBehavior [ RunTime:0.002447s ]
INFO: [ app_init ] --END-- [ RunTime:0.006694s ]
ERR: 无法加载模块:Public

[ 2017-06-15T10:10:57+08:00 ] ::1 /easy-city/Public/admin/images/default/icons_sprite.png
INFO: [ app_init ] --START--
INFO: Run Behavior\BuildLiteBehavior [ RunTime:0.000359s ]
INFO: [ app_init ] --END-- [ RunTime:0.002367s ]
ERR: 无法加载模块:Public

[ 2017-06-15T10:10:59+08:00 ] ::1 /easy-city/Public/admin/images/default/icons_sprite2.png
INFO: [ app_init ] --START--
INFO: Run Behavior\BuildLiteBehavior [ RunTime:0.000703s ]
INFO: [ app_init ] --END-- [ RunTime:0.004398s ]
ERR: 无法加载模块:Public

[ 2017-06-15T10:10:59+08:00 ] ::1 /easy-city/Public/admin/images/default/icons_sprite.png
INFO: [ app_init ] --START--
INFO: Run Behavior\BuildLiteBehavior [ RunTime:0.000303s ]
INFO: [ app_init ] --END-- [ RunTime:0.002797s ]
ERR: 无法加载模块:Public

[ 2017-06-15T10:11:10+08:00 ] ::1 /easy-city/Public/admin/images/default/icons_sprite2.png
INFO: [ app_init ] --START--
INFO: Run Behavior\BuildLiteBehavior [ RunTime:0.000594s ]
INFO: [ app_init ] --END-- [ RunTime:0.004036s ]
ERR: 无法加载模块:Public

[ 2017-06-15T10:11:10+08:00 ] ::1 /easy-city/Public/admin/images/default/icons_sprite.png
INFO: [ app_init ] --START--
INFO: Run Behavior\BuildLiteBehavior [ RunTime:0.000272s ]
INFO: [ app_init ] --END-- [ RunTime:0.002475s ]
ERR: 无法加载模块:Public

[ 2017-06-15T10:11:30+08:00 ] ::1 /easy-city/Public/admin/images/default/icons_sprite.png
INFO: [ app_init ] --START--
INFO: Run Behavior\BuildLiteBehavior [ RunTime:0.000457s ]
INFO: [ app_init ] --END-- [ RunTime:0.003996s ]
ERR: 无法加载模块:Public

[ 2017-06-15T10:11:56+08:00 ] ::1 /easy-city/Public/admin/images/default/icons_sprite2.png
INFO: [ app_init ] --START--
INFO: Run Behavior\BuildLiteBehavior [ RunTime:0.000810s ]
INFO: [ app_init ] --END-- [ RunTime:0.005993s ]
ERR: 无法加载模块:Public

[ 2017-06-15T10:11:56+08:00 ] ::1 /easy-city/Public/admin/images/default/icons_sprite.png
INFO: [ app_init ] --START--
INFO: Run Behavior\BuildLiteBehavior [ RunTime:0.000277s ]
INFO: [ app_init ] --END-- [ RunTime:0.002372s ]
ERR: 无法加载模块:Public

[ 2017-06-15T10:11:59+08:00 ] ::1 /easy-city/Public/admin/images/default/icons_sprite.png
INFO: [ app_init ] --START--
INFO: Run Behavior\BuildLiteBehavior [ RunTime:0.000268s ]
INFO: [ app_init ] --END-- [ RunTime:0.003010s ]
ERR: 无法加载模块:Public

[ 2017-06-15T10:17:50+08:00 ] ::1 /easy-city/Public/admin/images/default/icons_sprite.png
INFO: [ app_init ] --START--
INFO: Run Behavior\BuildLiteBehavior [ RunTime:0.000348s ]
INFO: [ app_init ] --END-- [ RunTime:0.003290s ]
ERR: 无法加载模块:Public

[ 2017-06-15T11:03:44+08:00 ] ::1 /easy-city/Public/admin/images/default/icons_sprite.png
INFO: [ app_init ] --START--
INFO: Run Behavior\BuildLiteBehavior [ RunTime:0.000281s ]
INFO: [ app_init ] --END-- [ RunTime:0.004443s ]
ERR: 无法加载模块:Public

[ 2017-06-15T11:04:21+08:00 ] ::1 /easy-city/Public/admin/images/default/icons_sprite.png
INFO: [ app_init ] --START--
INFO: Run Behavior\BuildLiteBehavior [ RunTime:0.000287s ]
INFO: [ app_init ] --END-- [ RunTime:0.002914s ]
ERR: 无法加载模块:Public

[ 2017-06-15T11:04:24+08:00 ] ::1 /easy-city/Public/admin/images/default/icons_sprite.png
INFO: [ app_init ] --START--
INFO: Run Behavior\BuildLiteBehavior [ RunTime:0.000272s ]
INFO: [ app_init ] --END-- [ RunTime:0.002326s ]
ERR: 无法加载模块:Public

[ 2017-06-15T11:04:37+08:00 ] ::1 /easy-city/Public/admin/images/default/icons_sprite.png
INFO: [ app_init ] --START--
INFO: Run Behavior\BuildLiteBehavior [ RunTime:0.000275s ]
INFO: [ app_init ] --END-- [ RunTime:0.003087s ]
ERR: 无法加载模块:Public

[ 2017-06-15T11:07:08+08:00 ] ::1 /easy-city/Public/admin/images/default/icons_sprite.png
INFO: [ app_init ] --START--
INFO: Run Behavior\BuildLiteBehavior [ RunTime:0.002132s ]
INFO: [ app_init ] --END-- [ RunTime:0.006398s ]
ERR: 无法加载模块:Public

[ 2017-06-15T11:07:31+08:00 ] ::1 /easy-city/Public/admin/images/default/icons_sprite.png
INFO: [ app_init ] --START--
INFO: Run Behavior\BuildLiteBehavior [ RunTime:0.000488s ]
INFO: [ app_init ] --END-- [ RunTime:0.005771s ]
ERR: 无法加载模块:Public

[ 2017-06-15T11:08:03+08:00 ] ::1 /easy-city/Public/admin/images/default/icons_sprite.png
INFO: [ app_init ] --START--
INFO: Run Behavior\BuildLiteBehavior [ RunTime:0.000276s ]
INFO: [ app_init ] --END-- [ RunTime:0.002453s ]
ERR: 无法加载模块:Public

[ 2017-06-15T11:12:47+08:00 ] 192.168.3.3 /easy-city/Public/admin/fonts/fontawesome-webfont.woff-v=4.4.0
INFO: [ app_init ] --START--
INFO: Run Behavior\BuildLiteBehavior [ RunTime:0.000428s ]
INFO: [ app_init ] --END-- [ RunTime:0.003477s ]
ERR: 无法加载模块:Public

[ 2017-06-15T11:12:47+08:00 ] 192.168.3.3 /easy-city/Public/admin/fonts/fontawesome-webfont.ttf-v=4.4.0
INFO: [ app_init ] --START--
INFO: Run Behavior\BuildLiteBehavior [ RunTime:0.000703s ]
INFO: [ app_init ] --END-- [ RunTime:0.006052s ]
ERR: 无法加载模块:Public

[ 2017-06-15T11:12:47+08:00 ] 192.168.3.3 /easy-city/Public/admin/fonts/fontawesome-webfont.svg-v=4.4.0
INFO: [ app_init ] --START--
INFO: Run Behavior\BuildLiteBehavior [ RunTime:0.000235s ]
INFO: [ app_init ] --END-- [ RunTime:0.002058s ]
ERR: 无法加载模块:Public

[ 2017-06-15T11:13:21+08:00 ] 192.168.3.3 /easy-city/Public/admin/images/default/icons_sprite.png
INFO: [ app_init ] --START--
INFO: Run Behavior\BuildLiteBehavior [ RunTime:0.000236s ]
INFO: [ app_init ] --END-- [ RunTime:0.001965s ]
ERR: 无法加载模块:Public

[ 2017-06-15T11:13:25+08:00 ] 192.168.3.3 /easy-city/Public/admin/images/default/icons_sprite.png
INFO: [ app_init ] --START--
INFO: Run Behavior\BuildLiteBehavior [ RunTime:0.000236s ]
INFO: [ app_init ] --END-- [ RunTime:0.002041s ]
ERR: 无法加载模块:Public

[ 2017-06-15T11:13:32+08:00 ] 192.168.3.3 /easy-city/Public/admin/images/default/icons_sprite.png
INFO: [ app_init ] --START--
INFO: Run Behavior\BuildLiteBehavior [ RunTime:0.000423s ]
INFO: [ app_init ] --END-- [ RunTime:0.003289s ]
ERR: 无法加载模块:Public

[ 2017-06-15T11:13:59+08:00 ] 192.168.3.3 /easy-city/Public/admin/images/default/icons_sprite.png
INFO: [ app_init ] --START--
INFO: Run Behavior\BuildLiteBehavior [ RunTime:0.000237s ]
INFO: [ app_init ] --END-- [ RunTime:0.002066s ]
ERR: 无法加载模块:Public

[ 2017-06-15T11:43:57+08:00 ] ::1 /easy-city/Public/admin/images/default/icons_sprite.png
INFO: [ app_init ] --START--
INFO: Run Behavior\BuildLiteBehavior [ RunTime:0.000407s ]
INFO: [ app_init ] --END-- [ RunTime:0.003751s ]
ERR: 无法加载模块:Public

[ 2017-06-15T11:45:04+08:00 ] ::1 /easy-city/Public/admin/images/default/icons_sprite.png
INFO: [ app_init ] --START--
INFO: Run Behavior\BuildLiteBehavior [ RunTime:0.000276s ]
INFO: [ app_init ] --END-- [ RunTime:0.002259s ]
ERR: 无法加载模块:Public

[ 2017-06-15T11:46:48+08:00 ] ::1 /easy-city/Public/admin/images/default/icons_sprite.png
INFO: [ app_init ] --START--
INFO: Run Behavior\BuildLiteBehavior [ RunTime:0.000401s ]
INFO: [ app_init ] --END-- [ RunTime:0.005015s ]
ERR: 无法加载模块:Public

[ 2017-06-15T11:47:24+08:00 ] ::1 /easy-city/Public/admin/images/default/icons_sprite.png
INFO: [ app_init ] --START--
INFO: Run Behavior\BuildLiteBehavior [ RunTime:0.000278s ]
INFO: [ app_init ] --END-- [ RunTime:0.002276s ]
ERR: 无法加载模块:Public

[ 2017-06-15T11:47:44+08:00 ] ::1 /easy-city/Public/admin/images/default/icons_sprite.png
INFO: [ app_init ] --START--
INFO: Run Behavior\BuildLiteBehavior [ RunTime:0.000283s ]
INFO: [ app_init ] --END-- [ RunTime:0.003698s ]
ERR: 无法加载模块:Public

