[ 2017-06-16T09:53:18+08:00 ] ::1 /easy-city/Public/admin/js/timepicker/jquery-ui-timepicker-zh-CN.js
INFO: [ app_init ] --START--
INFO: Run Behavior\BuildLiteBehavior [ RunTime:0.000575s ]
INFO: [ app_init ] --END-- [ RunTime:0.004525s ]
ERR: 无法加载模块:Public

[ 2017-06-16T09:53:18+08:00 ] ::1 /easy-city/Public/admin/js/timepicker/jquery-ui-timepicker-addon.js
INFO: [ app_init ] --START--
INFO: Run Behavior\BuildLiteBehavior [ RunTime:0.000627s ]
INFO: [ app_init ] --END-- [ RunTime:0.003851s ]
ERR: 无法加载模块:Public

[ 2017-06-16T09:53:18+08:00 ] ::1 /easy-city/Public/admin/js/timepicker/jquery.ui.datepicker-zh-CN.js.js
INFO: [ app_init ] --START--
INFO: Run Behavior\BuildLiteBehavior [ RunTime:0.000512s ]
INFO: [ app_init ] --END-- [ RunTime:0.006366s ]
ERR: 无法加载模块:Public

[ 2017-06-16T09:53:18+08:00 ] ::1 /easy-city/Public/admin/css/timepicker/demos.css
INFO: [ app_init ] --START--
INFO: Run Behavior\BuildLiteBehavior [ RunTime:0.000527s ]
INFO: [ app_init ] --END-- [ RunTime:0.004461s ]
ERR: 无法加载模块:Public

[ 2017-06-16T09:53:18+08:00 ] ::1 /easy-city/Public/admin/js/timepicker/jquery.ui.datepicker-zh-CN.js.js
INFO: [ app_init ] --START--
INFO: Run Behavior\BuildLiteBehavior [ RunTime:0.000282s ]
INFO: [ app_init ] --END-- [ RunTime:0.002327s ]
ERR: 无法加载模块:Public

[ 2017-06-16T09:53:18+08:00 ] ::1 /easy-city/Public/admin/js/timepicker/jquery-ui-timepicker-zh-CN.js
INFO: [ app_init ] --START--
INFO: Run Behavior\BuildLiteBehavior [ RunTime:0.000404s ]
INFO: [ app_init ] --END-- [ RunTime:0.002550s ]
ERR: 无法加载模块:Public

[ 2017-06-16T09:54:02+08:00 ] ::1 /easy-city/Public/admin/css/timepicker/jquery-ui-timepicker-addon.css
INFO: [ app_init ] --START--
INFO: Run Behavior\BuildLiteBehavior [ RunTime:0.000454s ]
INFO: [ app_init ] --END-- [ RunTime:0.003415s ]
ERR: 无法加载模块:Public

[ 2017-06-16T09:54:24+08:00 ] ::1 /easy-city/Public/admin/js/timepicker/jquery-ui-timepicker-zh-CN.js
INFO: [ app_init ] --START--
INFO: Run Behavior\BuildLiteBehavior [ RunTime:0.000306s ]
INFO: [ app_init ] --END-- [ RunTime:0.003107s ]
ERR: 无法加载模块:Public

[ 2017-06-16T09:55:26+08:00 ] ::1 /easy-city/Public/admin/js/plugins/jquery-ui-timepicker-addon.js
INFO: [ app_init ] --START--
INFO: Run Behavior\BuildLiteBehavior [ RunTime:0.000634s ]
INFO: [ app_init ] --END-- [ RunTime:0.004771s ]
ERR: 无法加载模块:Public

[ 2017-06-16T09:55:47+08:00 ] ::1 /easy-city/Public/admin/images/default/icons_sprite.png
INFO: [ app_init ] --START--
INFO: Run Behavior\BuildLiteBehavior [ RunTime:0.000282s ]
INFO: [ app_init ] --END-- [ RunTime:0.002436s ]
ERR: 无法加载模块:Public

[ 2017-06-16T09:59:12+08:00 ] ::1 /easy-city/Public/admin/js/plugins/jquery-ui-timepicker-addon.js
INFO: [ app_init ] --START--
INFO: Run Behavior\BuildLiteBehavior [ RunTime:0.000440s ]
INFO: [ app_init ] --END-- [ RunTime:0.003689s ]
ERR: 无法加载模块:Public

[ 2017-06-16T10:01:03+08:00 ] ::1 /easy-city/Public/admin/js/plugins/jquery-ui-timepicker-addon.js
INFO: [ app_init ] --START--
INFO: Run Behavior\BuildLiteBehavior [ RunTime:0.000555s ]
INFO: [ app_init ] --END-- [ RunTime:0.004078s ]
ERR: 无法加载模块:Public

[ 2017-06-16T10:01:24+08:00 ] ::1 /easy-city/Public/admin/images/default/icons_sprite.png
INFO: [ app_init ] --START--
INFO: Run Behavior\BuildLiteBehavior [ RunTime:0.000235s ]
INFO: [ app_init ] --END-- [ RunTime:0.001934s ]
ERR: 无法加载模块:Public

[ 2017-06-16T10:05:02+08:00 ] ::1 /easy-city/Public/admin/js/plugins/jquery-ui-timepicker-addon.js
INFO: [ app_init ] --START--
INFO: Run Behavior\BuildLiteBehavior [ RunTime:0.000417s ]
INFO: [ app_init ] --END-- [ RunTime:0.003626s ]
ERR: 无法加载模块:Public

[ 2017-06-16T10:05:41+08:00 ] ::1 /easy-city/Public/admin/js/plugins/jquery-ui-timepicker-zh-CN.js
INFO: [ app_init ] --START--
INFO: Run Behavior\BuildLiteBehavior [ RunTime:0.000278s ]
INFO: [ app_init ] --END-- [ RunTime:0.002224s ]
ERR: 无法加载模块:Public

[ 2017-06-16T10:05:41+08:00 ] ::1 /easy-city/Public/admin/js/plugins/jquery-ui-timepicker-addon.js
INFO: [ app_init ] --START--
INFO: Run Behavior\BuildLiteBehavior [ RunTime:0.000277s ]
INFO: [ app_init ] --END-- [ RunTime:0.002265s ]
ERR: 无法加载模块:Public

[ 2017-06-16T10:05:42+08:00 ] ::1 /easy-city/Public/admin/js/plugins/jquery-ui-timepicker-addon.js
INFO: [ app_init ] --START--
INFO: Run Behavior\BuildLiteBehavior [ RunTime:0.000267s ]
INFO: [ app_init ] --END-- [ RunTime:0.002203s ]
ERR: 无法加载模块:Public

[ 2017-06-16T10:05:42+08:00 ] ::1 /easy-city/Public/admin/js/plugins/jquery-ui-timepicker-zh-CN.js
INFO: [ app_init ] --START--
INFO: Run Behavior\BuildLiteBehavior [ RunTime:0.000479s ]
INFO: [ app_init ] --END-- [ RunTime:0.003624s ]
ERR: 无法加载模块:Public

[ 2017-06-16T10:12:32+08:00 ] ::1 /easy-city/Public/admin/js/plugins/jquery-ui-timepicker-zh-CN.js
INFO: [ app_init ] --START--
INFO: Run Behavior\BuildLiteBehavior [ RunTime:0.000345s ]
INFO: [ app_init ] --END-- [ RunTime:0.002462s ]
ERR: 无法加载模块:Public

[ 2017-06-16T10:12:32+08:00 ] ::1 /easy-city/Public/admin/js/plugins/jquery-ui-timepicker-addon.js
INFO: [ app_init ] --START--
INFO: Run Behavior\BuildLiteBehavior [ RunTime:0.000442s ]
INFO: [ app_init ] --END-- [ RunTime:0.003565s ]
ERR: 无法加载模块:Public

[ 2017-06-16T10:12:32+08:00 ] ::1 /easy-city/Public/admin/js/plugins/jquery-ui-timepicker-zh-CN.js
INFO: [ app_init ] --START--
INFO: Run Behavior\BuildLiteBehavior [ RunTime:0.000420s ]
INFO: [ app_init ] --END-- [ RunTime:0.003194s ]
ERR: 无法加载模块:Public

[ 2017-06-16T10:14:56+08:00 ] ::1 /easy-city/Public/admin/js/plugins/jquery-ui-timepicker-addon.js
INFO: [ app_init ] --START--
INFO: Run Behavior\BuildLiteBehavior [ RunTime:0.000948s ]
INFO: [ app_init ] --END-- [ RunTime:0.004418s ]
ERR: 无法加载模块:Public

[ 2017-06-16T10:14:56+08:00 ] ::1 /easy-city/Public/admin/js/plugins/jquery-ui-timepicker-zh-CN.js
INFO: [ app_init ] --START--
INFO: Run Behavior\BuildLiteBehavior [ RunTime:0.000460s ]
INFO: [ app_init ] --END-- [ RunTime:0.003760s ]
ERR: 无法加载模块:Public

[ 2017-06-16T10:15:47+08:00 ] ::1 /easy-city/Public/admin/js/plugins/jquery-ui-timepicker-addon.js
INFO: [ app_init ] --START--
INFO: Run Behavior\BuildLiteBehavior [ RunTime:0.000476s ]
INFO: [ app_init ] --END-- [ RunTime:0.003737s ]
ERR: 无法加载模块:Public

[ 2017-06-16T10:15:47+08:00 ] ::1 /easy-city/Public/admin/js/plugins/jquery-ui-timepicker-zh-CN.js
INFO: [ app_init ] --START--
INFO: Run Behavior\BuildLiteBehavior [ RunTime:0.000499s ]
INFO: [ app_init ] --END-- [ RunTime:0.004810s ]
ERR: 无法加载模块:Public

[ 2017-06-16T10:15:48+08:00 ] ::1 /easy-city/Public/admin/images/default/icons_sprite.png
INFO: [ app_init ] --START--
INFO: Run Behavior\BuildLiteBehavior [ RunTime:0.000445s ]
INFO: [ app_init ] --END-- [ RunTime:0.003665s ]
ERR: 无法加载模块:Public

[ 2017-06-16T10:16:10+08:00 ] ::1 /easy-city/Public/admin/js/plugins/jquery-ui-timepicker-zh-CN.js
INFO: [ app_init ] --START--
INFO: Run Behavior\BuildLiteBehavior [ RunTime:0.000268s ]
INFO: [ app_init ] --END-- [ RunTime:0.002271s ]
ERR: 无法加载模块:Public

[ 2017-06-16T10:16:10+08:00 ] ::1 /easy-city/Public/admin/js/plugins/jquery-ui-timepicker-addon.js
INFO: [ app_init ] --START--
INFO: Run Behavior\BuildLiteBehavior [ RunTime:0.000417s ]
INFO: [ app_init ] --END-- [ RunTime:0.003340s ]
ERR: 无法加载模块:Public

[ 2017-06-16T10:16:10+08:00 ] ::1 /easy-city/Public/admin/js/plugins/jquery-ui-timepicker-zh-CN.js
INFO: [ app_init ] --START--
INFO: Run Behavior\BuildLiteBehavior [ RunTime:0.000342s ]
INFO: [ app_init ] --END-- [ RunTime:0.003424s ]
ERR: 无法加载模块:Public

[ 2017-06-16T10:16:10+08:00 ] ::1 /easy-city/Public/admin/images/default/icons_sprite.png
INFO: [ app_init ] --START--
INFO: Run Behavior\BuildLiteBehavior [ RunTime:0.000467s ]
INFO: [ app_init ] --END-- [ RunTime:0.003207s ]
ERR: 无法加载模块:Public

[ 2017-06-16T10:16:41+08:00 ] ::1 /easy-city/Public/admin/js/plugins/jquery-ui-timepicker-zh-CN.js
INFO: [ app_init ] --START--
INFO: Run Behavior\BuildLiteBehavior [ RunTime:0.000416s ]
INFO: [ app_init ] --END-- [ RunTime:0.003653s ]
ERR: 无法加载模块:Public

[ 2017-06-16T10:16:41+08:00 ] ::1 /easy-city/Public/admin/js/plugins/jquery-ui-timepicker-addon.js
INFO: [ app_init ] --START--
INFO: Run Behavior\BuildLiteBehavior [ RunTime:0.000565s ]
INFO: [ app_init ] --END-- [ RunTime:0.006712s ]
ERR: 无法加载模块:Public

[ 2017-06-16T10:16:41+08:00 ] ::1 /easy-city/Public/admin/js/plugins/jquery-ui-timepicker-addon.js
INFO: [ app_init ] --START--
INFO: Run Behavior\BuildLiteBehavior [ RunTime:0.000274s ]
INFO: [ app_init ] --END-- [ RunTime:0.002172s ]
ERR: 无法加载模块:Public

[ 2017-06-16T10:16:41+08:00 ] ::1 /easy-city/Public/admin/js/plugins/jquery-ui-timepicker-zh-CN.js
INFO: [ app_init ] --START--
INFO: Run Behavior\BuildLiteBehavior [ RunTime:0.000337s ]
INFO: [ app_init ] --END-- [ RunTime:0.002087s ]
ERR: 无法加载模块:Public

[ 2017-06-16T10:16:50+08:00 ] ::1 /easy-city/Public/admin/images/default/icons_sprite.png
INFO: [ app_init ] --START--
INFO: Run Behavior\BuildLiteBehavior [ RunTime:0.000322s ]
INFO: [ app_init ] --END-- [ RunTime:0.002994s ]
ERR: 无法加载模块:Public

[ 2017-06-16T10:16:54+08:00 ] ::1 /easy-city/Public/admin/js/plugins/jquery-ui-timepicker-addon.js
INFO: [ app_init ] --START--
INFO: Run Behavior\BuildLiteBehavior [ RunTime:0.000597s ]
INFO: [ app_init ] --END-- [ RunTime:0.008143s ]
ERR: 无法加载模块:Public

[ 2017-06-16T10:16:54+08:00 ] ::1 /easy-city/Public/admin/js/plugins/jquery-ui-timepicker-zh-CN.js
INFO: [ app_init ] --START--
INFO: Run Behavior\BuildLiteBehavior [ RunTime:0.000430s ]
INFO: [ app_init ] --END-- [ RunTime:0.004950s ]
ERR: 无法加载模块:Public

[ 2017-06-16T10:16:54+08:00 ] ::1 /easy-city/Public/admin/js/plugins/jquery-ui-timepicker-addon.js
INFO: [ app_init ] --START--
INFO: Run Behavior\BuildLiteBehavior [ RunTime:0.000265s ]
INFO: [ app_init ] --END-- [ RunTime:0.002214s ]
ERR: 无法加载模块:Public

[ 2017-06-16T10:16:54+08:00 ] ::1 /easy-city/Public/admin/js/plugins/jquery-ui-timepicker-zh-CN.js
INFO: [ app_init ] --START--
INFO: Run Behavior\BuildLiteBehavior [ RunTime:0.000368s ]
INFO: [ app_init ] --END-- [ RunTime:0.003083s ]
ERR: 无法加载模块:Public

[ 2017-06-16T10:16:54+08:00 ] ::1 /easy-city/Public/admin/images/default/icons_sprite.png
INFO: [ app_init ] --START--
INFO: Run Behavior\BuildLiteBehavior [ RunTime:0.000439s ]
INFO: [ app_init ] --END-- [ RunTime:0.003266s ]
ERR: 无法加载模块:Public

[ 2017-06-16T10:18:27+08:00 ] ::1 /easy-city/Public/admin/js/plugins/jquery-ui-timepicker-zh-CN.js
INFO: [ app_init ] --START--
INFO: Run Behavior\BuildLiteBehavior [ RunTime:0.000441s ]
INFO: [ app_init ] --END-- [ RunTime:0.003512s ]
ERR: 无法加载模块:Public

[ 2017-06-16T10:18:27+08:00 ] ::1 /easy-city/Public/admin/js/plugins/jquery-ui-timepicker-addon.js
INFO: [ app_init ] --START--
INFO: Run Behavior\BuildLiteBehavior [ RunTime:0.000404s ]
INFO: [ app_init ] --END-- [ RunTime:0.003332s ]
ERR: 无法加载模块:Public

[ 2017-06-16T10:18:27+08:00 ] ::1 /easy-city/Public/admin/js/plugins/jquery-ui-timepicker-zh-CN.js
INFO: [ app_init ] --START--
INFO: Run Behavior\BuildLiteBehavior [ RunTime:0.000381s ]
INFO: [ app_init ] --END-- [ RunTime:0.002761s ]
ERR: 无法加载模块:Public

[ 2017-06-16T10:18:28+08:00 ] ::1 /easy-city/Public/admin/images/default/icons_sprite.png
INFO: [ app_init ] --START--
INFO: Run Behavior\BuildLiteBehavior [ RunTime:0.000274s ]
INFO: [ app_init ] --END-- [ RunTime:0.003279s ]
ERR: 无法加载模块:Public

[ 2017-06-16T10:19:19+08:00 ] ::1 /easy-city/Public/admin/js/plugins/jquery-ui-timepicker-addon.js
INFO: [ app_init ] --START--
INFO: Run Behavior\BuildLiteBehavior [ RunTime:0.000465s ]
INFO: [ app_init ] --END-- [ RunTime:0.006586s ]
ERR: 无法加载模块:Public

[ 2017-06-16T10:19:19+08:00 ] ::1 /easy-city/Public/admin/js/plugins/jquery-ui-timepicker-zh-CN.js
INFO: [ app_init ] --START--
INFO: Run Behavior\BuildLiteBehavior [ RunTime:0.000486s ]
INFO: [ app_init ] --END-- [ RunTime:0.004117s ]
ERR: 无法加载模块:Public

[ 2017-06-16T10:19:20+08:00 ] ::1 /easy-city/Public/admin/images/default/icons_sprite.png
INFO: [ app_init ] --START--
INFO: Run Behavior\BuildLiteBehavior [ RunTime:0.000447s ]
INFO: [ app_init ] --END-- [ RunTime:0.004453s ]
ERR: 无法加载模块:Public

[ 2017-06-16T10:20:06+08:00 ] ::1 /easy-city/Public/admin/js/plugins/jquery-ui-timepicker-addon.js
INFO: [ app_init ] --START--
INFO: Run Behavior\BuildLiteBehavior [ RunTime:0.000322s ]
INFO: [ app_init ] --END-- [ RunTime:0.002341s ]
ERR: 无法加载模块:Public

[ 2017-06-16T10:20:35+08:00 ] ::1 /easy-city/Public/admin/images/default/icons_sprite.png
INFO: [ app_init ] --START--
INFO: Run Behavior\BuildLiteBehavior [ RunTime:0.000546s ]
INFO: [ app_init ] --END-- [ RunTime:0.004104s ]
ERR: 无法加载模块:Public

[ 2017-06-16T10:20:38+08:00 ] ::1 /easy-city/Public/admin/images/default/icons_sprite.png
INFO: [ app_init ] --START--
INFO: Run Behavior\BuildLiteBehavior [ RunTime:0.000488s ]
INFO: [ app_init ] --END-- [ RunTime:0.003848s ]
ERR: 无法加载模块:Public

[ 2017-06-16T10:21:15+08:00 ] ::1 /easy-city/Public/admin/images/default/icons_sprite.png
INFO: [ app_init ] --START--
INFO: Run Behavior\BuildLiteBehavior [ RunTime:0.000275s ]
INFO: [ app_init ] --END-- [ RunTime:0.002275s ]
ERR: 无法加载模块:Public

[ 2017-06-16T10:22:37+08:00 ] ::1 /easy-city/Public/admin/images/default/icons_sprite.png
INFO: [ app_init ] --START--
INFO: Run Behavior\BuildLiteBehavior [ RunTime:0.000605s ]
INFO: [ app_init ] --END-- [ RunTime:0.004193s ]
ERR: 无法加载模块:Public

[ 2017-06-16T10:28:37+08:00 ] 192.168.3.3 /easy-city/Public/admin/images/default/icons_sprite.png
INFO: [ app_init ] --START--
INFO: Run Behavior\BuildLiteBehavior [ RunTime:0.000339s ]
INFO: [ app_init ] --END-- [ RunTime:0.002046s ]
ERR: 无法加载模块:Public

[ 2017-06-16T10:28:37+08:00 ] 192.168.3.3 /easy-city/Public/admin/fonts/fontawesome-webfont.woff-v=4.4.0
INFO: [ app_init ] --START--
INFO: Run Behavior\BuildLiteBehavior [ RunTime:0.000275s ]
INFO: [ app_init ] --END-- [ RunTime:0.002327s ]
ERR: 无法加载模块:Public

[ 2017-06-16T10:28:37+08:00 ] 192.168.3.3 /easy-city/Public/admin/fonts/fontawesome-webfont.ttf-v=4.4.0
INFO: [ app_init ] --START--
INFO: Run Behavior\BuildLiteBehavior [ RunTime:0.000269s ]
INFO: [ app_init ] --END-- [ RunTime:0.002171s ]
ERR: 无法加载模块:Public

[ 2017-06-16T10:28:38+08:00 ] 192.168.3.3 /easy-city/Public/admin/fonts/fontawesome-webfont.svg-v=4.4.0
INFO: [ app_init ] --START--
INFO: Run Behavior\BuildLiteBehavior [ RunTime:0.000400s ]
INFO: [ app_init ] --END-- [ RunTime:0.002711s ]
ERR: 无法加载模块:Public

[ 2017-06-16T10:56:12+08:00 ] 192.168.3.3 /easy-city/Public/admin/images/default/icons_sprite.png
INFO: [ app_init ] --START--
INFO: Run Behavior\BuildLiteBehavior [ RunTime:0.000428s ]
INFO: [ app_init ] --END-- [ RunTime:0.003484s ]
ERR: 无法加载模块:Public

[ 2017-06-16T10:57:09+08:00 ] 192.168.3.3 /easy-city/Public/admin/images/default/icons_sprite.png
INFO: [ app_init ] --START--
INFO: Run Behavior\BuildLiteBehavior [ RunTime:0.000236s ]
INFO: [ app_init ] --END-- [ RunTime:0.002339s ]
ERR: 无法加载模块:Public

[ 2017-06-16T10:57:14+08:00 ] 192.168.3.3 /easy-city/Public/admin/images/default/icons_sprite2.png
INFO: [ app_init ] --START--
INFO: Run Behavior\BuildLiteBehavior [ RunTime:0.000288s ]
INFO: [ app_init ] --END-- [ RunTime:0.002985s ]
ERR: 无法加载模块:Public

[ 2017-06-16T10:57:50+08:00 ] 192.168.3.3 /easy-city/Public/admin/images/default/icons_sprite.png
INFO: [ app_init ] --START--
INFO: Run Behavior\BuildLiteBehavior [ RunTime:0.000251s ]
INFO: [ app_init ] --END-- [ RunTime:0.002046s ]
ERR: 无法加载模块:Public

[ 2017-06-16T10:57:54+08:00 ] 192.168.3.3 /easy-city/Public/admin/images/default/icons_sprite.png
INFO: [ app_init ] --START--
INFO: Run Behavior\BuildLiteBehavior [ RunTime:0.000242s ]
INFO: [ app_init ] --END-- [ RunTime:0.002001s ]
ERR: 无法加载模块:Public

[ 2017-06-16T10:57:58+08:00 ] 192.168.3.3 /easy-city/Public/admin/images/default/icons_sprite.png
INFO: [ app_init ] --START--
INFO: Run Behavior\BuildLiteBehavior [ RunTime:0.000269s ]
INFO: [ app_init ] --END-- [ RunTime:0.002338s ]
ERR: 无法加载模块:Public

[ 2017-06-16T10:58:11+08:00 ] 192.168.3.3 /easy-city/Public/admin/images/default/icons_sprite.png
INFO: [ app_init ] --START--
INFO: Run Behavior\BuildLiteBehavior [ RunTime:0.000235s ]
INFO: [ app_init ] --END-- [ RunTime:0.001992s ]
ERR: 无法加载模块:Public

[ 2017-06-16T11:20:10+08:00 ] 192.168.3.3 /easy-city/Public/admin/images/default/icons_sprite.png
INFO: [ app_init ] --START--
INFO: Run Behavior\BuildLiteBehavior [ RunTime:0.000476s ]
INFO: [ app_init ] --END-- [ RunTime:0.003341s ]
ERR: 无法加载模块:Public

[ 2017-06-16T11:20:13+08:00 ] 192.168.3.3 /easy-city/Public/admin/images/default/icons_sprite.png
INFO: [ app_init ] --START--
INFO: Run Behavior\BuildLiteBehavior [ RunTime:0.000305s ]
INFO: [ app_init ] --END-- [ RunTime:0.002010s ]
ERR: 无法加载模块:Public

