[ 2017-07-17T17:09:02+08:00 ] ::1 /easy-city/admin.php
INFO: [ app_init ] --START--
INFO: Run Behavior\BuildLiteBehavior [ RunTime:0.000247s ]
INFO: [ app_init ] --END-- [ RunTime:0.002026s ]
INFO: [ app_begin ] --START--
INFO: Run Behavior\ReadHtmlCacheBehavior [ RunTime:0.001760s ]
INFO: [ app_begin ] --END-- [ RunTime:0.003227s ]
SQL: SHOW COLUMNS FROM `adela_consumption` [ RunTime:0.0047s ]
SQL: SELECT SUM(amount) AS tp_sum FROM `adela_consumption` WHERE ( consTime BETWEEN '2017-07-17 00:00:00' AND '2017-07-17 23:59:59' ) LIMIT 1   [ RunTime:0.0008s ]
SQL: SELECT SUM(amount) AS tp_sum FROM `adela_consumption` WHERE ( consTime BETWEEN '2017-07-01' AND '2017-07-31' ) LIMIT 1   [ RunTime:0.0006s ]
INFO: [ view_parse ] --START--
INFO: [ template_filter ] --START--
INFO: Run Behavior\ContentReplaceBehavior [ RunTime:0.000636s ]
INFO: [ template_filter ] --END-- [ RunTime:0.001991s ]
INFO: Run Behavior\ParseTemplateBehavior [ RunTime:0.163343s ]
INFO: [ view_parse ] --END-- [ RunTime:0.164763s ]
INFO: [ view_filter ] --START--
INFO: Run Behavior\WriteHtmlCacheBehavior [ RunTime:0.001383s ]
INFO: [ view_filter ] --END-- [ RunTime:0.002731s ]
INFO: [ app_end ] --START--
INFO: Run Behavior\ShowPageTraceBehavior [ RunTime:0.001691s ]
INFO: [ app_end ] --END-- [ RunTime:0.003529s ]

[ 2017-07-17T17:09:06+08:00 ] ::1 /easy-city/index.php/Admin/Option/index.html
INFO: [ app_init ] --START--
INFO: Run Behavior\BuildLiteBehavior [ RunTime:0.000259s ]
INFO: [ app_init ] --END-- [ RunTime:0.002278s ]
INFO: [ app_begin ] --START--
INFO: Run Behavior\ReadHtmlCacheBehavior [ RunTime:0.001598s ]
INFO: [ app_begin ] --END-- [ RunTime:0.003021s ]
SQL: SHOW COLUMNS FROM `adela_consumption` [ RunTime:0.0046s ]
SQL: SELECT SUM(amount) AS tp_sum FROM `adela_consumption` WHERE ( consTime BETWEEN '2017-07-17 00:00:00' AND '2017-07-17 23:59:59' ) LIMIT 1   [ RunTime:0.0007s ]
SQL: SELECT SUM(amount) AS tp_sum FROM `adela_consumption` WHERE ( consTime BETWEEN '2017-07-01' AND '2017-07-31' ) LIMIT 1   [ RunTime:0.0006s ]
SQL: SHOW COLUMNS FROM `adela_option` [ RunTime:0.0050s ]
SQL: SELECT * FROM `adela_option` WHERE ( optionType="give" )  [ RunTime:0.0007s ]
INFO: [ view_parse ] --START--
INFO: [ template_filter ] --START--
INFO: Run Behavior\ContentReplaceBehavior [ RunTime:0.000624s ]
INFO: [ template_filter ] --END-- [ RunTime:0.002051s ]
INFO: Run Behavior\ParseTemplateBehavior [ RunTime:0.095875s ]
INFO: [ view_parse ] --END-- [ RunTime:0.097349s ]
INFO: [ view_filter ] --START--
INFO: Run Behavior\WriteHtmlCacheBehavior [ RunTime:0.001843s ]
INFO: [ view_filter ] --END-- [ RunTime:0.003324s ]
INFO: [ app_end ] --START--
INFO: Run Behavior\ShowPageTraceBehavior [ RunTime:0.001632s ]
INFO: [ app_end ] --END-- [ RunTime:0.003505s ]

[ 2017-07-17T17:09:08+08:00 ] ::1 /easy-city/index.php/Admin/Machine/index.html
INFO: [ app_init ] --START--
INFO: Run Behavior\BuildLiteBehavior [ RunTime:0.000234s ]
INFO: [ app_init ] --END-- [ RunTime:0.002030s ]
INFO: [ app_begin ] --START--
INFO: Run Behavior\ReadHtmlCacheBehavior [ RunTime:0.001353s ]
INFO: [ app_begin ] --END-- [ RunTime:0.002653s ]
SQL: SHOW COLUMNS FROM `adela_consumption` [ RunTime:0.0054s ]
SQL: SELECT SUM(amount) AS tp_sum FROM `adela_consumption` WHERE ( consTime BETWEEN '2017-07-17 00:00:00' AND '2017-07-17 23:59:59' ) LIMIT 1   [ RunTime:0.0007s ]
SQL: SELECT SUM(amount) AS tp_sum FROM `adela_consumption` WHERE ( consTime BETWEEN '2017-07-01' AND '2017-07-31' ) LIMIT 1   [ RunTime:0.0006s ]
SQL: SHOW COLUMNS FROM `adela_device` [ RunTime:0.0043s ]
NOTIC: [8] Undefined variable: where E:\xampp\htdocs\easy-city\Apps\Admin\Controller\MachineController.class.php 第 39 行.
SQL: SELECT COUNT(*) AS tp_count FROM `adela_device` LIMIT 1   [ RunTime:0.0006s ]
NOTIC: [8] Undefined variable: where E:\xampp\htdocs\easy-city\Apps\Admin\Controller\MachineController.class.php 第 58 行.
SQL: SELECT * FROM `adela_device` ORDER BY deviceId DESC LIMIT 0,5   [ RunTime:0.0007s ]
INFO: [ view_parse ] --START--
INFO: [ template_filter ] --START--
INFO: Run Behavior\ContentReplaceBehavior [ RunTime:0.000632s ]
INFO: [ template_filter ] --END-- [ RunTime:0.001983s ]
INFO: Run Behavior\ParseTemplateBehavior [ RunTime:0.116058s ]
INFO: [ view_parse ] --END-- [ RunTime:0.117473s ]
INFO: [ view_filter ] --START--
INFO: Run Behavior\WriteHtmlCacheBehavior [ RunTime:0.001409s ]
INFO: [ view_filter ] --END-- [ RunTime:0.002806s ]
INFO: [ app_end ] --START--
INFO: Run Behavior\ShowPageTraceBehavior [ RunTime:0.002650s ]
INFO: [ app_end ] --END-- [ RunTime:0.004264s ]

[ 2017-07-17T17:09:09+08:00 ] ::1 /easy-city/index.php/Admin/User/index.html
INFO: [ app_init ] --START--
INFO: Run Behavior\BuildLiteBehavior [ RunTime:0.000286s ]
INFO: [ app_init ] --END-- [ RunTime:0.001993s ]
INFO: [ app_begin ] --START--
INFO: Run Behavior\ReadHtmlCacheBehavior [ RunTime:0.001330s ]
INFO: [ app_begin ] --END-- [ RunTime:0.002698s ]
SQL: SHOW COLUMNS FROM `adela_consumption` [ RunTime:0.0050s ]
SQL: SELECT SUM(amount) AS tp_sum FROM `adela_consumption` WHERE ( consTime BETWEEN '2017-07-17 00:00:00' AND '2017-07-17 23:59:59' ) LIMIT 1   [ RunTime:0.0006s ]
SQL: SELECT SUM(amount) AS tp_sum FROM `adela_consumption` WHERE ( consTime BETWEEN '2017-07-01' AND '2017-07-31' ) LIMIT 1   [ RunTime:0.0006s ]
SQL: SHOW COLUMNS FROM `adela_user` [ RunTime:0.0045s ]
NOTIC: [8] Undefined variable: where E:\xampp\htdocs\easy-city\Apps\Admin\Controller\UserController.class.php 第 39 行.
SQL: SELECT COUNT(*) AS tp_count FROM `adela_user` LIMIT 1   [ RunTime:0.0006s ]
NOTIC: [8] Undefined variable: where E:\xampp\htdocs\easy-city\Apps\Admin\Controller\UserController.class.php 第 58 行.
SQL: SELECT * FROM `adela_user` ORDER BY userId DESC LIMIT 0,10   [ RunTime:0.0006s ]
INFO: [ view_parse ] --START--
INFO: [ template_filter ] --START--
INFO: Run Behavior\ContentReplaceBehavior [ RunTime:0.000609s ]
INFO: [ template_filter ] --END-- [ RunTime:0.002164s ]
INFO: Run Behavior\ParseTemplateBehavior [ RunTime:0.110344s ]
INFO: [ view_parse ] --END-- [ RunTime:0.111714s ]
INFO: [ view_filter ] --START--
INFO: Run Behavior\WriteHtmlCacheBehavior [ RunTime:0.001847s ]
INFO: [ view_filter ] --END-- [ RunTime:0.003377s ]
INFO: [ app_end ] --START--
INFO: Run Behavior\ShowPageTraceBehavior [ RunTime:0.001633s ]
INFO: [ app_end ] --END-- [ RunTime:0.003320s ]

[ 2017-07-17T17:09:11+08:00 ] ::1 /easy-city/index.php/Admin/News/index.html
INFO: [ app_init ] --START--
INFO: Run Behavior\BuildLiteBehavior [ RunTime:0.000487s ]
INFO: [ app_init ] --END-- [ RunTime:0.003100s ]
INFO: [ app_begin ] --START--
INFO: Run Behavior\ReadHtmlCacheBehavior [ RunTime:0.001767s ]
INFO: [ app_begin ] --END-- [ RunTime:0.003360s ]
SQL: SHOW COLUMNS FROM `adela_consumption` [ RunTime:0.0050s ]
SQL: SELECT SUM(amount) AS tp_sum FROM `adela_consumption` WHERE ( consTime BETWEEN '2017-07-17 00:00:00' AND '2017-07-17 23:59:59' ) LIMIT 1   [ RunTime:0.0007s ]
SQL: SELECT SUM(amount) AS tp_sum FROM `adela_consumption` WHERE ( consTime BETWEEN '2017-07-01' AND '2017-07-31' ) LIMIT 1   [ RunTime:0.0006s ]
SQL: SHOW COLUMNS FROM `adela_article` [ RunTime:0.0044s ]
NOTIC: [8] Undefined variable: where E:\xampp\htdocs\easy-city\Apps\Admin\Controller\NewsController.class.php 第 39 行.
SQL: SELECT COUNT(*) AS tp_count FROM `adela_article` LIMIT 1   [ RunTime:0.0006s ]
NOTIC: [8] Undefined variable: where E:\xampp\htdocs\easy-city\Apps\Admin\Controller\NewsController.class.php 第 58 行.
SQL: SELECT * FROM `adela_article` ORDER BY articleId DESC LIMIT 0,5   [ RunTime:0.0007s ]
INFO: [ view_parse ] --START--
INFO: [ template_filter ] --START--
INFO: Run Behavior\ContentReplaceBehavior [ RunTime:0.000667s ]
INFO: [ template_filter ] --END-- [ RunTime:0.002072s ]
INFO: Run Behavior\ParseTemplateBehavior [ RunTime:0.115041s ]
INFO: [ view_parse ] --END-- [ RunTime:0.116444s ]
INFO: [ view_filter ] --START--
INFO: Run Behavior\WriteHtmlCacheBehavior [ RunTime:0.001480s ]
INFO: [ view_filter ] --END-- [ RunTime:0.002794s ]
INFO: [ app_end ] --START--
INFO: Run Behavior\ShowPageTraceBehavior [ RunTime:0.002498s ]
INFO: [ app_end ] --END-- [ RunTime:0.004797s ]

[ 2017-07-17T17:09:18+08:00 ] ::1 /easy-city/index.php/Admin/Index/index.html
INFO: [ app_init ] --START--
INFO: Run Behavior\BuildLiteBehavior [ RunTime:0.000261s ]
INFO: [ app_init ] --END-- [ RunTime:0.002341s ]
INFO: [ app_begin ] --START--
INFO: Run Behavior\ReadHtmlCacheBehavior [ RunTime:0.001351s ]
INFO: [ app_begin ] --END-- [ RunTime:0.002743s ]
SQL: SHOW COLUMNS FROM `adela_consumption` [ RunTime:0.0049s ]
SQL: SELECT SUM(amount) AS tp_sum FROM `adela_consumption` WHERE ( consTime BETWEEN '2017-07-17 00:00:00' AND '2017-07-17 23:59:59' ) LIMIT 1   [ RunTime:0.0006s ]
SQL: SELECT SUM(amount) AS tp_sum FROM `adela_consumption` WHERE ( consTime BETWEEN '2017-07-01' AND '2017-07-31' ) LIMIT 1   [ RunTime:0.0006s ]
INFO: [ view_parse ] --START--
INFO: [ template_filter ] --START--
INFO: Run Behavior\ContentReplaceBehavior [ RunTime:0.000658s ]
INFO: [ template_filter ] --END-- [ RunTime:0.002132s ]
INFO: Run Behavior\ParseTemplateBehavior [ RunTime:0.073796s ]
INFO: [ view_parse ] --END-- [ RunTime:0.075213s ]
INFO: [ view_filter ] --START--
INFO: Run Behavior\WriteHtmlCacheBehavior [ RunTime:0.001436s ]
INFO: [ view_filter ] --END-- [ RunTime:0.002796s ]
INFO: [ app_end ] --START--
INFO: Run Behavior\ShowPageTraceBehavior [ RunTime:0.001739s ]
INFO: [ app_end ] --END-- [ RunTime:0.003487s ]

[ 2017-07-17T17:09:19+08:00 ] ::1 /easy-city/index.php/Admin/Option/index.html
INFO: [ app_init ] --START--
INFO: Run Behavior\BuildLiteBehavior [ RunTime:0.000249s ]
INFO: [ app_init ] --END-- [ RunTime:0.002402s ]
INFO: [ app_begin ] --START--
INFO: Run Behavior\ReadHtmlCacheBehavior [ RunTime:0.001410s ]
INFO: [ app_begin ] --END-- [ RunTime:0.002791s ]
SQL: SHOW COLUMNS FROM `adela_consumption` [ RunTime:0.0045s ]
SQL: SELECT SUM(amount) AS tp_sum FROM `adela_consumption` WHERE ( consTime BETWEEN '2017-07-17 00:00:00' AND '2017-07-17 23:59:59' ) LIMIT 1   [ RunTime:0.0006s ]
SQL: SELECT SUM(amount) AS tp_sum FROM `adela_consumption` WHERE ( consTime BETWEEN '2017-07-01' AND '2017-07-31' ) LIMIT 1   [ RunTime:0.0006s ]
SQL: SHOW COLUMNS FROM `adela_option` [ RunTime:0.0052s ]
SQL: SELECT * FROM `adela_option` WHERE ( optionType="give" )  [ RunTime:0.0007s ]
INFO: [ view_parse ] --START--
INFO: [ template_filter ] --START--
INFO: Run Behavior\ContentReplaceBehavior [ RunTime:0.000621s ]
INFO: [ template_filter ] --END-- [ RunTime:0.002088s ]
INFO: Run Behavior\ParseTemplateBehavior [ RunTime:0.077835s ]
INFO: [ view_parse ] --END-- [ RunTime:0.079671s ]
INFO: [ view_filter ] --START--
INFO: Run Behavior\WriteHtmlCacheBehavior [ RunTime:0.001839s ]
INFO: [ view_filter ] --END-- [ RunTime:0.003623s ]
INFO: [ app_end ] --START--
INFO: Run Behavior\ShowPageTraceBehavior [ RunTime:0.001889s ]
INFO: [ app_end ] --END-- [ RunTime:0.003635s ]

[ 2017-07-17T17:09:20+08:00 ] ::1 /easy-city/index.php/Admin/Machine/index.html
INFO: [ app_init ] --START--
INFO: Run Behavior\BuildLiteBehavior [ RunTime:0.000363s ]
INFO: [ app_init ] --END-- [ RunTime:0.002425s ]
INFO: [ app_begin ] --START--
INFO: Run Behavior\ReadHtmlCacheBehavior [ RunTime:0.002331s ]
INFO: [ app_begin ] --END-- [ RunTime:0.003752s ]
SQL: SHOW COLUMNS FROM `adela_consumption` [ RunTime:0.0048s ]
SQL: SELECT SUM(amount) AS tp_sum FROM `adela_consumption` WHERE ( consTime BETWEEN '2017-07-17 00:00:00' AND '2017-07-17 23:59:59' ) LIMIT 1   [ RunTime:0.0006s ]
SQL: SELECT SUM(amount) AS tp_sum FROM `adela_consumption` WHERE ( consTime BETWEEN '2017-07-01' AND '2017-07-31' ) LIMIT 1   [ RunTime:0.0006s ]
SQL: SHOW COLUMNS FROM `adela_device` [ RunTime:0.0043s ]
NOTIC: [8] Undefined variable: where E:\xampp\htdocs\easy-city\Apps\Admin\Controller\MachineController.class.php 第 39 行.
SQL: SELECT COUNT(*) AS tp_count FROM `adela_device` LIMIT 1   [ RunTime:0.0006s ]
NOTIC: [8] Undefined variable: where E:\xampp\htdocs\easy-city\Apps\Admin\Controller\MachineController.class.php 第 58 行.
SQL: SELECT * FROM `adela_device` ORDER BY deviceId DESC LIMIT 0,5   [ RunTime:0.0006s ]
INFO: [ view_parse ] --START--
INFO: [ template_filter ] --START--
INFO: Run Behavior\ContentReplaceBehavior [ RunTime:0.000723s ]
INFO: [ template_filter ] --END-- [ RunTime:0.002147s ]
INFO: Run Behavior\ParseTemplateBehavior [ RunTime:0.100960s ]
INFO: [ view_parse ] --END-- [ RunTime:0.102338s ]
INFO: [ view_filter ] --START--
INFO: Run Behavior\WriteHtmlCacheBehavior [ RunTime:0.001731s ]
INFO: [ view_filter ] --END-- [ RunTime:0.003078s ]
INFO: [ app_end ] --START--
INFO: Run Behavior\ShowPageTraceBehavior [ RunTime:0.002126s ]
INFO: [ app_end ] --END-- [ RunTime:0.004391s ]

[ 2017-07-17T17:09:21+08:00 ] ::1 /easy-city/index.php/Admin/User/index.html
INFO: [ app_init ] --START--
INFO: Run Behavior\BuildLiteBehavior [ RunTime:0.000247s ]
INFO: [ app_init ] --END-- [ RunTime:0.002079s ]
INFO: [ app_begin ] --START--
INFO: Run Behavior\ReadHtmlCacheBehavior [ RunTime:0.001357s ]
INFO: [ app_begin ] --END-- [ RunTime:0.002744s ]
SQL: SHOW COLUMNS FROM `adela_consumption` [ RunTime:0.0045s ]
SQL: SELECT SUM(amount) AS tp_sum FROM `adela_consumption` WHERE ( consTime BETWEEN '2017-07-17 00:00:00' AND '2017-07-17 23:59:59' ) LIMIT 1   [ RunTime:0.0006s ]
SQL: SELECT SUM(amount) AS tp_sum FROM `adela_consumption` WHERE ( consTime BETWEEN '2017-07-01' AND '2017-07-31' ) LIMIT 1   [ RunTime:0.0006s ]
SQL: SHOW COLUMNS FROM `adela_user` [ RunTime:0.0046s ]
NOTIC: [8] Undefined variable: where E:\xampp\htdocs\easy-city\Apps\Admin\Controller\UserController.class.php 第 39 行.
SQL: SELECT COUNT(*) AS tp_count FROM `adela_user` LIMIT 1   [ RunTime:0.0006s ]
NOTIC: [8] Undefined variable: where E:\xampp\htdocs\easy-city\Apps\Admin\Controller\UserController.class.php 第 58 行.
SQL: SELECT * FROM `adela_user` ORDER BY userId DESC LIMIT 0,10   [ RunTime:0.0006s ]
INFO: [ view_parse ] --START--
INFO: [ template_filter ] --START--
INFO: Run Behavior\ContentReplaceBehavior [ RunTime:0.000608s ]
INFO: [ template_filter ] --END-- [ RunTime:0.002130s ]
INFO: Run Behavior\ParseTemplateBehavior [ RunTime:0.103621s ]
INFO: [ view_parse ] --END-- [ RunTime:0.105031s ]
INFO: [ view_filter ] --START--
INFO: Run Behavior\WriteHtmlCacheBehavior [ RunTime:0.001962s ]
INFO: [ view_filter ] --END-- [ RunTime:0.003594s ]
INFO: [ app_end ] --START--
INFO: Run Behavior\ShowPageTraceBehavior [ RunTime:0.001657s ]
INFO: [ app_end ] --END-- [ RunTime:0.003373s ]

[ 2017-07-17T17:24:39+08:00 ] ::1 /easy-city/index.php/Admin/Option/index.html
INFO: [ app_init ] --START--
INFO: Run Behavior\BuildLiteBehavior [ RunTime:0.000278s ]
INFO: [ app_init ] --END-- [ RunTime:0.002091s ]
INFO: [ app_begin ] --START--
INFO: Run Behavior\ReadHtmlCacheBehavior [ RunTime:0.001774s ]
INFO: [ app_begin ] --END-- [ RunTime:0.003500s ]
SQL: SHOW COLUMNS FROM `adela_consumption` [ RunTime:0.0048s ]
SQL: SELECT SUM(amount) AS tp_sum FROM `adela_consumption` WHERE ( consTime BETWEEN '2017-07-17 00:00:00' AND '2017-07-17 23:59:59' ) LIMIT 1   [ RunTime:0.0007s ]
SQL: SELECT SUM(amount) AS tp_sum FROM `adela_consumption` WHERE ( consTime BETWEEN '2017-07-01' AND '2017-07-31' ) LIMIT 1   [ RunTime:0.0006s ]
SQL: SHOW COLUMNS FROM `adela_option` [ RunTime:0.0052s ]
SQL: SELECT * FROM `adela_option` WHERE ( optionType="give" )  [ RunTime:0.0008s ]
INFO: [ view_parse ] --START--
INFO: [ template_filter ] --START--
INFO: Run Behavior\ContentReplaceBehavior [ RunTime:0.000674s ]
INFO: [ template_filter ] --END-- [ RunTime:0.002141s ]
INFO: Run Behavior\ParseTemplateBehavior [ RunTime:0.084612s ]
INFO: [ view_parse ] --END-- [ RunTime:0.086111s ]
INFO: [ view_filter ] --START--
INFO: Run Behavior\WriteHtmlCacheBehavior [ RunTime:0.001517s ]
INFO: [ view_filter ] --END-- [ RunTime:0.003038s ]
INFO: [ app_end ] --START--
INFO: Run Behavior\ShowPageTraceBehavior [ RunTime:0.001717s ]
INFO: [ app_end ] --END-- [ RunTime:0.003618s ]

[ 2017-07-17T17:24:41+08:00 ] ::1 /easy-city/index.php/Admin/Machine/index.html
INFO: [ app_init ] --START--
INFO: Run Behavior\BuildLiteBehavior [ RunTime:0.000264s ]
INFO: [ app_init ] --END-- [ RunTime:0.002288s ]
INFO: [ app_begin ] --START--
INFO: Run Behavior\ReadHtmlCacheBehavior [ RunTime:0.001223s ]
INFO: [ app_begin ] --END-- [ RunTime:0.002565s ]
SQL: SHOW COLUMNS FROM `adela_consumption` [ RunTime:0.0048s ]
SQL: SELECT SUM(amount) AS tp_sum FROM `adela_consumption` WHERE ( consTime BETWEEN '2017-07-17 00:00:00' AND '2017-07-17 23:59:59' ) LIMIT 1   [ RunTime:0.0007s ]
SQL: SELECT SUM(amount) AS tp_sum FROM `adela_consumption` WHERE ( consTime BETWEEN '2017-07-01' AND '2017-07-31' ) LIMIT 1   [ RunTime:0.0006s ]
SQL: SHOW COLUMNS FROM `adela_device` [ RunTime:0.0046s ]
NOTIC: [8] Undefined variable: where E:\xampp\htdocs\easy-city\Apps\Admin\Controller\MachineController.class.php 第 39 行.
SQL: SELECT COUNT(*) AS tp_count FROM `adela_device` LIMIT 1   [ RunTime:0.0006s ]
NOTIC: [8] Undefined variable: where E:\xampp\htdocs\easy-city\Apps\Admin\Controller\MachineController.class.php 第 58 行.
SQL: SELECT * FROM `adela_device` ORDER BY deviceId DESC LIMIT 0,5   [ RunTime:0.0007s ]
INFO: [ view_parse ] --START--
INFO: [ template_filter ] --START--
INFO: Run Behavior\ContentReplaceBehavior [ RunTime:0.000598s ]
INFO: [ template_filter ] --END-- [ RunTime:0.002109s ]
INFO: Run Behavior\ParseTemplateBehavior [ RunTime:0.100277s ]
INFO: [ view_parse ] --END-- [ RunTime:0.101744s ]
INFO: [ view_filter ] --START--
INFO: Run Behavior\WriteHtmlCacheBehavior [ RunTime:0.001687s ]
INFO: [ view_filter ] --END-- [ RunTime:0.002993s ]
INFO: [ app_end ] --START--
INFO: Run Behavior\ShowPageTraceBehavior [ RunTime:0.001682s ]
INFO: [ app_end ] --END-- [ RunTime:0.003391s ]

[ 2017-07-17T17:24:42+08:00 ] ::1 /easy-city/index.php/Admin/User/index.html
INFO: [ app_init ] --START--
INFO: Run Behavior\BuildLiteBehavior [ RunTime:0.000447s ]
INFO: [ app_init ] --END-- [ RunTime:0.003923s ]
INFO: [ app_begin ] --START--
INFO: Run Behavior\ReadHtmlCacheBehavior [ RunTime:0.001249s ]
INFO: [ app_begin ] --END-- [ RunTime:0.002589s ]
SQL: SHOW COLUMNS FROM `adela_consumption` [ RunTime:0.0050s ]
SQL: SELECT SUM(amount) AS tp_sum FROM `adela_consumption` WHERE ( consTime BETWEEN '2017-07-17 00:00:00' AND '2017-07-17 23:59:59' ) LIMIT 1   [ RunTime:0.0006s ]
SQL: SELECT SUM(amount) AS tp_sum FROM `adela_consumption` WHERE ( consTime BETWEEN '2017-07-01' AND '2017-07-31' ) LIMIT 1   [ RunTime:0.0006s ]
SQL: SHOW COLUMNS FROM `adela_user` [ RunTime:0.0054s ]
NOTIC: [8] Undefined variable: where E:\xampp\htdocs\easy-city\Apps\Admin\Controller\UserController.class.php 第 39 行.
SQL: SELECT COUNT(*) AS tp_count FROM `adela_user` LIMIT 1   [ RunTime:0.0006s ]
NOTIC: [8] Undefined variable: where E:\xampp\htdocs\easy-city\Apps\Admin\Controller\UserController.class.php 第 58 行.
SQL: SELECT * FROM `adela_user` ORDER BY userId DESC LIMIT 0,10   [ RunTime:0.0006s ]
INFO: [ view_parse ] --START--
INFO: [ template_filter ] --START--
INFO: Run Behavior\ContentReplaceBehavior [ RunTime:0.000711s ]
INFO: [ template_filter ] --END-- [ RunTime:0.002094s ]
INFO: Run Behavior\ParseTemplateBehavior [ RunTime:0.111359s ]
INFO: [ view_parse ] --END-- [ RunTime:0.112838s ]
INFO: [ view_filter ] --START--
INFO: Run Behavior\WriteHtmlCacheBehavior [ RunTime:0.001398s ]
INFO: [ view_filter ] --END-- [ RunTime:0.002701s ]
INFO: [ app_end ] --START--
INFO: Run Behavior\ShowPageTraceBehavior [ RunTime:0.002221s ]
INFO: [ app_end ] --END-- [ RunTime:0.004541s ]

[ 2017-07-17T17:24:44+08:00 ] ::1 /easy-city/index.php/Admin/User/record/phone/15942461399
INFO: [ app_init ] --START--
INFO: Run Behavior\BuildLiteBehavior [ RunTime:0.000419s ]
INFO: [ app_init ] --END-- [ RunTime:0.003563s ]
INFO: [ app_begin ] --START--
INFO: Run Behavior\ReadHtmlCacheBehavior [ RunTime:0.001251s ]
INFO: [ app_begin ] --END-- [ RunTime:0.002602s ]
SQL: SHOW COLUMNS FROM `adela_consumption` [ RunTime:0.0050s ]
SQL: SELECT SUM(amount) AS tp_sum FROM `adela_consumption` WHERE ( consTime BETWEEN '2017-07-17 00:00:00' AND '2017-07-17 23:59:59' ) LIMIT 1   [ RunTime:0.0007s ]
SQL: SELECT SUM(amount) AS tp_sum FROM `adela_consumption` WHERE ( consTime BETWEEN '2017-07-01' AND '2017-07-31' ) LIMIT 1   [ RunTime:0.0006s ]
SQL: SHOW COLUMNS FROM `adela_user` [ RunTime:0.0051s ]
SQL: SELECT * FROM `adela_user` WHERE ( userPhone=15942461399 ) LIMIT 1   [ RunTime:0.0007s ]
SQL: SHOW COLUMNS FROM `adela_record` [ RunTime:0.1075s ]
SQL: SELECT SUM(amount) AS tp_sum FROM `adela_record` WHERE ( userPhone=15942461399 AND recordType=2 ) LIMIT 1   [ RunTime:0.0021s ]
SQL: SELECT SUM(amount) AS tp_sum FROM `adela_record` WHERE ( userPhone=15942461399 AND recordType=0 ) LIMIT 1   [ RunTime:0.0020s ]
SQL: SELECT COUNT(*) AS tp_count FROM `adela_record` WHERE ( userPhone=15942461399 ) LIMIT 1   [ RunTime:0.0008s ]
SQL: SELECT * FROM `adela_record` WHERE ( userPhone=15942461399 ) ORDER BY recordTime DESC LIMIT 0,10   [ RunTime:0.0008s ]
INFO: [ view_parse ] --START--
INFO: [ template_filter ] --START--
INFO: Run Behavior\ContentReplaceBehavior [ RunTime:0.000635s ]
INFO: [ template_filter ] --END-- [ RunTime:0.001983s ]
NOTIC: [8] Undefined variable: end E:\xampp\htdocs\easy-city\Apps\Runtime\Cache\Admin\499b46fba81c2d892a95cb53f658ac2d.php 第 132 行.
NOTIC: [8] Undefined index: userId E:\xampp\htdocs\easy-city\Apps\Runtime\Cache\Admin\499b46fba81c2d892a95cb53f658ac2d.php 第 172 行.
NOTIC: [8] Undefined index: deviceNo E:\xampp\htdocs\easy-city\Apps\Runtime\Cache\Admin\499b46fba81c2d892a95cb53f658ac2d.php 第 194 行.
NOTIC: [8] Undefined index: userId E:\xampp\htdocs\easy-city\Apps\Runtime\Cache\Admin\499b46fba81c2d892a95cb53f658ac2d.php 第 172 行.
NOTIC: [8] Undefined index: deviceNo E:\xampp\htdocs\easy-city\Apps\Runtime\Cache\Admin\499b46fba81c2d892a95cb53f658ac2d.php 第 194 行.
NOTIC: [8] Undefined index: userId E:\xampp\htdocs\easy-city\Apps\Runtime\Cache\Admin\499b46fba81c2d892a95cb53f658ac2d.php 第 172 行.
NOTIC: [8] Undefined index: deviceNo E:\xampp\htdocs\easy-city\Apps\Runtime\Cache\Admin\499b46fba81c2d892a95cb53f658ac2d.php 第 194 行.
NOTIC: [8] Undefined index: userId E:\xampp\htdocs\easy-city\Apps\Runtime\Cache\Admin\499b46fba81c2d892a95cb53f658ac2d.php 第 172 行.
NOTIC: [8] Undefined index: deviceNo E:\xampp\htdocs\easy-city\Apps\Runtime\Cache\Admin\499b46fba81c2d892a95cb53f658ac2d.php 第 194 行.
INFO: Run Behavior\ParseTemplateBehavior [ RunTime:0.206008s ]
INFO: [ view_parse ] --END-- [ RunTime:0.207405s ]
INFO: [ view_filter ] --START--
INFO: Run Behavior\WriteHtmlCacheBehavior [ RunTime:0.001362s ]
INFO: [ view_filter ] --END-- [ RunTime:0.002779s ]
INFO: [ app_end ] --START--
INFO: Run Behavior\ShowPageTraceBehavior [ RunTime:0.001985s ]
INFO: [ app_end ] --END-- [ RunTime:0.004299s ]

[ 2017-07-17T17:24:48+08:00 ] ::1 /easy-city/index.php/Admin/News/index.html
INFO: [ app_init ] --START--
INFO: Run Behavior\BuildLiteBehavior [ RunTime:0.000261s ]
INFO: [ app_init ] --END-- [ RunTime:0.002590s ]
INFO: [ app_begin ] --START--
INFO: Run Behavior\ReadHtmlCacheBehavior [ RunTime:0.001493s ]
INFO: [ app_begin ] --END-- [ RunTime:0.002935s ]
SQL: SHOW COLUMNS FROM `adela_consumption` [ RunTime:0.0050s ]
SQL: SELECT SUM(amount) AS tp_sum FROM `adela_consumption` WHERE ( consTime BETWEEN '2017-07-17 00:00:00' AND '2017-07-17 23:59:59' ) LIMIT 1   [ RunTime:0.0010s ]
SQL: SELECT SUM(amount) AS tp_sum FROM `adela_consumption` WHERE ( consTime BETWEEN '2017-07-01' AND '2017-07-31' ) LIMIT 1   [ RunTime:0.0006s ]
SQL: SHOW COLUMNS FROM `adela_article` [ RunTime:0.0044s ]
NOTIC: [8] Undefined variable: where E:\xampp\htdocs\easy-city\Apps\Admin\Controller\NewsController.class.php 第 39 行.
SQL: SELECT COUNT(*) AS tp_count FROM `adela_article` LIMIT 1   [ RunTime:0.0007s ]
NOTIC: [8] Undefined variable: where E:\xampp\htdocs\easy-city\Apps\Admin\Controller\NewsController.class.php 第 58 行.
SQL: SELECT * FROM `adela_article` ORDER BY articleId DESC LIMIT 0,5   [ RunTime:0.0007s ]
INFO: [ view_parse ] --START--
INFO: [ template_filter ] --START--
INFO: Run Behavior\ContentReplaceBehavior [ RunTime:0.000712s ]
INFO: [ template_filter ] --END-- [ RunTime:0.002115s ]
INFO: Run Behavior\ParseTemplateBehavior [ RunTime:0.098336s ]
INFO: [ view_parse ] --END-- [ RunTime:0.099642s ]
INFO: [ view_filter ] --START--
INFO: Run Behavior\WriteHtmlCacheBehavior [ RunTime:0.001400s ]
INFO: [ view_filter ] --END-- [ RunTime:0.002790s ]
INFO: [ app_end ] --START--
INFO: Run Behavior\ShowPageTraceBehavior [ RunTime:0.001590s ]
INFO: [ app_end ] --END-- [ RunTime:0.003287s ]

[ 2017-07-17T17:24:51+08:00 ] ::1 /easy-city/index.php/Admin/News/view/id/5
INFO: [ app_init ] --START--
INFO: Run Behavior\BuildLiteBehavior [ RunTime:0.000334s ]
INFO: [ app_init ] --END-- [ RunTime:0.002300s ]
INFO: [ app_begin ] --START--
INFO: Run Behavior\ReadHtmlCacheBehavior [ RunTime:0.001434s ]
INFO: [ app_begin ] --END-- [ RunTime:0.002891s ]
SQL: SHOW COLUMNS FROM `adela_consumption` [ RunTime:0.0063s ]
SQL: SELECT SUM(amount) AS tp_sum FROM `adela_consumption` WHERE ( consTime BETWEEN '2017-07-17 00:00:00' AND '2017-07-17 23:59:59' ) LIMIT 1   [ RunTime:0.0008s ]
SQL: SELECT SUM(amount) AS tp_sum FROM `adela_consumption` WHERE ( consTime BETWEEN '2017-07-01' AND '2017-07-31' ) LIMIT 1   [ RunTime:0.0007s ]
SQL: SHOW COLUMNS FROM `adela_article` [ RunTime:0.0054s ]
SQL: SELECT * FROM `adela_article` WHERE ( articleId=5 ) LIMIT 1   [ RunTime:0.0008s ]
INFO: [ view_parse ] --START--
INFO: [ template_filter ] --START--
INFO: Run Behavior\ContentReplaceBehavior [ RunTime:0.000672s ]
INFO: [ template_filter ] --END-- [ RunTime:0.002255s ]
INFO: Run Behavior\ParseTemplateBehavior [ RunTime:0.148501s ]
INFO: [ view_parse ] --END-- [ RunTime:0.150355s ]
INFO: [ view_filter ] --START--
INFO: Run Behavior\WriteHtmlCacheBehavior [ RunTime:0.001415s ]
INFO: [ view_filter ] --END-- [ RunTime:0.003084s ]
INFO: [ app_end ] --START--
INFO: Run Behavior\ShowPageTraceBehavior [ RunTime:0.002397s ]
INFO: [ app_end ] --END-- [ RunTime:0.004700s ]

