[ 2017-06-19T09:09:56+08:00 ] ::1 /easy-city/index.php/admin
INFO: [ app_init ] --START--
INFO: Run Behavior\BuildLiteBehavior [ RunTime:0.000327s ]
INFO: [ app_init ] --END-- [ RunTime:0.003157s ]
INFO: [ app_begin ] --START--
INFO: Run Behavior\ReadHtmlCacheBehavior [ RunTime:0.009954s ]
INFO: [ app_begin ] --END-- [ RunTime:0.016713s ]
SQL: SHOW COLUMNS FROM `adela_consumption` [ RunTime:0.0089s ]
SQL: SELECT SUM(amount) AS tp_sum FROM `adela_consumption` WHERE ( consTime BETWEEN '2017-06-19 00:00:00' AND '2017-06-19 23:59:59' ) LIMIT 1   [ RunTime:0.0013s ]
SQL: SELECT SUM(amount) AS tp_sum FROM `adela_consumption` WHERE ( consTime BETWEEN '2017-06-01' AND '2017-06-30' ) LIMIT 1   [ RunTime:0.0014s ]

[ 2017-06-19T09:09:59+08:00 ] ::1 /easy-city/index.php/Admin/Index/login.html
INFO: [ app_init ] --START--
INFO: Run Behavior\BuildLiteBehavior [ RunTime:0.000279s ]
INFO: [ app_init ] --END-- [ RunTime:0.002433s ]
INFO: [ app_begin ] --START--
INFO: Run Behavior\ReadHtmlCacheBehavior [ RunTime:0.002447s ]
INFO: [ app_begin ] --END-- [ RunTime:0.003843s ]
SQL: SHOW COLUMNS FROM `adela_consumption` [ RunTime:0.0050s ]
SQL: SELECT SUM(amount) AS tp_sum FROM `adela_consumption` WHERE ( consTime BETWEEN '2017-06-19 00:00:00' AND '2017-06-19 23:59:59' ) LIMIT 1   [ RunTime:0.0006s ]
SQL: SELECT SUM(amount) AS tp_sum FROM `adela_consumption` WHERE ( consTime BETWEEN '2017-06-01' AND '2017-06-30' ) LIMIT 1   [ RunTime:0.0006s ]
INFO: [ view_parse ] --START--
INFO: [ template_filter ] --START--
INFO: Run Behavior\ContentReplaceBehavior [ RunTime:0.001064s ]
INFO: [ template_filter ] --END-- [ RunTime:0.003608s ]
INFO: Run Behavior\ParseTemplateBehavior [ RunTime:0.159030s ]
INFO: [ view_parse ] --END-- [ RunTime:0.163588s ]
INFO: [ view_filter ] --START--
INFO: Run Behavior\WriteHtmlCacheBehavior [ RunTime:0.008600s ]
INFO: [ view_filter ] --END-- [ RunTime:0.012800s ]
INFO: [ app_end ] --START--
INFO: Run Behavior\ShowPageTraceBehavior [ RunTime:0.003202s ]
INFO: [ app_end ] --END-- [ RunTime:0.005518s ]

[ 2017-06-19T09:10:00+08:00 ] ::1 /easy-city/index.php/Admin/Index/provenum
INFO: [ app_init ] --START--
INFO: Run Behavior\BuildLiteBehavior [ RunTime:0.000270s ]
INFO: [ app_init ] --END-- [ RunTime:0.002614s ]
INFO: [ app_begin ] --START--
INFO: Run Behavior\ReadHtmlCacheBehavior [ RunTime:0.001854s ]
INFO: [ app_begin ] --END-- [ RunTime:0.003991s ]
SQL: SHOW COLUMNS FROM `adela_consumption` [ RunTime:0.0063s ]
SQL: SELECT SUM(amount) AS tp_sum FROM `adela_consumption` WHERE ( consTime BETWEEN '2017-06-19 00:00:00' AND '2017-06-19 23:59:59' ) LIMIT 1   [ RunTime:0.0007s ]
SQL: SELECT SUM(amount) AS tp_sum FROM `adela_consumption` WHERE ( consTime BETWEEN '2017-06-01' AND '2017-06-30' ) LIMIT 1   [ RunTime:0.0006s ]
INFO: [ app_end ] --START--
INFO: Run Behavior\ShowPageTraceBehavior [ RunTime:0.002470s ]
INFO: [ app_end ] --END-- [ RunTime:0.005057s ]

[ 2017-06-19T09:10:11+08:00 ] ::1 /easy-city/index.php/Admin/Index/login.html
INFO: [ app_init ] --START--
INFO: Run Behavior\BuildLiteBehavior [ RunTime:0.000278s ]
INFO: [ app_init ] --END-- [ RunTime:0.002414s ]
INFO: [ app_begin ] --START--
INFO: Run Behavior\ReadHtmlCacheBehavior [ RunTime:0.001076s ]
INFO: [ app_begin ] --END-- [ RunTime:0.002496s ]
SQL: SHOW COLUMNS FROM `adela_consumption` [ RunTime:0.0060s ]
SQL: SELECT SUM(amount) AS tp_sum FROM `adela_consumption` WHERE ( consTime BETWEEN '2017-06-19 00:00:00' AND '2017-06-19 23:59:59' ) LIMIT 1   [ RunTime:0.0007s ]
SQL: SELECT SUM(amount) AS tp_sum FROM `adela_consumption` WHERE ( consTime BETWEEN '2017-06-01' AND '2017-06-30' ) LIMIT 1   [ RunTime:0.0007s ]
INFO: [ view_parse ] --START--
INFO: [ template_filter ] --START--
INFO: Run Behavior\ContentReplaceBehavior [ RunTime:0.000619s ]
INFO: [ template_filter ] --END-- [ RunTime:0.002050s ]
INFO: Run Behavior\ParseTemplateBehavior [ RunTime:0.049223s ]
INFO: [ view_parse ] --END-- [ RunTime:0.051058s ]
INFO: [ view_filter ] --START--
INFO: Run Behavior\WriteHtmlCacheBehavior [ RunTime:0.001217s ]
INFO: [ view_filter ] --END-- [ RunTime:0.002883s ]

[ 2017-06-19T09:10:14+08:00 ] ::1 /easy-city/index.php/Admin/Index/login.html
INFO: [ app_init ] --START--
INFO: Run Behavior\BuildLiteBehavior [ RunTime:0.000383s ]
INFO: [ app_init ] --END-- [ RunTime:0.002739s ]
INFO: [ app_begin ] --START--
INFO: Run Behavior\ReadHtmlCacheBehavior [ RunTime:0.001080s ]
INFO: [ app_begin ] --END-- [ RunTime:0.002733s ]
SQL: SHOW COLUMNS FROM `adela_consumption` [ RunTime:0.0050s ]
SQL: SELECT SUM(amount) AS tp_sum FROM `adela_consumption` WHERE ( consTime BETWEEN '2017-06-19 00:00:00' AND '2017-06-19 23:59:59' ) LIMIT 1   [ RunTime:0.0007s ]
SQL: SELECT SUM(amount) AS tp_sum FROM `adela_consumption` WHERE ( consTime BETWEEN '2017-06-01' AND '2017-06-30' ) LIMIT 1   [ RunTime:0.0006s ]
INFO: [ view_parse ] --START--
INFO: [ template_filter ] --START--
INFO: Run Behavior\ContentReplaceBehavior [ RunTime:0.000696s ]
INFO: [ template_filter ] --END-- [ RunTime:0.002095s ]
INFO: Run Behavior\ParseTemplateBehavior [ RunTime:0.018507s ]
INFO: [ view_parse ] --END-- [ RunTime:0.019941s ]
INFO: [ view_filter ] --START--
INFO: Run Behavior\WriteHtmlCacheBehavior [ RunTime:0.001027s ]
INFO: [ view_filter ] --END-- [ RunTime:0.002341s ]
INFO: [ app_end ] --START--
INFO: Run Behavior\ShowPageTraceBehavior [ RunTime:0.001250s ]
INFO: [ app_end ] --END-- [ RunTime:0.002554s ]

[ 2017-06-19T09:10:17+08:00 ] ::1 /easy-city/index.php/Admin/Index/provenum?x=Mon,%2019%20Jun%202017%2001:10:17%20GMT
INFO: [ app_init ] --START--
INFO: Run Behavior\BuildLiteBehavior [ RunTime:0.000267s ]
INFO: [ app_init ] --END-- [ RunTime:0.002280s ]
INFO: [ app_begin ] --START--
INFO: Run Behavior\ReadHtmlCacheBehavior [ RunTime:0.001638s ]
INFO: [ app_begin ] --END-- [ RunTime:0.004240s ]
SQL: SHOW COLUMNS FROM `adela_consumption` [ RunTime:0.0045s ]
SQL: SELECT SUM(amount) AS tp_sum FROM `adela_consumption` WHERE ( consTime BETWEEN '2017-06-19 00:00:00' AND '2017-06-19 23:59:59' ) LIMIT 1   [ RunTime:0.0005s ]
SQL: SELECT SUM(amount) AS tp_sum FROM `adela_consumption` WHERE ( consTime BETWEEN '2017-06-01' AND '2017-06-30' ) LIMIT 1   [ RunTime:0.0005s ]
INFO: [ app_end ] --START--
INFO: Run Behavior\ShowPageTraceBehavior [ RunTime:0.001270s ]
INFO: [ app_end ] --END-- [ RunTime:0.002700s ]

[ 2017-06-19T09:10:26+08:00 ] ::1 /easy-city/index.php/Admin/Index/login.html
INFO: [ app_init ] --START--
INFO: Run Behavior\BuildLiteBehavior [ RunTime:0.000235s ]
INFO: [ app_init ] --END-- [ RunTime:0.001962s ]
INFO: [ app_begin ] --START--
INFO: Run Behavior\ReadHtmlCacheBehavior [ RunTime:0.000960s ]
INFO: [ app_begin ] --END-- [ RunTime:0.002560s ]
SQL: SHOW COLUMNS FROM `adela_consumption` [ RunTime:0.0051s ]
SQL: SELECT SUM(amount) AS tp_sum FROM `adela_consumption` WHERE ( consTime BETWEEN '2017-06-19 00:00:00' AND '2017-06-19 23:59:59' ) LIMIT 1   [ RunTime:0.0006s ]
SQL: SELECT SUM(amount) AS tp_sum FROM `adela_consumption` WHERE ( consTime BETWEEN '2017-06-01' AND '2017-06-30' ) LIMIT 1   [ RunTime:0.0006s ]
SQL: SHOW COLUMNS FROM `adela_option` [ RunTime:0.0057s ]
SQL: SELECT * FROM `adela_option` WHERE ( optionType='AdminCtrol' AND optionKey='admin' AND optionValue='e10adc3949ba59abbe56e057f20f883e' ) LIMIT 1   [ RunTime:0.0007s ]
INFO: [ view_parse ] --START--
INFO: [ template_filter ] --START--
INFO: Run Behavior\ContentReplaceBehavior [ RunTime:0.000690s ]
INFO: [ template_filter ] --END-- [ RunTime:0.002107s ]
INFO: Run Behavior\ParseTemplateBehavior [ RunTime:0.028309s ]
INFO: [ view_parse ] --END-- [ RunTime:0.030207s ]
INFO: [ view_filter ] --START--
INFO: Run Behavior\WriteHtmlCacheBehavior [ RunTime:0.001054s ]
INFO: [ view_filter ] --END-- [ RunTime:0.002694s ]
INFO: [ app_end ] --START--
INFO: Run Behavior\ShowPageTraceBehavior [ RunTime:0.001083s ]
INFO: [ app_end ] --END-- [ RunTime:0.002582s ]

[ 2017-06-19T09:10:27+08:00 ] ::1 /easy-city/index.php/Admin/Index/index
INFO: [ app_init ] --START--
INFO: Run Behavior\BuildLiteBehavior [ RunTime:0.000265s ]
INFO: [ app_init ] --END-- [ RunTime:0.002658s ]
INFO: [ app_begin ] --START--
INFO: Run Behavior\ReadHtmlCacheBehavior [ RunTime:0.001177s ]
INFO: [ app_begin ] --END-- [ RunTime:0.002842s ]
SQL: SHOW COLUMNS FROM `adela_consumption` [ RunTime:0.0050s ]
SQL: SELECT SUM(amount) AS tp_sum FROM `adela_consumption` WHERE ( consTime BETWEEN '2017-06-19 00:00:00' AND '2017-06-19 23:59:59' ) LIMIT 1   [ RunTime:0.0006s ]
SQL: SELECT SUM(amount) AS tp_sum FROM `adela_consumption` WHERE ( consTime BETWEEN '2017-06-01' AND '2017-06-30' ) LIMIT 1   [ RunTime:0.0006s ]
INFO: [ view_parse ] --START--
INFO: [ template_filter ] --START--
INFO: Run Behavior\ContentReplaceBehavior [ RunTime:0.000813s ]
INFO: [ template_filter ] --END-- [ RunTime:0.002414s ]
INFO: Run Behavior\ParseTemplateBehavior [ RunTime:0.134206s ]
INFO: [ view_parse ] --END-- [ RunTime:0.135964s ]
INFO: [ view_filter ] --START--
INFO: Run Behavior\WriteHtmlCacheBehavior [ RunTime:0.001086s ]
INFO: [ view_filter ] --END-- [ RunTime:0.002633s ]
INFO: [ app_end ] --START--
INFO: Run Behavior\ShowPageTraceBehavior [ RunTime:0.000954s ]
INFO: [ app_end ] --END-- [ RunTime:0.002275s ]

[ 2017-06-19T09:10:30+08:00 ] ::1 /easy-city/index.php/Admin/User/index.html
INFO: [ app_init ] --START--
INFO: Run Behavior\BuildLiteBehavior [ RunTime:0.000270s ]
INFO: [ app_init ] --END-- [ RunTime:0.002218s ]
INFO: [ app_begin ] --START--
INFO: Run Behavior\ReadHtmlCacheBehavior [ RunTime:0.001267s ]
INFO: [ app_begin ] --END-- [ RunTime:0.002664s ]
SQL: SHOW COLUMNS FROM `adela_consumption` [ RunTime:0.0048s ]
SQL: SELECT SUM(amount) AS tp_sum FROM `adela_consumption` WHERE ( consTime BETWEEN '2017-06-19 00:00:00' AND '2017-06-19 23:59:59' ) LIMIT 1   [ RunTime:0.0007s ]
SQL: SELECT SUM(amount) AS tp_sum FROM `adela_consumption` WHERE ( consTime BETWEEN '2017-06-01' AND '2017-06-30' ) LIMIT 1   [ RunTime:0.0006s ]
SQL: SHOW COLUMNS FROM `adela_user` [ RunTime:0.0053s ]
NOTIC: [8] Undefined variable: where E:\xampp\htdocs\easy-city\Apps\Admin\Controller\UserController.class.php 第 39 行.
SQL: SELECT COUNT(*) AS tp_count FROM `adela_user` LIMIT 1   [ RunTime:0.0006s ]
NOTIC: [8] Undefined variable: where E:\xampp\htdocs\easy-city\Apps\Admin\Controller\UserController.class.php 第 58 行.
SQL: SELECT * FROM `adela_user` ORDER BY userId DESC LIMIT 0,10   [ RunTime:0.0008s ]
INFO: [ view_parse ] --START--
INFO: [ template_filter ] --START--
INFO: Run Behavior\ContentReplaceBehavior [ RunTime:0.000661s ]
INFO: [ template_filter ] --END-- [ RunTime:0.002145s ]
INFO: Run Behavior\ParseTemplateBehavior [ RunTime:0.118692s ]
INFO: [ view_parse ] --END-- [ RunTime:0.120207s ]
INFO: [ view_filter ] --START--
INFO: Run Behavior\WriteHtmlCacheBehavior [ RunTime:0.001221s ]
INFO: [ view_filter ] --END-- [ RunTime:0.002609s ]
INFO: [ app_end ] --START--
INFO: Run Behavior\ShowPageTraceBehavior [ RunTime:0.001756s ]
INFO: [ app_end ] --END-- [ RunTime:0.003909s ]

[ 2017-06-19T09:10:32+08:00 ] ::1 /easy-city/index.php/Admin/User/record/phone/15942461399
INFO: [ app_init ] --START--
INFO: Run Behavior\BuildLiteBehavior [ RunTime:0.000267s ]
INFO: [ app_init ] --END-- [ RunTime:0.002210s ]
INFO: [ app_begin ] --START--
INFO: Run Behavior\ReadHtmlCacheBehavior [ RunTime:0.001012s ]
INFO: [ app_begin ] --END-- [ RunTime:0.002576s ]
SQL: SHOW COLUMNS FROM `adela_consumption` [ RunTime:0.0049s ]
SQL: SELECT SUM(amount) AS tp_sum FROM `adela_consumption` WHERE ( consTime BETWEEN '2017-06-19 00:00:00' AND '2017-06-19 23:59:59' ) LIMIT 1   [ RunTime:0.0006s ]
SQL: SELECT SUM(amount) AS tp_sum FROM `adela_consumption` WHERE ( consTime BETWEEN '2017-06-01' AND '2017-06-30' ) LIMIT 1   [ RunTime:0.0006s ]
SQL: SHOW COLUMNS FROM `adela_user` [ RunTime:0.0050s ]
SQL: SELECT * FROM `adela_user` WHERE ( userPhone=15942461399 ) LIMIT 1   [ RunTime:0.0007s ]
SQL: SHOW COLUMNS FROM `adela_record` [ RunTime:0.0047s ]
SQL: SELECT SUM(amount) AS tp_sum FROM `adela_record` WHERE ( userPhone=15942461399 AND recordType=2 ) LIMIT 1   [ RunTime:0.0007s ]
SQL: SELECT SUM(amount) AS tp_sum FROM `adela_record` WHERE ( userPhone=15942461399 AND recordType=0 ) LIMIT 1   [ RunTime:0.0007s ]
SQL: SELECT COUNT(*) AS tp_count FROM `adela_record` WHERE ( userPhone=15942461399 ) LIMIT 1   [ RunTime:0.0006s ]
SQL: SELECT * FROM `adela_record` WHERE ( userPhone=15942461399 ) ORDER BY recordTime DESC LIMIT 0,10   [ RunTime:0.0008s ]
INFO: [ view_parse ] --START--
INFO: [ template_filter ] --START--
INFO: Run Behavior\ContentReplaceBehavior [ RunTime:0.000673s ]
INFO: [ template_filter ] --END-- [ RunTime:0.002014s ]
NOTIC: [8] Undefined variable: end E:\xampp\htdocs\easy-city\Apps\Runtime\Cache\Admin\499b46fba81c2d892a95cb53f658ac2d.php 第 124 行.
NOTIC: [8] Undefined index: userId E:\xampp\htdocs\easy-city\Apps\Runtime\Cache\Admin\499b46fba81c2d892a95cb53f658ac2d.php 第 164 行.
NOTIC: [8] Undefined index: deviceNo E:\xampp\htdocs\easy-city\Apps\Runtime\Cache\Admin\499b46fba81c2d892a95cb53f658ac2d.php 第 186 行.
NOTIC: [8] Undefined index: userId E:\xampp\htdocs\easy-city\Apps\Runtime\Cache\Admin\499b46fba81c2d892a95cb53f658ac2d.php 第 164 行.
NOTIC: [8] Undefined index: deviceNo E:\xampp\htdocs\easy-city\Apps\Runtime\Cache\Admin\499b46fba81c2d892a95cb53f658ac2d.php 第 186 行.
NOTIC: [8] Undefined index: userId E:\xampp\htdocs\easy-city\Apps\Runtime\Cache\Admin\499b46fba81c2d892a95cb53f658ac2d.php 第 164 行.
NOTIC: [8] Undefined index: deviceNo E:\xampp\htdocs\easy-city\Apps\Runtime\Cache\Admin\499b46fba81c2d892a95cb53f658ac2d.php 第 186 行.
NOTIC: [8] Undefined index: userId E:\xampp\htdocs\easy-city\Apps\Runtime\Cache\Admin\499b46fba81c2d892a95cb53f658ac2d.php 第 164 行.
NOTIC: [8] Undefined index: deviceNo E:\xampp\htdocs\easy-city\Apps\Runtime\Cache\Admin\499b46fba81c2d892a95cb53f658ac2d.php 第 186 行.
INFO: Run Behavior\ParseTemplateBehavior [ RunTime:0.198847s ]
INFO: [ view_parse ] --END-- [ RunTime:0.200346s ]
INFO: [ view_filter ] --START--
INFO: Run Behavior\WriteHtmlCacheBehavior [ RunTime:0.001251s ]
INFO: [ view_filter ] --END-- [ RunTime:0.003135s ]
INFO: [ app_end ] --START--
INFO: Run Behavior\ShowPageTraceBehavior [ RunTime:0.002583s ]
INFO: [ app_end ] --END-- [ RunTime:0.005090s ]

[ 2017-06-19T09:10:47+08:00 ] ::1 /easy-city/index.php/Admin/Option/index.html
INFO: [ app_init ] --START--
INFO: Run Behavior\BuildLiteBehavior [ RunTime:0.000254s ]
INFO: [ app_init ] --END-- [ RunTime:0.002119s ]
INFO: [ app_begin ] --START--
INFO: Run Behavior\ReadHtmlCacheBehavior [ RunTime:0.001052s ]
INFO: [ app_begin ] --END-- [ RunTime:0.002398s ]
SQL: SHOW COLUMNS FROM `adela_consumption` [ RunTime:0.0050s ]
SQL: SELECT SUM(amount) AS tp_sum FROM `adela_consumption` WHERE ( consTime BETWEEN '2017-06-19 00:00:00' AND '2017-06-19 23:59:59' ) LIMIT 1   [ RunTime:0.0007s ]
SQL: SELECT SUM(amount) AS tp_sum FROM `adela_consumption` WHERE ( consTime BETWEEN '2017-06-01' AND '2017-06-30' ) LIMIT 1   [ RunTime:0.0006s ]
SQL: SHOW COLUMNS FROM `adela_option` [ RunTime:0.0049s ]
SQL: SELECT * FROM `adela_option` WHERE ( optionType="give" )  [ RunTime:0.0006s ]
INFO: [ view_parse ] --START--
INFO: [ template_filter ] --START--
INFO: Run Behavior\ContentReplaceBehavior [ RunTime:0.000621s ]
INFO: [ template_filter ] --END-- [ RunTime:0.001995s ]
INFO: Run Behavior\ParseTemplateBehavior [ RunTime:0.088335s ]
INFO: [ view_parse ] --END-- [ RunTime:0.090058s ]
INFO: [ view_filter ] --START--
INFO: Run Behavior\WriteHtmlCacheBehavior [ RunTime:0.001552s ]
INFO: [ view_filter ] --END-- [ RunTime:0.002957s ]
INFO: [ app_end ] --START--
INFO: Run Behavior\ShowPageTraceBehavior [ RunTime:0.001168s ]
INFO: [ app_end ] --END-- [ RunTime:0.003000s ]

[ 2017-06-19T09:10:49+08:00 ] ::1 /easy-city/index.php/Admin/Machine/index.html
INFO: [ app_init ] --START--
INFO: Run Behavior\BuildLiteBehavior [ RunTime:0.000241s ]
INFO: [ app_init ] --END-- [ RunTime:0.002383s ]
INFO: [ app_begin ] --START--
INFO: Run Behavior\ReadHtmlCacheBehavior [ RunTime:0.001800s ]
INFO: [ app_begin ] --END-- [ RunTime:0.004378s ]
SQL: SHOW COLUMNS FROM `adela_consumption` [ RunTime:0.0051s ]
SQL: SELECT SUM(amount) AS tp_sum FROM `adela_consumption` WHERE ( consTime BETWEEN '2017-06-19 00:00:00' AND '2017-06-19 23:59:59' ) LIMIT 1   [ RunTime:0.0007s ]
SQL: SELECT SUM(amount) AS tp_sum FROM `adela_consumption` WHERE ( consTime BETWEEN '2017-06-01' AND '2017-06-30' ) LIMIT 1   [ RunTime:0.0006s ]
SQL: SHOW COLUMNS FROM `adela_device` [ RunTime:0.0047s ]
NOTIC: [8] Undefined variable: where E:\xampp\htdocs\easy-city\Apps\Admin\Controller\MachineController.class.php 第 39 行.
SQL: SELECT COUNT(*) AS tp_count FROM `adela_device` LIMIT 1   [ RunTime:0.0006s ]
NOTIC: [8] Undefined variable: where E:\xampp\htdocs\easy-city\Apps\Admin\Controller\MachineController.class.php 第 58 行.
SQL: SELECT * FROM `adela_device` ORDER BY deviceId DESC LIMIT 0,5   [ RunTime:0.0007s ]
INFO: [ view_parse ] --START--
INFO: [ template_filter ] --START--
INFO: Run Behavior\ContentReplaceBehavior [ RunTime:0.000678s ]
INFO: [ template_filter ] --END-- [ RunTime:0.002146s ]
INFO: Run Behavior\ParseTemplateBehavior [ RunTime:0.109595s ]
INFO: [ view_parse ] --END-- [ RunTime:0.111265s ]
INFO: [ view_filter ] --START--
INFO: Run Behavior\WriteHtmlCacheBehavior [ RunTime:0.001325s ]
INFO: [ view_filter ] --END-- [ RunTime:0.003079s ]
INFO: [ app_end ] --START--
INFO: Run Behavior\ShowPageTraceBehavior [ RunTime:0.001201s ]
INFO: [ app_end ] --END-- [ RunTime:0.002891s ]

[ 2017-06-19T09:10:51+08:00 ] ::1 /easy-city/index.php/Admin/User/index.html
INFO: [ app_init ] --START--
INFO: Run Behavior\BuildLiteBehavior [ RunTime:0.000243s ]
INFO: [ app_init ] --END-- [ RunTime:0.002164s ]
INFO: [ app_begin ] --START--
INFO: Run Behavior\ReadHtmlCacheBehavior [ RunTime:0.001053s ]
INFO: [ app_begin ] --END-- [ RunTime:0.002502s ]
SQL: SHOW COLUMNS FROM `adela_consumption` [ RunTime:0.0053s ]
SQL: SELECT SUM(amount) AS tp_sum FROM `adela_consumption` WHERE ( consTime BETWEEN '2017-06-19 00:00:00' AND '2017-06-19 23:59:59' ) LIMIT 1   [ RunTime:0.0006s ]
SQL: SELECT SUM(amount) AS tp_sum FROM `adela_consumption` WHERE ( consTime BETWEEN '2017-06-01' AND '2017-06-30' ) LIMIT 1   [ RunTime:0.0006s ]
SQL: SHOW COLUMNS FROM `adela_user` [ RunTime:0.0049s ]
NOTIC: [8] Undefined variable: where E:\xampp\htdocs\easy-city\Apps\Admin\Controller\UserController.class.php 第 39 行.
SQL: SELECT COUNT(*) AS tp_count FROM `adela_user` LIMIT 1   [ RunTime:0.0006s ]
NOTIC: [8] Undefined variable: where E:\xampp\htdocs\easy-city\Apps\Admin\Controller\UserController.class.php 第 58 行.
SQL: SELECT * FROM `adela_user` ORDER BY userId DESC LIMIT 0,10   [ RunTime:0.0007s ]
INFO: [ view_parse ] --START--
INFO: [ template_filter ] --START--
INFO: Run Behavior\ContentReplaceBehavior [ RunTime:0.000653s ]
INFO: [ template_filter ] --END-- [ RunTime:0.001993s ]
INFO: Run Behavior\ParseTemplateBehavior [ RunTime:0.100820s ]
INFO: [ view_parse ] --END-- [ RunTime:0.102370s ]
INFO: [ view_filter ] --START--
INFO: Run Behavior\WriteHtmlCacheBehavior [ RunTime:0.001180s ]
INFO: [ view_filter ] --END-- [ RunTime:0.002499s ]
INFO: [ app_end ] --START--
INFO: Run Behavior\ShowPageTraceBehavior [ RunTime:0.001252s ]
INFO: [ app_end ] --END-- [ RunTime:0.003302s ]

[ 2017-06-19T09:14:39+08:00 ] ::1 /easy-city/index.php/Admin/User/index.html
INFO: [ app_init ] --START--
INFO: Run Behavior\BuildLiteBehavior [ RunTime:0.000244s ]
INFO: [ app_init ] --END-- [ RunTime:0.002118s ]
INFO: [ app_begin ] --START--
INFO: Run Behavior\ReadHtmlCacheBehavior [ RunTime:0.001208s ]
INFO: [ app_begin ] --END-- [ RunTime:0.002588s ]
SQL: SHOW COLUMNS FROM `adela_consumption` [ RunTime:0.0051s ]
SQL: SELECT SUM(amount) AS tp_sum FROM `adela_consumption` WHERE ( consTime BETWEEN '2017-06-19 00:00:00' AND '2017-06-19 23:59:59' ) LIMIT 1   [ RunTime:0.0007s ]
SQL: SELECT SUM(amount) AS tp_sum FROM `adela_consumption` WHERE ( consTime BETWEEN '2017-06-01' AND '2017-06-30' ) LIMIT 1   [ RunTime:0.0006s ]
SQL: SHOW COLUMNS FROM `adela_user` [ RunTime:0.0056s ]
NOTIC: [8] Undefined variable: where E:\xampp\htdocs\easy-city\Apps\Admin\Controller\UserController.class.php 第 39 行.
SQL: SELECT COUNT(*) AS tp_count FROM `adela_user` LIMIT 1   [ RunTime:0.0006s ]
NOTIC: [8] Undefined variable: where E:\xampp\htdocs\easy-city\Apps\Admin\Controller\UserController.class.php 第 58 行.
SQL: SELECT * FROM `adela_user` ORDER BY userId DESC LIMIT 0,10   [ RunTime:0.0006s ]
INFO: [ view_parse ] --START--
INFO: [ template_filter ] --START--
INFO: Run Behavior\ContentReplaceBehavior [ RunTime:0.000599s ]
INFO: [ template_filter ] --END-- [ RunTime:0.002028s ]
INFO: Run Behavior\ParseTemplateBehavior [ RunTime:0.104399s ]
INFO: [ view_parse ] --END-- [ RunTime:0.105776s ]
INFO: [ view_filter ] --START--
INFO: Run Behavior\WriteHtmlCacheBehavior [ RunTime:0.001206s ]
INFO: [ view_filter ] --END-- [ RunTime:0.002571s ]
INFO: [ app_end ] --START--
INFO: Run Behavior\ShowPageTraceBehavior [ RunTime:0.001360s ]
INFO: [ app_end ] --END-- [ RunTime:0.002968s ]

[ 2017-06-19T09:14:45+08:00 ] ::1 /easy-city/index.php/Admin/User/index.html
INFO: [ app_init ] --START--
INFO: Run Behavior\BuildLiteBehavior [ RunTime:0.000259s ]
INFO: [ app_init ] --END-- [ RunTime:0.002087s ]
INFO: [ app_begin ] --START--
INFO: Run Behavior\ReadHtmlCacheBehavior [ RunTime:0.001207s ]
INFO: [ app_begin ] --END-- [ RunTime:0.002779s ]
SQL: SHOW COLUMNS FROM `adela_consumption` [ RunTime:0.0055s ]
SQL: SELECT SUM(amount) AS tp_sum FROM `adela_consumption` WHERE ( consTime BETWEEN '2017-06-19 00:00:00' AND '2017-06-19 23:59:59' ) LIMIT 1   [ RunTime:0.0006s ]
SQL: SELECT SUM(amount) AS tp_sum FROM `adela_consumption` WHERE ( consTime BETWEEN '2017-06-01' AND '2017-06-30' ) LIMIT 1   [ RunTime:0.0006s ]
SQL: SHOW COLUMNS FROM `adela_user` [ RunTime:0.0049s ]
NOTIC: [8] Undefined variable: where E:\xampp\htdocs\easy-city\Apps\Admin\Controller\UserController.class.php 第 39 行.
SQL: SELECT COUNT(*) AS tp_count FROM `adela_user` LIMIT 1   [ RunTime:0.0006s ]
NOTIC: [8] Undefined variable: where E:\xampp\htdocs\easy-city\Apps\Admin\Controller\UserController.class.php 第 58 行.
SQL: SELECT * FROM `adela_user` ORDER BY userId DESC LIMIT 0,10   [ RunTime:0.0007s ]
INFO: [ view_parse ] --START--
INFO: [ template_filter ] --START--
INFO: Run Behavior\ContentReplaceBehavior [ RunTime:0.000690s ]
INFO: [ template_filter ] --END-- [ RunTime:0.002537s ]
INFO: Run Behavior\ParseTemplateBehavior [ RunTime:0.106223s ]
INFO: [ view_parse ] --END-- [ RunTime:0.107607s ]
INFO: [ view_filter ] --START--
INFO: Run Behavior\WriteHtmlCacheBehavior [ RunTime:0.001724s ]
INFO: [ view_filter ] --END-- [ RunTime:0.003405s ]
INFO: [ app_end ] --START--
INFO: Run Behavior\ShowPageTraceBehavior [ RunTime:0.001365s ]
INFO: [ app_end ] --END-- [ RunTime:0.003116s ]

[ 2017-06-19T09:14:48+08:00 ] ::1 /easy-city/index.php/Admin/User/index.html
INFO: [ app_init ] --START--
INFO: Run Behavior\BuildLiteBehavior [ RunTime:0.000269s ]
INFO: [ app_init ] --END-- [ RunTime:0.002407s ]
INFO: [ app_begin ] --START--
INFO: Run Behavior\ReadHtmlCacheBehavior [ RunTime:0.000965s ]
INFO: [ app_begin ] --END-- [ RunTime:0.002287s ]
SQL: SHOW COLUMNS FROM `adela_consumption` [ RunTime:0.0044s ]
SQL: SELECT SUM(amount) AS tp_sum FROM `adela_consumption` WHERE ( consTime BETWEEN '2017-06-19 00:00:00' AND '2017-06-19 23:59:59' ) LIMIT 1   [ RunTime:0.0006s ]
SQL: SELECT SUM(amount) AS tp_sum FROM `adela_consumption` WHERE ( consTime BETWEEN '2017-06-01' AND '2017-06-30' ) LIMIT 1   [ RunTime:0.0006s ]
SQL: SHOW COLUMNS FROM `adela_user` [ RunTime:0.0044s ]
NOTIC: [8] Undefined variable: where E:\xampp\htdocs\easy-city\Apps\Admin\Controller\UserController.class.php 第 39 行.
SQL: SELECT COUNT(*) AS tp_count FROM `adela_user` LIMIT 1   [ RunTime:0.0007s ]
NOTIC: [8] Undefined variable: where E:\xampp\htdocs\easy-city\Apps\Admin\Controller\UserController.class.php 第 58 行.
SQL: SELECT * FROM `adela_user` ORDER BY userId DESC LIMIT 0,10   [ RunTime:0.0006s ]
INFO: [ view_parse ] --START--
INFO: [ template_filter ] --START--
INFO: Run Behavior\ContentReplaceBehavior [ RunTime:0.000619s ]
INFO: [ template_filter ] --END-- [ RunTime:0.001964s ]
INFO: Run Behavior\ParseTemplateBehavior [ RunTime:0.102386s ]
INFO: [ view_parse ] --END-- [ RunTime:0.103819s ]
INFO: [ view_filter ] --START--
INFO: Run Behavior\WriteHtmlCacheBehavior [ RunTime:0.001133s ]
INFO: [ view_filter ] --END-- [ RunTime:0.002506s ]
INFO: [ app_end ] --START--
INFO: Run Behavior\ShowPageTraceBehavior [ RunTime:0.001189s ]
INFO: [ app_end ] --END-- [ RunTime:0.003112s ]

[ 2017-06-19T09:15:40+08:00 ] ::1 /easy-city/index.php/Admin/User/index.html
INFO: [ app_init ] --START--
INFO: Run Behavior\BuildLiteBehavior [ RunTime:0.000236s ]
INFO: [ app_init ] --END-- [ RunTime:0.002104s ]
INFO: [ app_begin ] --START--
INFO: Run Behavior\ReadHtmlCacheBehavior [ RunTime:0.001319s ]
INFO: [ app_begin ] --END-- [ RunTime:0.002941s ]
SQL: SHOW COLUMNS FROM `adela_consumption` [ RunTime:0.0047s ]
SQL: SELECT SUM(amount) AS tp_sum FROM `adela_consumption` WHERE ( consTime BETWEEN '2017-06-19 00:00:00' AND '2017-06-19 23:59:59' ) LIMIT 1   [ RunTime:0.0006s ]
SQL: SELECT SUM(amount) AS tp_sum FROM `adela_consumption` WHERE ( consTime BETWEEN '2017-06-01' AND '2017-06-30' ) LIMIT 1   [ RunTime:0.0007s ]
SQL: SHOW COLUMNS FROM `adela_user` [ RunTime:0.0045s ]
NOTIC: [8] Undefined variable: where E:\xampp\htdocs\easy-city\Apps\Admin\Controller\UserController.class.php 第 39 行.
SQL: SELECT COUNT(*) AS tp_count FROM `adela_user` LIMIT 1   [ RunTime:0.0006s ]
NOTIC: [8] Undefined variable: where E:\xampp\htdocs\easy-city\Apps\Admin\Controller\UserController.class.php 第 58 行.
SQL: SELECT * FROM `adela_user` ORDER BY userId DESC LIMIT 0,10   [ RunTime:0.0006s ]
INFO: [ view_parse ] --START--
INFO: [ template_filter ] --START--
INFO: Run Behavior\ContentReplaceBehavior [ RunTime:0.000620s ]
INFO: [ template_filter ] --END-- [ RunTime:0.001978s ]
INFO: Run Behavior\ParseTemplateBehavior [ RunTime:0.107979s ]
INFO: [ view_parse ] --END-- [ RunTime:0.109536s ]
INFO: [ view_filter ] --START--
INFO: Run Behavior\WriteHtmlCacheBehavior [ RunTime:0.001182s ]
INFO: [ view_filter ] --END-- [ RunTime:0.002544s ]
INFO: [ app_end ] --START--
INFO: Run Behavior\ShowPageTraceBehavior [ RunTime:0.001424s ]
INFO: [ app_end ] --END-- [ RunTime:0.003504s ]

[ 2017-06-19T09:15:47+08:00 ] ::1 /easy-city/index.php/Admin/User/index.html
INFO: [ app_init ] --START--
INFO: Run Behavior\BuildLiteBehavior [ RunTime:0.000232s ]
INFO: [ app_init ] --END-- [ RunTime:0.002052s ]
INFO: [ app_begin ] --START--
INFO: Run Behavior\ReadHtmlCacheBehavior [ RunTime:0.001000s ]
INFO: [ app_begin ] --END-- [ RunTime:0.002354s ]
SQL: SHOW COLUMNS FROM `adela_consumption` [ RunTime:0.0051s ]
SQL: SELECT SUM(amount) AS tp_sum FROM `adela_consumption` WHERE ( consTime BETWEEN '2017-06-19 00:00:00' AND '2017-06-19 23:59:59' ) LIMIT 1   [ RunTime:0.0006s ]
SQL: SELECT SUM(amount) AS tp_sum FROM `adela_consumption` WHERE ( consTime BETWEEN '2017-06-01' AND '2017-06-30' ) LIMIT 1   [ RunTime:0.0006s ]
SQL: SHOW COLUMNS FROM `adela_user` [ RunTime:0.0053s ]
NOTIC: [8] Undefined variable: where E:\xampp\htdocs\easy-city\Apps\Admin\Controller\UserController.class.php 第 39 行.
SQL: SELECT COUNT(*) AS tp_count FROM `adela_user` LIMIT 1   [ RunTime:0.0008s ]
NOTIC: [8] Undefined variable: where E:\xampp\htdocs\easy-city\Apps\Admin\Controller\UserController.class.php 第 58 行.
SQL: SELECT * FROM `adela_user` ORDER BY userId DESC LIMIT 0,10   [ RunTime:0.0007s ]
INFO: [ view_parse ] --START--
INFO: [ template_filter ] --START--
INFO: Run Behavior\ContentReplaceBehavior [ RunTime:0.000622s ]
INFO: [ template_filter ] --END-- [ RunTime:0.002026s ]
INFO: Run Behavior\ParseTemplateBehavior [ RunTime:0.105180s ]
INFO: [ view_parse ] --END-- [ RunTime:0.106655s ]
INFO: [ view_filter ] --START--
INFO: Run Behavior\WriteHtmlCacheBehavior [ RunTime:0.001049s ]
INFO: [ view_filter ] --END-- [ RunTime:0.002466s ]
INFO: [ app_end ] --START--
INFO: Run Behavior\ShowPageTraceBehavior [ RunTime:0.001564s ]
INFO: [ app_end ] --END-- [ RunTime:0.003925s ]

[ 2017-06-19T09:15:55+08:00 ] ::1 /easy-city/index.php/Admin/User/index.html
INFO: [ app_init ] --START--
INFO: Run Behavior\BuildLiteBehavior [ RunTime:0.000270s ]
INFO: [ app_init ] --END-- [ RunTime:0.002239s ]
INFO: [ app_begin ] --START--
INFO: Run Behavior\ReadHtmlCacheBehavior [ RunTime:0.001148s ]
INFO: [ app_begin ] --END-- [ RunTime:0.002621s ]
SQL: SHOW COLUMNS FROM `adela_consumption` [ RunTime:0.0044s ]
SQL: SELECT SUM(amount) AS tp_sum FROM `adela_consumption` WHERE ( consTime BETWEEN '2017-06-19 00:00:00' AND '2017-06-19 23:59:59' ) LIMIT 1   [ RunTime:0.0006s ]
SQL: SELECT SUM(amount) AS tp_sum FROM `adela_consumption` WHERE ( consTime BETWEEN '2017-06-01' AND '2017-06-30' ) LIMIT 1   [ RunTime:0.0005s ]
SQL: SHOW COLUMNS FROM `adela_user` [ RunTime:0.0055s ]
NOTIC: [8] Undefined variable: where E:\xampp\htdocs\easy-city\Apps\Admin\Controller\UserController.class.php 第 39 行.
SQL: SELECT COUNT(*) AS tp_count FROM `adela_user` LIMIT 1   [ RunTime:0.0006s ]
NOTIC: [8] Undefined variable: where E:\xampp\htdocs\easy-city\Apps\Admin\Controller\UserController.class.php 第 58 行.
SQL: SELECT * FROM `adela_user` ORDER BY userId DESC LIMIT 0,10   [ RunTime:0.0008s ]
INFO: [ view_parse ] --START--
INFO: [ template_filter ] --START--
INFO: Run Behavior\ContentReplaceBehavior [ RunTime:0.000677s ]
INFO: [ template_filter ] --END-- [ RunTime:0.002232s ]
INFO: Run Behavior\ParseTemplateBehavior [ RunTime:0.116126s ]
INFO: [ view_parse ] --END-- [ RunTime:0.117794s ]
INFO: [ view_filter ] --START--
INFO: Run Behavior\WriteHtmlCacheBehavior [ RunTime:0.001115s ]
INFO: [ view_filter ] --END-- [ RunTime:0.002579s ]
INFO: [ app_end ] --START--
INFO: Run Behavior\ShowPageTraceBehavior [ RunTime:0.001184s ]
INFO: [ app_end ] --END-- [ RunTime:0.006004s ]

[ 2017-06-19T09:16:13+08:00 ] ::1 /easy-city/index.php/Admin/User/index.html
INFO: [ app_init ] --START--
INFO: Run Behavior\BuildLiteBehavior [ RunTime:0.000338s ]
INFO: [ app_init ] --END-- [ RunTime:0.002132s ]
INFO: [ app_begin ] --START--
INFO: Run Behavior\ReadHtmlCacheBehavior [ RunTime:0.001202s ]
INFO: [ app_begin ] --END-- [ RunTime:0.002501s ]
SQL: SHOW COLUMNS FROM `adela_consumption` [ RunTime:0.0058s ]
SQL: SELECT SUM(amount) AS tp_sum FROM `adela_consumption` WHERE ( consTime BETWEEN '2017-06-19 00:00:00' AND '2017-06-19 23:59:59' ) LIMIT 1   [ RunTime:0.0007s ]
SQL: SELECT SUM(amount) AS tp_sum FROM `adela_consumption` WHERE ( consTime BETWEEN '2017-06-01' AND '2017-06-30' ) LIMIT 1   [ RunTime:0.0006s ]
SQL: SHOW COLUMNS FROM `adela_user` [ RunTime:0.0052s ]
NOTIC: [8] Undefined variable: where E:\xampp\htdocs\easy-city\Apps\Admin\Controller\UserController.class.php 第 39 行.
SQL: SELECT COUNT(*) AS tp_count FROM `adela_user` LIMIT 1   [ RunTime:0.0006s ]
NOTIC: [8] Undefined variable: where E:\xampp\htdocs\easy-city\Apps\Admin\Controller\UserController.class.php 第 58 行.
SQL: SELECT * FROM `adela_user` ORDER BY userId DESC LIMIT 0,10   [ RunTime:0.0006s ]
INFO: [ view_parse ] --START--
INFO: [ template_filter ] --START--
INFO: Run Behavior\ContentReplaceBehavior [ RunTime:0.000619s ]
INFO: [ template_filter ] --END-- [ RunTime:0.002054s ]
INFO: Run Behavior\ParseTemplateBehavior [ RunTime:0.103594s ]
INFO: [ view_parse ] --END-- [ RunTime:0.105110s ]
INFO: [ view_filter ] --START--
INFO: Run Behavior\WriteHtmlCacheBehavior [ RunTime:0.001231s ]
INFO: [ view_filter ] --END-- [ RunTime:0.002601s ]
INFO: [ app_end ] --START--
INFO: Run Behavior\ShowPageTraceBehavior [ RunTime:0.005242s ]
INFO: [ app_end ] --END-- [ RunTime:0.011512s ]

[ 2017-06-19T09:16:20+08:00 ] ::1 /easy-city/index.php/Admin/Machine/index.html
INFO: [ app_init ] --START--
INFO: Run Behavior\BuildLiteBehavior [ RunTime:0.000239s ]
INFO: [ app_init ] --END-- [ RunTime:0.002102s ]
INFO: [ app_begin ] --START--
INFO: Run Behavior\ReadHtmlCacheBehavior [ RunTime:0.001048s ]
INFO: [ app_begin ] --END-- [ RunTime:0.002369s ]
SQL: SHOW COLUMNS FROM `adela_consumption` [ RunTime:0.0051s ]
SQL: SELECT SUM(amount) AS tp_sum FROM `adela_consumption` WHERE ( consTime BETWEEN '2017-06-19 00:00:00' AND '2017-06-19 23:59:59' ) LIMIT 1   [ RunTime:0.0006s ]
SQL: SELECT SUM(amount) AS tp_sum FROM `adela_consumption` WHERE ( consTime BETWEEN '2017-06-01' AND '2017-06-30' ) LIMIT 1   [ RunTime:0.0006s ]
SQL: SHOW COLUMNS FROM `adela_device` [ RunTime:0.0047s ]
NOTIC: [8] Undefined variable: where E:\xampp\htdocs\easy-city\Apps\Admin\Controller\MachineController.class.php 第 39 行.
SQL: SELECT COUNT(*) AS tp_count FROM `adela_device` LIMIT 1   [ RunTime:0.0006s ]
NOTIC: [8] Undefined variable: where E:\xampp\htdocs\easy-city\Apps\Admin\Controller\MachineController.class.php 第 58 行.
SQL: SELECT * FROM `adela_device` ORDER BY deviceId DESC LIMIT 0,5   [ RunTime:0.0006s ]
INFO: [ view_parse ] --START--
INFO: [ template_filter ] --START--
INFO: Run Behavior\ContentReplaceBehavior [ RunTime:0.000677s ]
INFO: [ template_filter ] --END-- [ RunTime:0.002064s ]
INFO: Run Behavior\ParseTemplateBehavior [ RunTime:0.095480s ]
INFO: [ view_parse ] --END-- [ RunTime:0.096909s ]
INFO: [ view_filter ] --START--
INFO: Run Behavior\WriteHtmlCacheBehavior [ RunTime:0.000997s ]
INFO: [ view_filter ] --END-- [ RunTime:0.002338s ]
INFO: [ app_end ] --START--
INFO: Run Behavior\ShowPageTraceBehavior [ RunTime:0.003442s ]
INFO: [ app_end ] --END-- [ RunTime:0.005305s ]

[ 2017-06-19T09:26:00+08:00 ] ::1 /easy-city/index.php/Admin/Machine/index.html
INFO: [ app_init ] --START--
INFO: Run Behavior\BuildLiteBehavior [ RunTime:0.000246s ]
INFO: [ app_init ] --END-- [ RunTime:0.002447s ]
INFO: [ app_begin ] --START--
INFO: Run Behavior\ReadHtmlCacheBehavior [ RunTime:0.001839s ]
INFO: [ app_begin ] --END-- [ RunTime:0.004462s ]
SQL: SHOW COLUMNS FROM `adela_consumption` [ RunTime:0.0434s ]
SQL: SELECT SUM(amount) AS tp_sum FROM `adela_consumption` WHERE ( consTime BETWEEN '2017-06-19 00:00:00' AND '2017-06-19 23:59:59' ) LIMIT 1   [ RunTime:0.0006s ]
SQL: SELECT SUM(amount) AS tp_sum FROM `adela_consumption` WHERE ( consTime BETWEEN '2017-06-01' AND '2017-06-30' ) LIMIT 1   [ RunTime:0.0006s ]
SQL: SHOW COLUMNS FROM `adela_device` [ RunTime:0.0065s ]
NOTIC: [8] Undefined variable: where E:\xampp\htdocs\easy-city\Apps\Admin\Controller\MachineController.class.php 第 39 行.
SQL: SELECT COUNT(*) AS tp_count FROM `adela_device` LIMIT 1   [ RunTime:0.0006s ]
NOTIC: [8] Undefined variable: where E:\xampp\htdocs\easy-city\Apps\Admin\Controller\MachineController.class.php 第 58 行.
SQL: SELECT * FROM `adela_device` ORDER BY deviceId DESC LIMIT 0,5   [ RunTime:0.0007s ]
INFO: [ view_parse ] --START--
INFO: [ template_filter ] --START--
INFO: Run Behavior\ContentReplaceBehavior [ RunTime:0.000603s ]
INFO: [ template_filter ] --END-- [ RunTime:0.002038s ]
INFO: Run Behavior\ParseTemplateBehavior [ RunTime:0.108924s ]
INFO: [ view_parse ] --END-- [ RunTime:0.110498s ]
INFO: [ view_filter ] --START--
INFO: Run Behavior\WriteHtmlCacheBehavior [ RunTime:0.001439s ]
INFO: [ view_filter ] --END-- [ RunTime:0.002873s ]
INFO: [ app_end ] --START--
INFO: Run Behavior\ShowPageTraceBehavior [ RunTime:0.001723s ]
INFO: [ app_end ] --END-- [ RunTime:0.003690s ]

[ 2017-06-19T09:26:02+08:00 ] ::1 /easy-city/index.php/Admin/News/index.html
INFO: [ app_init ] --START--
INFO: Run Behavior\BuildLiteBehavior [ RunTime:0.000238s ]
INFO: [ app_init ] --END-- [ RunTime:0.002065s ]
INFO: [ app_begin ] --START--
INFO: Run Behavior\ReadHtmlCacheBehavior [ RunTime:0.001339s ]
INFO: [ app_begin ] --END-- [ RunTime:0.002660s ]
SQL: SHOW COLUMNS FROM `adela_consumption` [ RunTime:0.0047s ]
SQL: SELECT SUM(amount) AS tp_sum FROM `adela_consumption` WHERE ( consTime BETWEEN '2017-06-19 00:00:00' AND '2017-06-19 23:59:59' ) LIMIT 1   [ RunTime:0.0007s ]
SQL: SELECT SUM(amount) AS tp_sum FROM `adela_consumption` WHERE ( consTime BETWEEN '2017-06-01' AND '2017-06-30' ) LIMIT 1   [ RunTime:0.0006s ]
SQL: SHOW COLUMNS FROM `adela_article` [ RunTime:0.0047s ]
NOTIC: [8] Undefined variable: where E:\xampp\htdocs\easy-city\Apps\Admin\Controller\NewsController.class.php 第 39 行.
SQL: SELECT COUNT(*) AS tp_count FROM `adela_article` LIMIT 1   [ RunTime:0.0006s ]
NOTIC: [8] Undefined variable: where E:\xampp\htdocs\easy-city\Apps\Admin\Controller\NewsController.class.php 第 58 行.
SQL: SELECT * FROM `adela_article` ORDER BY articleId DESC LIMIT 0,5   [ RunTime:0.0006s ]
INFO: [ view_parse ] --START--
INFO: [ template_filter ] --START--
INFO: Run Behavior\ContentReplaceBehavior [ RunTime:0.000601s ]
INFO: [ template_filter ] --END-- [ RunTime:0.002009s ]
INFO: Run Behavior\ParseTemplateBehavior [ RunTime:0.101416s ]
INFO: [ view_parse ] --END-- [ RunTime:0.102979s ]
INFO: [ view_filter ] --START--
INFO: Run Behavior\WriteHtmlCacheBehavior [ RunTime:0.002062s ]
INFO: [ view_filter ] --END-- [ RunTime:0.003389s ]
INFO: [ app_end ] --START--
INFO: Run Behavior\ShowPageTraceBehavior [ RunTime:0.001533s ]
INFO: [ app_end ] --END-- [ RunTime:0.003479s ]

[ 2017-06-19T09:26:23+08:00 ] ::1 /easy-city/index.php/Admin/News/index.html
INFO: [ app_init ] --START--
INFO: Run Behavior\BuildLiteBehavior [ RunTime:0.000458s ]
INFO: [ app_init ] --END-- [ RunTime:0.002794s ]
INFO: [ app_begin ] --START--
INFO: Run Behavior\ReadHtmlCacheBehavior [ RunTime:0.001327s ]
INFO: [ app_begin ] --END-- [ RunTime:0.002673s ]
SQL: SHOW COLUMNS FROM `adela_consumption` [ RunTime:0.0054s ]
SQL: SELECT SUM(amount) AS tp_sum FROM `adela_consumption` WHERE ( consTime BETWEEN '2017-06-19 00:00:00' AND '2017-06-19 23:59:59' ) LIMIT 1   [ RunTime:0.0006s ]
SQL: SELECT SUM(amount) AS tp_sum FROM `adela_consumption` WHERE ( consTime BETWEEN '2017-06-01' AND '2017-06-30' ) LIMIT 1   [ RunTime:0.0006s ]
SQL: SHOW COLUMNS FROM `adela_article` [ RunTime:0.0049s ]
NOTIC: [8] Undefined variable: where E:\xampp\htdocs\easy-city\Apps\Admin\Controller\NewsController.class.php 第 39 行.
SQL: SELECT COUNT(*) AS tp_count FROM `adela_article` LIMIT 1   [ RunTime:0.0006s ]
NOTIC: [8] Undefined variable: where E:\xampp\htdocs\easy-city\Apps\Admin\Controller\NewsController.class.php 第 58 行.
SQL: SELECT * FROM `adela_article` ORDER BY articleId DESC LIMIT 0,5   [ RunTime:0.0006s ]
INFO: [ view_parse ] --START--
INFO: [ template_filter ] --START--
INFO: Run Behavior\ContentReplaceBehavior [ RunTime:0.000630s ]
INFO: [ template_filter ] --END-- [ RunTime:0.001980s ]
INFO: Run Behavior\ParseTemplateBehavior [ RunTime:0.104097s ]
INFO: [ view_parse ] --END-- [ RunTime:0.105523s ]
INFO: [ view_filter ] --START--
INFO: Run Behavior\WriteHtmlCacheBehavior [ RunTime:0.001416s ]
INFO: [ view_filter ] --END-- [ RunTime:0.002714s ]
INFO: [ app_end ] --START--
INFO: Run Behavior\ShowPageTraceBehavior [ RunTime:0.001599s ]
INFO: [ app_end ] --END-- [ RunTime:0.004310s ]

[ 2017-06-19T09:29:16+08:00 ] ::1 /easy-city/index.php/Admin/News/view
INFO: [ app_init ] --START--
INFO: Run Behavior\BuildLiteBehavior [ RunTime:0.000286s ]
INFO: [ app_init ] --END-- [ RunTime:0.003457s ]
INFO: [ app_begin ] --START--
INFO: Run Behavior\ReadHtmlCacheBehavior [ RunTime:0.001327s ]
INFO: [ app_begin ] --END-- [ RunTime:0.002729s ]
SQL: SHOW COLUMNS FROM `adela_consumption` [ RunTime:0.0045s ]
SQL: SELECT SUM(amount) AS tp_sum FROM `adela_consumption` WHERE ( consTime BETWEEN '2017-06-19 00:00:00' AND '2017-06-19 23:59:59' ) LIMIT 1   [ RunTime:0.0006s ]
SQL: SELECT SUM(amount) AS tp_sum FROM `adela_consumption` WHERE ( consTime BETWEEN '2017-06-01' AND '2017-06-30' ) LIMIT 1   [ RunTime:0.0006s ]
INFO: [ view_parse ] --START--
INFO: [ template_filter ] --START--
INFO: Run Behavior\ContentReplaceBehavior [ RunTime:0.000597s ]
INFO: [ template_filter ] --END-- [ RunTime:0.001974s ]
NOTIC: [8] Undefined variable: row E:\xampp\htdocs\easy-city\Apps\Runtime\Cache\Admin\21aaab3b7b4e9b9f4dd497ad6a46e024.php 第 118 行.
NOTIC: [8] Undefined variable: row E:\xampp\htdocs\easy-city\Apps\Runtime\Cache\Admin\21aaab3b7b4e9b9f4dd497ad6a46e024.php 第 127 行.
NOTIC: [8] Undefined variable: row E:\xampp\htdocs\easy-city\Apps\Runtime\Cache\Admin\21aaab3b7b4e9b9f4dd497ad6a46e024.php 第 135 行.
NOTIC: [8] Undefined variable: row E:\xampp\htdocs\easy-city\Apps\Runtime\Cache\Admin\21aaab3b7b4e9b9f4dd497ad6a46e024.php 第 141 行.
NOTIC: [8] Undefined variable: row E:\xampp\htdocs\easy-city\Apps\Runtime\Cache\Admin\21aaab3b7b4e9b9f4dd497ad6a46e024.php 第 147 行.
INFO: Run Behavior\ParseTemplateBehavior [ RunTime:0.082923s ]
INFO: [ view_parse ] --END-- [ RunTime:0.084268s ]
INFO: [ view_filter ] --START--
INFO: Run Behavior\WriteHtmlCacheBehavior [ RunTime:0.001408s ]
INFO: [ view_filter ] --END-- [ RunTime:0.002700s ]
INFO: [ app_end ] --START--
INFO: Run Behavior\ShowPageTraceBehavior [ RunTime:0.001304s ]
INFO: [ app_end ] --END-- [ RunTime:0.002643s ]

[ 2017-06-19T10:12:21+08:00 ] ::1 /easy-city/index.php/Admin/News/view
INFO: [ app_init ] --START--
INFO: Run Behavior\BuildLiteBehavior [ RunTime:0.000301s ]
INFO: [ app_init ] --END-- [ RunTime:0.002203s ]
INFO: [ app_begin ] --START--
INFO: Run Behavior\ReadHtmlCacheBehavior [ RunTime:0.001228s ]
INFO: [ app_begin ] --END-- [ RunTime:0.002643s ]
SQL: SHOW COLUMNS FROM `adela_consumption` [ RunTime:0.0417s ]
SQL: SELECT SUM(amount) AS tp_sum FROM `adela_consumption` WHERE ( consTime BETWEEN '2017-06-19 00:00:00' AND '2017-06-19 23:59:59' ) LIMIT 1   [ RunTime:0.0008s ]
SQL: SELECT SUM(amount) AS tp_sum FROM `adela_consumption` WHERE ( consTime BETWEEN '2017-06-01' AND '2017-06-30' ) LIMIT 1   [ RunTime:0.0006s ]
INFO: [ view_parse ] --START--
INFO: [ template_filter ] --START--
INFO: Run Behavior\ContentReplaceBehavior [ RunTime:0.000598s ]
INFO: [ template_filter ] --END-- [ RunTime:0.001973s ]
NOTIC: [8] Undefined variable: row E:\xampp\htdocs\easy-city\Apps\Runtime\Cache\Admin\21aaab3b7b4e9b9f4dd497ad6a46e024.php 第 122 行.
NOTIC: [8] Undefined variable: row E:\xampp\htdocs\easy-city\Apps\Runtime\Cache\Admin\21aaab3b7b4e9b9f4dd497ad6a46e024.php 第 131 行.
NOTIC: [8] Undefined variable: row E:\xampp\htdocs\easy-city\Apps\Runtime\Cache\Admin\21aaab3b7b4e9b9f4dd497ad6a46e024.php 第 139 行.
NOTIC: [8] Undefined variable: row E:\xampp\htdocs\easy-city\Apps\Runtime\Cache\Admin\21aaab3b7b4e9b9f4dd497ad6a46e024.php 第 145 行.
NOTIC: [8] Undefined variable: row E:\xampp\htdocs\easy-city\Apps\Runtime\Cache\Admin\21aaab3b7b4e9b9f4dd497ad6a46e024.php 第 151 行.
INFO: Run Behavior\ParseTemplateBehavior [ RunTime:0.086927s ]
INFO: [ view_parse ] --END-- [ RunTime:0.088622s ]
INFO: [ view_filter ] --START--
INFO: Run Behavior\WriteHtmlCacheBehavior [ RunTime:0.001264s ]
INFO: [ view_filter ] --END-- [ RunTime:0.002652s ]
INFO: [ app_end ] --START--
INFO: Run Behavior\ShowPageTraceBehavior [ RunTime:0.001149s ]
INFO: [ app_end ] --END-- [ RunTime:0.002538s ]

[ 2017-06-19T10:13:17+08:00 ] ::1 /easy-city/index.php/Admin/News/view
INFO: [ app_init ] --START--
INFO: Run Behavior\BuildLiteBehavior [ RunTime:0.000238s ]
INFO: [ app_init ] --END-- [ RunTime:0.002435s ]
INFO: [ app_begin ] --START--
INFO: Run Behavior\ReadHtmlCacheBehavior [ RunTime:0.001376s ]
INFO: [ app_begin ] --END-- [ RunTime:0.002716s ]
SQL: SHOW COLUMNS FROM `adela_consumption` [ RunTime:0.0043s ]
SQL: SELECT SUM(amount) AS tp_sum FROM `adela_consumption` WHERE ( consTime BETWEEN '2017-06-19 00:00:00' AND '2017-06-19 23:59:59' ) LIMIT 1   [ RunTime:0.0006s ]
SQL: SELECT SUM(amount) AS tp_sum FROM `adela_consumption` WHERE ( consTime BETWEEN '2017-06-01' AND '2017-06-30' ) LIMIT 1   [ RunTime:0.0007s ]
INFO: [ view_parse ] --START--
INFO: [ template_filter ] --START--
INFO: Run Behavior\ContentReplaceBehavior [ RunTime:0.000781s ]
INFO: [ template_filter ] --END-- [ RunTime:0.002406s ]
NOTIC: [8] Undefined variable: row E:\xampp\htdocs\easy-city\Apps\Runtime\Cache\Admin\21aaab3b7b4e9b9f4dd497ad6a46e024.php 第 122 行.
NOTIC: [8] Undefined variable: row E:\xampp\htdocs\easy-city\Apps\Runtime\Cache\Admin\21aaab3b7b4e9b9f4dd497ad6a46e024.php 第 131 行.
NOTIC: [8] Undefined variable: row E:\xampp\htdocs\easy-city\Apps\Runtime\Cache\Admin\21aaab3b7b4e9b9f4dd497ad6a46e024.php 第 139 行.
NOTIC: [8] Undefined variable: row E:\xampp\htdocs\easy-city\Apps\Runtime\Cache\Admin\21aaab3b7b4e9b9f4dd497ad6a46e024.php 第 145 行.
NOTIC: [8] Undefined variable: row E:\xampp\htdocs\easy-city\Apps\Runtime\Cache\Admin\21aaab3b7b4e9b9f4dd497ad6a46e024.php 第 151 行.
INFO: Run Behavior\ParseTemplateBehavior [ RunTime:0.087231s ]
INFO: [ view_parse ] --END-- [ RunTime:0.088948s ]
INFO: [ view_filter ] --START--
INFO: Run Behavior\WriteHtmlCacheBehavior [ RunTime:0.001718s ]
INFO: [ view_filter ] --END-- [ RunTime:0.003368s ]
INFO: [ app_end ] --START--
INFO: Run Behavior\ShowPageTraceBehavior [ RunTime:0.001435s ]
INFO: [ app_end ] --END-- [ RunTime:0.002796s ]

[ 2017-06-19T10:13:19+08:00 ] ::1 /easy-city/index.php/Admin/News/view
INFO: [ app_init ] --START--
INFO: Run Behavior\BuildLiteBehavior [ RunTime:0.000259s ]
INFO: [ app_init ] --END-- [ RunTime:0.001892s ]
INFO: [ app_begin ] --START--
INFO: Run Behavior\ReadHtmlCacheBehavior [ RunTime:0.001007s ]
INFO: [ app_begin ] --END-- [ RunTime:0.002350s ]
SQL: SHOW COLUMNS FROM `adela_consumption` [ RunTime:0.0042s ]
SQL: SELECT SUM(amount) AS tp_sum FROM `adela_consumption` WHERE ( consTime BETWEEN '2017-06-19 00:00:00' AND '2017-06-19 23:59:59' ) LIMIT 1   [ RunTime:0.0006s ]
SQL: SELECT SUM(amount) AS tp_sum FROM `adela_consumption` WHERE ( consTime BETWEEN '2017-06-01' AND '2017-06-30' ) LIMIT 1   [ RunTime:0.0006s ]
INFO: [ view_parse ] --START--
INFO: [ template_filter ] --START--
INFO: Run Behavior\ContentReplaceBehavior [ RunTime:0.000706s ]
INFO: [ template_filter ] --END-- [ RunTime:0.002191s ]
NOTIC: [8] Undefined variable: row E:\xampp\htdocs\easy-city\Apps\Runtime\Cache\Admin\21aaab3b7b4e9b9f4dd497ad6a46e024.php 第 122 行.
NOTIC: [8] Undefined variable: row E:\xampp\htdocs\easy-city\Apps\Runtime\Cache\Admin\21aaab3b7b4e9b9f4dd497ad6a46e024.php 第 131 行.
NOTIC: [8] Undefined variable: row E:\xampp\htdocs\easy-city\Apps\Runtime\Cache\Admin\21aaab3b7b4e9b9f4dd497ad6a46e024.php 第 139 行.
NOTIC: [8] Undefined variable: row E:\xampp\htdocs\easy-city\Apps\Runtime\Cache\Admin\21aaab3b7b4e9b9f4dd497ad6a46e024.php 第 145 行.
NOTIC: [8] Undefined variable: row E:\xampp\htdocs\easy-city\Apps\Runtime\Cache\Admin\21aaab3b7b4e9b9f4dd497ad6a46e024.php 第 151 行.
INFO: Run Behavior\ParseTemplateBehavior [ RunTime:0.086221s ]
INFO: [ view_parse ] --END-- [ RunTime:0.087573s ]
INFO: [ view_filter ] --START--
INFO: Run Behavior\WriteHtmlCacheBehavior [ RunTime:0.001025s ]
INFO: [ view_filter ] --END-- [ RunTime:0.002366s ]
INFO: [ app_end ] --START--
INFO: Run Behavior\ShowPageTraceBehavior [ RunTime:0.000948s ]
INFO: [ app_end ] --END-- [ RunTime:0.002269s ]

[ 2017-06-19T10:13:22+08:00 ] ::1 /easy-city/index.php/Admin/News/view
INFO: [ app_init ] --START--
INFO: Run Behavior\BuildLiteBehavior [ RunTime:0.000248s ]
INFO: [ app_init ] --END-- [ RunTime:0.002059s ]
INFO: [ app_begin ] --START--
INFO: Run Behavior\ReadHtmlCacheBehavior [ RunTime:0.001128s ]
INFO: [ app_begin ] --END-- [ RunTime:0.002639s ]
SQL: SHOW COLUMNS FROM `adela_consumption` [ RunTime:0.0054s ]
SQL: SELECT SUM(amount) AS tp_sum FROM `adela_consumption` WHERE ( consTime BETWEEN '2017-06-19 00:00:00' AND '2017-06-19 23:59:59' ) LIMIT 1   [ RunTime:0.0005s ]
SQL: SELECT SUM(amount) AS tp_sum FROM `adela_consumption` WHERE ( consTime BETWEEN '2017-06-01' AND '2017-06-30' ) LIMIT 1   [ RunTime:0.0005s ]
INFO: [ view_parse ] --START--
INFO: [ template_filter ] --START--
INFO: Run Behavior\ContentReplaceBehavior [ RunTime:0.000676s ]
INFO: [ template_filter ] --END-- [ RunTime:0.002173s ]
NOTIC: [8] Undefined variable: row E:\xampp\htdocs\easy-city\Apps\Runtime\Cache\Admin\21aaab3b7b4e9b9f4dd497ad6a46e024.php 第 122 行.
NOTIC: [8] Undefined variable: row E:\xampp\htdocs\easy-city\Apps\Runtime\Cache\Admin\21aaab3b7b4e9b9f4dd497ad6a46e024.php 第 131 行.
NOTIC: [8] Undefined variable: row E:\xampp\htdocs\easy-city\Apps\Runtime\Cache\Admin\21aaab3b7b4e9b9f4dd497ad6a46e024.php 第 139 行.
NOTIC: [8] Undefined variable: row E:\xampp\htdocs\easy-city\Apps\Runtime\Cache\Admin\21aaab3b7b4e9b9f4dd497ad6a46e024.php 第 145 行.
NOTIC: [8] Undefined variable: row E:\xampp\htdocs\easy-city\Apps\Runtime\Cache\Admin\21aaab3b7b4e9b9f4dd497ad6a46e024.php 第 151 行.
INFO: Run Behavior\ParseTemplateBehavior [ RunTime:0.093452s ]
INFO: [ view_parse ] --END-- [ RunTime:0.095313s ]
INFO: [ view_filter ] --START--
INFO: Run Behavior\WriteHtmlCacheBehavior [ RunTime:0.001022s ]
INFO: [ view_filter ] --END-- [ RunTime:0.002342s ]
INFO: [ app_end ] --START--
INFO: Run Behavior\ShowPageTraceBehavior [ RunTime:0.001102s ]
INFO: [ app_end ] --END-- [ RunTime:0.002953s ]

[ 2017-06-19T10:14:12+08:00 ] ::1 /easy-city/index.php/Admin/News/view
INFO: [ app_init ] --START--
INFO: Run Behavior\BuildLiteBehavior [ RunTime:0.000424s ]
INFO: [ app_init ] --END-- [ RunTime:0.003595s ]
INFO: [ app_begin ] --START--
INFO: Run Behavior\ReadHtmlCacheBehavior [ RunTime:0.001034s ]
INFO: [ app_begin ] --END-- [ RunTime:0.002410s ]
SQL: SHOW COLUMNS FROM `adela_consumption` [ RunTime:0.0045s ]
SQL: SELECT SUM(amount) AS tp_sum FROM `adela_consumption` WHERE ( consTime BETWEEN '2017-06-19 00:00:00' AND '2017-06-19 23:59:59' ) LIMIT 1   [ RunTime:0.0006s ]
SQL: SELECT SUM(amount) AS tp_sum FROM `adela_consumption` WHERE ( consTime BETWEEN '2017-06-01' AND '2017-06-30' ) LIMIT 1   [ RunTime:0.0006s ]
INFO: [ view_parse ] --START--
INFO: [ template_filter ] --START--
INFO: Run Behavior\ContentReplaceBehavior [ RunTime:0.000782s ]
INFO: [ template_filter ] --END-- [ RunTime:0.002121s ]
NOTIC: [8] Undefined variable: row E:\xampp\htdocs\easy-city\Apps\Runtime\Cache\Admin\21aaab3b7b4e9b9f4dd497ad6a46e024.php 第 122 行.
NOTIC: [8] Undefined variable: row E:\xampp\htdocs\easy-city\Apps\Runtime\Cache\Admin\21aaab3b7b4e9b9f4dd497ad6a46e024.php 第 131 行.
NOTIC: [8] Undefined variable: row E:\xampp\htdocs\easy-city\Apps\Runtime\Cache\Admin\21aaab3b7b4e9b9f4dd497ad6a46e024.php 第 139 行.
NOTIC: [8] Undefined variable: row E:\xampp\htdocs\easy-city\Apps\Runtime\Cache\Admin\21aaab3b7b4e9b9f4dd497ad6a46e024.php 第 145 行.
NOTIC: [8] Undefined variable: row E:\xampp\htdocs\easy-city\Apps\Runtime\Cache\Admin\21aaab3b7b4e9b9f4dd497ad6a46e024.php 第 151 行.
INFO: Run Behavior\ParseTemplateBehavior [ RunTime:0.084302s ]
INFO: [ view_parse ] --END-- [ RunTime:0.085638s ]
INFO: [ view_filter ] --START--
INFO: Run Behavior\WriteHtmlCacheBehavior [ RunTime:0.001492s ]
INFO: [ view_filter ] --END-- [ RunTime:0.003036s ]
INFO: [ app_end ] --START--
INFO: Run Behavior\ShowPageTraceBehavior [ RunTime:0.001252s ]
INFO: [ app_end ] --END-- [ RunTime:0.002686s ]

[ 2017-06-19T10:14:14+08:00 ] ::1 /easy-city/index.php/Admin/News/view
INFO: [ app_init ] --START--
INFO: Run Behavior\BuildLiteBehavior [ RunTime:0.000269s ]
INFO: [ app_init ] --END-- [ RunTime:0.002313s ]
INFO: [ app_begin ] --START--
INFO: Run Behavior\ReadHtmlCacheBehavior [ RunTime:0.001363s ]
INFO: [ app_begin ] --END-- [ RunTime:0.002769s ]
SQL: SHOW COLUMNS FROM `adela_consumption` [ RunTime:0.0047s ]
SQL: SELECT SUM(amount) AS tp_sum FROM `adela_consumption` WHERE ( consTime BETWEEN '2017-06-19 00:00:00' AND '2017-06-19 23:59:59' ) LIMIT 1   [ RunTime:0.0006s ]
SQL: SELECT SUM(amount) AS tp_sum FROM `adela_consumption` WHERE ( consTime BETWEEN '2017-06-01' AND '2017-06-30' ) LIMIT 1   [ RunTime:0.0006s ]
INFO: [ view_parse ] --START--
INFO: [ template_filter ] --START--
INFO: Run Behavior\ContentReplaceBehavior [ RunTime:0.000659s ]
INFO: [ template_filter ] --END-- [ RunTime:0.002083s ]
NOTIC: [8] Undefined variable: row E:\xampp\htdocs\easy-city\Apps\Runtime\Cache\Admin\21aaab3b7b4e9b9f4dd497ad6a46e024.php 第 122 行.
NOTIC: [8] Undefined variable: row E:\xampp\htdocs\easy-city\Apps\Runtime\Cache\Admin\21aaab3b7b4e9b9f4dd497ad6a46e024.php 第 131 行.
NOTIC: [8] Undefined variable: row E:\xampp\htdocs\easy-city\Apps\Runtime\Cache\Admin\21aaab3b7b4e9b9f4dd497ad6a46e024.php 第 139 行.
NOTIC: [8] Undefined variable: row E:\xampp\htdocs\easy-city\Apps\Runtime\Cache\Admin\21aaab3b7b4e9b9f4dd497ad6a46e024.php 第 145 行.
NOTIC: [8] Undefined variable: row E:\xampp\htdocs\easy-city\Apps\Runtime\Cache\Admin\21aaab3b7b4e9b9f4dd497ad6a46e024.php 第 151 行.
INFO: Run Behavior\ParseTemplateBehavior [ RunTime:0.088786s ]
INFO: [ view_parse ] --END-- [ RunTime:0.090254s ]
INFO: [ view_filter ] --START--
INFO: Run Behavior\WriteHtmlCacheBehavior [ RunTime:0.001428s ]
INFO: [ view_filter ] --END-- [ RunTime:0.002846s ]
INFO: [ app_end ] --START--
INFO: Run Behavior\ShowPageTraceBehavior [ RunTime:0.001284s ]
INFO: [ app_end ] --END-- [ RunTime:0.002791s ]

[ 2017-06-19T10:14:53+08:00 ] ::1 /easy-city/index.php/Admin/News/view
INFO: [ app_init ] --START--
INFO: Run Behavior\BuildLiteBehavior [ RunTime:0.000266s ]
INFO: [ app_init ] --END-- [ RunTime:0.002055s ]
INFO: [ app_begin ] --START--
INFO: Run Behavior\ReadHtmlCacheBehavior [ RunTime:0.001361s ]
INFO: [ app_begin ] --END-- [ RunTime:0.002748s ]
SQL: SHOW COLUMNS FROM `adela_consumption` [ RunTime:0.0045s ]
SQL: SELECT SUM(amount) AS tp_sum FROM `adela_consumption` WHERE ( consTime BETWEEN '2017-06-19 00:00:00' AND '2017-06-19 23:59:59' ) LIMIT 1   [ RunTime:0.0007s ]
SQL: SELECT SUM(amount) AS tp_sum FROM `adela_consumption` WHERE ( consTime BETWEEN '2017-06-01' AND '2017-06-30' ) LIMIT 1   [ RunTime:0.0006s ]
INFO: [ view_parse ] --START--
INFO: [ template_filter ] --START--
INFO: Run Behavior\ContentReplaceBehavior [ RunTime:0.000654s ]
INFO: [ template_filter ] --END-- [ RunTime:0.002063s ]
NOTIC: [8] Undefined variable: row E:\xampp\htdocs\easy-city\Apps\Runtime\Cache\Admin\21aaab3b7b4e9b9f4dd497ad6a46e024.php 第 122 行.
NOTIC: [8] Undefined variable: row E:\xampp\htdocs\easy-city\Apps\Runtime\Cache\Admin\21aaab3b7b4e9b9f4dd497ad6a46e024.php 第 131 行.
NOTIC: [8] Undefined variable: row E:\xampp\htdocs\easy-city\Apps\Runtime\Cache\Admin\21aaab3b7b4e9b9f4dd497ad6a46e024.php 第 139 行.
NOTIC: [8] Undefined variable: row E:\xampp\htdocs\easy-city\Apps\Runtime\Cache\Admin\21aaab3b7b4e9b9f4dd497ad6a46e024.php 第 145 行.
NOTIC: [8] Undefined variable: row E:\xampp\htdocs\easy-city\Apps\Runtime\Cache\Admin\21aaab3b7b4e9b9f4dd497ad6a46e024.php 第 151 行.
INFO: Run Behavior\ParseTemplateBehavior [ RunTime:0.088104s ]
INFO: [ view_parse ] --END-- [ RunTime:0.089511s ]
INFO: [ view_filter ] --START--
INFO: Run Behavior\WriteHtmlCacheBehavior [ RunTime:0.001505s ]
INFO: [ view_filter ] --END-- [ RunTime:0.002836s ]
INFO: [ app_end ] --START--
INFO: Run Behavior\ShowPageTraceBehavior [ RunTime:0.001292s ]
INFO: [ app_end ] --END-- [ RunTime:0.002610s ]

[ 2017-06-19T10:16:30+08:00 ] ::1 /easy-city/index.php/Admin/News/view
INFO: [ app_init ] --START--
INFO: Run Behavior\BuildLiteBehavior [ RunTime:0.000238s ]
INFO: [ app_init ] --END-- [ RunTime:0.002186s ]
INFO: [ app_begin ] --START--
INFO: Run Behavior\ReadHtmlCacheBehavior [ RunTime:0.001407s ]
INFO: [ app_begin ] --END-- [ RunTime:0.002722s ]
SQL: SHOW COLUMNS FROM `adela_consumption` [ RunTime:0.0046s ]
SQL: SELECT SUM(amount) AS tp_sum FROM `adela_consumption` WHERE ( consTime BETWEEN '2017-06-19 00:00:00' AND '2017-06-19 23:59:59' ) LIMIT 1   [ RunTime:0.0006s ]
SQL: SELECT SUM(amount) AS tp_sum FROM `adela_consumption` WHERE ( consTime BETWEEN '2017-06-01' AND '2017-06-30' ) LIMIT 1   [ RunTime:0.0006s ]
INFO: [ view_parse ] --START--
INFO: [ template_filter ] --START--
INFO: Run Behavior\ContentReplaceBehavior [ RunTime:0.000732s ]
INFO: [ template_filter ] --END-- [ RunTime:0.002145s ]
NOTIC: [8] Undefined variable: row E:\xampp\htdocs\easy-city\Apps\Runtime\Cache\Admin\21aaab3b7b4e9b9f4dd497ad6a46e024.php 第 122 行.
NOTIC: [8] Undefined variable: row E:\xampp\htdocs\easy-city\Apps\Runtime\Cache\Admin\21aaab3b7b4e9b9f4dd497ad6a46e024.php 第 131 行.
NOTIC: [8] Undefined variable: row E:\xampp\htdocs\easy-city\Apps\Runtime\Cache\Admin\21aaab3b7b4e9b9f4dd497ad6a46e024.php 第 139 行.
NOTIC: [8] Undefined variable: row E:\xampp\htdocs\easy-city\Apps\Runtime\Cache\Admin\21aaab3b7b4e9b9f4dd497ad6a46e024.php 第 145 行.
NOTIC: [8] Undefined variable: row E:\xampp\htdocs\easy-city\Apps\Runtime\Cache\Admin\21aaab3b7b4e9b9f4dd497ad6a46e024.php 第 151 行.
INFO: Run Behavior\ParseTemplateBehavior [ RunTime:0.089380s ]
INFO: [ view_parse ] --END-- [ RunTime:0.090931s ]
INFO: [ view_filter ] --START--
INFO: Run Behavior\WriteHtmlCacheBehavior [ RunTime:0.001641s ]
INFO: [ view_filter ] --END-- [ RunTime:0.003137s ]
INFO: [ app_end ] --START--
INFO: Run Behavior\ShowPageTraceBehavior [ RunTime:0.003137s ]
INFO: [ app_end ] --END-- [ RunTime:0.005117s ]

[ 2017-06-19T10:16:31+08:00 ] ::1 /easy-city/index.php/Admin/News/view
INFO: [ app_init ] --START--
INFO: Run Behavior\BuildLiteBehavior [ RunTime:0.000280s ]
INFO: [ app_init ] --END-- [ RunTime:0.002147s ]
INFO: [ app_begin ] --START--
INFO: Run Behavior\ReadHtmlCacheBehavior [ RunTime:0.001182s ]
INFO: [ app_begin ] --END-- [ RunTime:0.002543s ]
SQL: SHOW COLUMNS FROM `adela_consumption` [ RunTime:0.0043s ]
SQL: SELECT SUM(amount) AS tp_sum FROM `adela_consumption` WHERE ( consTime BETWEEN '2017-06-19 00:00:00' AND '2017-06-19 23:59:59' ) LIMIT 1   [ RunTime:0.0006s ]
SQL: SELECT SUM(amount) AS tp_sum FROM `adela_consumption` WHERE ( consTime BETWEEN '2017-06-01' AND '2017-06-30' ) LIMIT 1   [ RunTime:0.0006s ]
INFO: [ view_parse ] --START--
INFO: [ template_filter ] --START--
INFO: Run Behavior\ContentReplaceBehavior [ RunTime:0.000621s ]
INFO: [ template_filter ] --END-- [ RunTime:0.001971s ]
NOTIC: [8] Undefined variable: row E:\xampp\htdocs\easy-city\Apps\Runtime\Cache\Admin\21aaab3b7b4e9b9f4dd497ad6a46e024.php 第 122 行.
NOTIC: [8] Undefined variable: row E:\xampp\htdocs\easy-city\Apps\Runtime\Cache\Admin\21aaab3b7b4e9b9f4dd497ad6a46e024.php 第 131 行.
NOTIC: [8] Undefined variable: row E:\xampp\htdocs\easy-city\Apps\Runtime\Cache\Admin\21aaab3b7b4e9b9f4dd497ad6a46e024.php 第 139 行.
NOTIC: [8] Undefined variable: row E:\xampp\htdocs\easy-city\Apps\Runtime\Cache\Admin\21aaab3b7b4e9b9f4dd497ad6a46e024.php 第 145 行.
NOTIC: [8] Undefined variable: row E:\xampp\htdocs\easy-city\Apps\Runtime\Cache\Admin\21aaab3b7b4e9b9f4dd497ad6a46e024.php 第 151 行.
INFO: Run Behavior\ParseTemplateBehavior [ RunTime:0.090089s ]
INFO: [ view_parse ] --END-- [ RunTime:0.091703s ]
INFO: [ view_filter ] --START--
INFO: Run Behavior\WriteHtmlCacheBehavior [ RunTime:0.001213s ]
INFO: [ view_filter ] --END-- [ RunTime:0.002553s ]
INFO: [ app_end ] --START--
INFO: Run Behavior\ShowPageTraceBehavior [ RunTime:0.001424s ]
INFO: [ app_end ] --END-- [ RunTime:0.003753s ]

[ 2017-06-19T10:16:51+08:00 ] ::1 /easy-city/index.php/Admin/News/view
INFO: [ app_init ] --START--
INFO: Run Behavior\BuildLiteBehavior [ RunTime:0.000381s ]
INFO: [ app_init ] --END-- [ RunTime:0.003020s ]
INFO: [ app_begin ] --START--
INFO: Run Behavior\ReadHtmlCacheBehavior [ RunTime:0.001224s ]
INFO: [ app_begin ] --END-- [ RunTime:0.002714s ]
SQL: SHOW COLUMNS FROM `adela_consumption` [ RunTime:0.0058s ]
SQL: SELECT SUM(amount) AS tp_sum FROM `adela_consumption` WHERE ( consTime BETWEEN '2017-06-19 00:00:00' AND '2017-06-19 23:59:59' ) LIMIT 1   [ RunTime:0.0008s ]
SQL: SELECT SUM(amount) AS tp_sum FROM `adela_consumption` WHERE ( consTime BETWEEN '2017-06-01' AND '2017-06-30' ) LIMIT 1   [ RunTime:0.0007s ]
INFO: [ view_parse ] --START--
INFO: [ template_filter ] --START--
INFO: Run Behavior\ContentReplaceBehavior [ RunTime:0.000645s ]
INFO: [ template_filter ] --END-- [ RunTime:0.002005s ]
NOTIC: [8] Undefined variable: row E:\xampp\htdocs\easy-city\Apps\Runtime\Cache\Admin\21aaab3b7b4e9b9f4dd497ad6a46e024.php 第 122 行.
NOTIC: [8] Undefined variable: row E:\xampp\htdocs\easy-city\Apps\Runtime\Cache\Admin\21aaab3b7b4e9b9f4dd497ad6a46e024.php 第 131 行.
NOTIC: [8] Undefined variable: row E:\xampp\htdocs\easy-city\Apps\Runtime\Cache\Admin\21aaab3b7b4e9b9f4dd497ad6a46e024.php 第 139 行.
NOTIC: [8] Undefined variable: row E:\xampp\htdocs\easy-city\Apps\Runtime\Cache\Admin\21aaab3b7b4e9b9f4dd497ad6a46e024.php 第 145 行.
NOTIC: [8] Undefined variable: row E:\xampp\htdocs\easy-city\Apps\Runtime\Cache\Admin\21aaab3b7b4e9b9f4dd497ad6a46e024.php 第 151 行.
INFO: Run Behavior\ParseTemplateBehavior [ RunTime:0.087872s ]
INFO: [ view_parse ] --END-- [ RunTime:0.089510s ]
INFO: [ view_filter ] --START--
INFO: Run Behavior\WriteHtmlCacheBehavior [ RunTime:0.001040s ]
INFO: [ view_filter ] --END-- [ RunTime:0.002389s ]
INFO: [ app_end ] --START--
INFO: Run Behavior\ShowPageTraceBehavior [ RunTime:0.001754s ]
INFO: [ app_end ] --END-- [ RunTime:0.003747s ]

[ 2017-06-19T10:59:12+08:00 ] ::1 /easy-city/index.php/Admin/News/view
INFO: [ app_init ] --START--
INFO: Run Behavior\BuildLiteBehavior [ RunTime:0.000245s ]
INFO: [ app_init ] --END-- [ RunTime:0.002396s ]
INFO: [ app_begin ] --START--
INFO: Run Behavior\ReadHtmlCacheBehavior [ RunTime:0.001201s ]
INFO: [ app_begin ] --END-- [ RunTime:0.002615s ]

[ 2017-06-19T10:59:15+08:00 ] ::1 /easy-city/index.php/Admin/Index/login.html
INFO: [ app_init ] --START--
INFO: Run Behavior\BuildLiteBehavior [ RunTime:0.000284s ]
INFO: [ app_init ] --END-- [ RunTime:0.002907s ]
INFO: [ app_begin ] --START--
INFO: Run Behavior\ReadHtmlCacheBehavior [ RunTime:0.001673s ]
INFO: [ app_begin ] --END-- [ RunTime:0.004270s ]
SQL: SHOW COLUMNS FROM `adela_consumption` [ RunTime:0.0403s ]
SQL: SELECT SUM(amount) AS tp_sum FROM `adela_consumption` WHERE ( consTime BETWEEN '2017-06-19 00:00:00' AND '2017-06-19 23:59:59' ) LIMIT 1   [ RunTime:0.0007s ]
SQL: SELECT SUM(amount) AS tp_sum FROM `adela_consumption` WHERE ( consTime BETWEEN '2017-06-01' AND '2017-06-30' ) LIMIT 1   [ RunTime:0.0006s ]
INFO: [ view_parse ] --START--
INFO: [ template_filter ] --START--
INFO: Run Behavior\ContentReplaceBehavior [ RunTime:0.000589s ]
INFO: [ template_filter ] --END-- [ RunTime:0.001947s ]
INFO: Run Behavior\ParseTemplateBehavior [ RunTime:0.019395s ]
INFO: [ view_parse ] --END-- [ RunTime:0.021316s ]
INFO: [ view_filter ] --START--
INFO: Run Behavior\WriteHtmlCacheBehavior [ RunTime:0.001175s ]
INFO: [ view_filter ] --END-- [ RunTime:0.002522s ]
INFO: [ app_end ] --START--
INFO: Run Behavior\ShowPageTraceBehavior [ RunTime:0.001116s ]
INFO: [ app_end ] --END-- [ RunTime:0.002480s ]

[ 2017-06-19T10:59:16+08:00 ] ::1 /easy-city/index.php/Admin/Index/provenum
INFO: [ app_init ] --START--
INFO: Run Behavior\BuildLiteBehavior [ RunTime:0.000283s ]
INFO: [ app_init ] --END-- [ RunTime:0.003733s ]
INFO: [ app_begin ] --START--
INFO: Run Behavior\ReadHtmlCacheBehavior [ RunTime:0.002659s ]
INFO: [ app_begin ] --END-- [ RunTime:0.005607s ]
SQL: SHOW COLUMNS FROM `adela_consumption` [ RunTime:0.0078s ]
SQL: SELECT SUM(amount) AS tp_sum FROM `adela_consumption` WHERE ( consTime BETWEEN '2017-06-19 00:00:00' AND '2017-06-19 23:59:59' ) LIMIT 1   [ RunTime:0.0006s ]
SQL: SELECT SUM(amount) AS tp_sum FROM `adela_consumption` WHERE ( consTime BETWEEN '2017-06-01' AND '2017-06-30' ) LIMIT 1   [ RunTime:0.0017s ]
INFO: [ app_end ] --START--
INFO: Run Behavior\ShowPageTraceBehavior [ RunTime:0.001954s ]
INFO: [ app_end ] --END-- [ RunTime:0.003851s ]

[ 2017-06-19T10:59:26+08:00 ] ::1 /easy-city/index.php/Admin/Index/login.html
INFO: [ app_init ] --START--
INFO: Run Behavior\BuildLiteBehavior [ RunTime:0.000313s ]
INFO: [ app_init ] --END-- [ RunTime:0.002691s ]
INFO: [ app_begin ] --START--
INFO: Run Behavior\ReadHtmlCacheBehavior [ RunTime:0.002511s ]
INFO: [ app_begin ] --END-- [ RunTime:0.005268s ]
SQL: SHOW COLUMNS FROM `adela_consumption` [ RunTime:0.0053s ]
SQL: SELECT SUM(amount) AS tp_sum FROM `adela_consumption` WHERE ( consTime BETWEEN '2017-06-19 00:00:00' AND '2017-06-19 23:59:59' ) LIMIT 1   [ RunTime:0.0007s ]
SQL: SELECT SUM(amount) AS tp_sum FROM `adela_consumption` WHERE ( consTime BETWEEN '2017-06-01' AND '2017-06-30' ) LIMIT 1   [ RunTime:0.0006s ]
SQL: SHOW COLUMNS FROM `adela_option` [ RunTime:0.0067s ]
SQL: SELECT * FROM `adela_option` WHERE ( optionType='AdminCtrol' AND optionKey='admin' AND optionValue='e10adc3949ba59abbe56e057f20f883e' ) LIMIT 1   [ RunTime:0.0006s ]
INFO: [ view_parse ] --START--
INFO: [ template_filter ] --START--
INFO: Run Behavior\ContentReplaceBehavior [ RunTime:0.000625s ]
INFO: [ template_filter ] --END-- [ RunTime:0.002043s ]
INFO: Run Behavior\ParseTemplateBehavior [ RunTime:0.024402s ]
INFO: [ view_parse ] --END-- [ RunTime:0.025792s ]
INFO: [ view_filter ] --START--
INFO: Run Behavior\WriteHtmlCacheBehavior [ RunTime:0.001274s ]
INFO: [ view_filter ] --END-- [ RunTime:0.002616s ]
INFO: [ app_end ] --START--
INFO: Run Behavior\ShowPageTraceBehavior [ RunTime:0.001245s ]
INFO: [ app_end ] --END-- [ RunTime:0.002564s ]

[ 2017-06-19T10:59:27+08:00 ] ::1 /easy-city/index.php/Admin/Index/index
INFO: [ app_init ] --START--
INFO: Run Behavior\BuildLiteBehavior [ RunTime:0.000237s ]
INFO: [ app_init ] --END-- [ RunTime:0.002084s ]
INFO: [ app_begin ] --START--
INFO: Run Behavior\ReadHtmlCacheBehavior [ RunTime:0.001541s ]
INFO: [ app_begin ] --END-- [ RunTime:0.003526s ]
SQL: SHOW COLUMNS FROM `adela_consumption` [ RunTime:0.0043s ]
SQL: SELECT SUM(amount) AS tp_sum FROM `adela_consumption` WHERE ( consTime BETWEEN '2017-06-19 00:00:00' AND '2017-06-19 23:59:59' ) LIMIT 1   [ RunTime:0.0005s ]
SQL: SELECT SUM(amount) AS tp_sum FROM `adela_consumption` WHERE ( consTime BETWEEN '2017-06-01' AND '2017-06-30' ) LIMIT 1   [ RunTime:0.0009s ]
INFO: [ view_parse ] --START--
INFO: [ template_filter ] --START--
INFO: Run Behavior\ContentReplaceBehavior [ RunTime:0.001141s ]
INFO: [ template_filter ] --END-- [ RunTime:0.003790s ]
INFO: Run Behavior\ParseTemplateBehavior [ RunTime:0.127684s ]
INFO: [ view_parse ] --END-- [ RunTime:0.130242s ]
INFO: [ view_filter ] --START--
INFO: Run Behavior\WriteHtmlCacheBehavior [ RunTime:0.002267s ]
INFO: [ view_filter ] --END-- [ RunTime:0.004641s ]
INFO: [ app_end ] --START--
INFO: Run Behavior\ShowPageTraceBehavior [ RunTime:0.002302s ]
INFO: [ app_end ] --END-- [ RunTime:0.004697s ]

[ 2017-06-19T10:59:31+08:00 ] ::1 /easy-city/index.php/Admin/News/index.html
INFO: [ app_init ] --START--
INFO: Run Behavior\BuildLiteBehavior [ RunTime:0.000246s ]
INFO: [ app_init ] --END-- [ RunTime:0.002382s ]
INFO: [ app_begin ] --START--
INFO: Run Behavior\ReadHtmlCacheBehavior [ RunTime:0.001479s ]
INFO: [ app_begin ] --END-- [ RunTime:0.003059s ]
SQL: SHOW COLUMNS FROM `adela_consumption` [ RunTime:0.0044s ]
SQL: SELECT SUM(amount) AS tp_sum FROM `adela_consumption` WHERE ( consTime BETWEEN '2017-06-19 00:00:00' AND '2017-06-19 23:59:59' ) LIMIT 1   [ RunTime:0.0007s ]
SQL: SELECT SUM(amount) AS tp_sum FROM `adela_consumption` WHERE ( consTime BETWEEN '2017-06-01' AND '2017-06-30' ) LIMIT 1   [ RunTime:0.0006s ]
SQL: SHOW COLUMNS FROM `adela_article` [ RunTime:0.0046s ]
NOTIC: [8] Undefined variable: where E:\xampp\htdocs\easy-city\Apps\Admin\Controller\NewsController.class.php 第 39 行.
SQL: SELECT COUNT(*) AS tp_count FROM `adela_article` LIMIT 1   [ RunTime:0.0006s ]
NOTIC: [8] Undefined variable: where E:\xampp\htdocs\easy-city\Apps\Admin\Controller\NewsController.class.php 第 58 行.
SQL: SELECT * FROM `adela_article` ORDER BY articleId DESC LIMIT 0,5   [ RunTime:0.0006s ]
INFO: [ view_parse ] --START--
INFO: [ template_filter ] --START--
INFO: Run Behavior\ContentReplaceBehavior [ RunTime:0.000600s ]
INFO: [ template_filter ] --END-- [ RunTime:0.001965s ]
INFO: Run Behavior\ParseTemplateBehavior [ RunTime:0.098477s ]
INFO: [ view_parse ] --END-- [ RunTime:0.099936s ]
INFO: [ view_filter ] --START--
INFO: Run Behavior\WriteHtmlCacheBehavior [ RunTime:0.001923s ]
INFO: [ view_filter ] --END-- [ RunTime:0.003285s ]
INFO: [ app_end ] --START--
INFO: Run Behavior\ShowPageTraceBehavior [ RunTime:0.001634s ]
INFO: [ app_end ] --END-- [ RunTime:0.003974s ]

[ 2017-06-19T10:59:33+08:00 ] ::1 /easy-city/index.php/Admin/News/view
INFO: [ app_init ] --START--
INFO: Run Behavior\BuildLiteBehavior [ RunTime:0.000361s ]
INFO: [ app_init ] --END-- [ RunTime:0.002382s ]
INFO: [ app_begin ] --START--
INFO: Run Behavior\ReadHtmlCacheBehavior [ RunTime:0.001338s ]
INFO: [ app_begin ] --END-- [ RunTime:0.002700s ]
SQL: SHOW COLUMNS FROM `adela_consumption` [ RunTime:0.0044s ]
SQL: SELECT SUM(amount) AS tp_sum FROM `adela_consumption` WHERE ( consTime BETWEEN '2017-06-19 00:00:00' AND '2017-06-19 23:59:59' ) LIMIT 1   [ RunTime:0.0006s ]
SQL: SELECT SUM(amount) AS tp_sum FROM `adela_consumption` WHERE ( consTime BETWEEN '2017-06-01' AND '2017-06-30' ) LIMIT 1   [ RunTime:0.0006s ]
INFO: [ view_parse ] --START--
INFO: [ template_filter ] --START--
INFO: Run Behavior\ContentReplaceBehavior [ RunTime:0.000629s ]
INFO: [ template_filter ] --END-- [ RunTime:0.002052s ]
NOTIC: [8] Undefined variable: row E:\xampp\htdocs\easy-city\Apps\Runtime\Cache\Admin\21aaab3b7b4e9b9f4dd497ad6a46e024.php 第 121 行.
NOTIC: [8] Undefined variable: row E:\xampp\htdocs\easy-city\Apps\Runtime\Cache\Admin\21aaab3b7b4e9b9f4dd497ad6a46e024.php 第 130 行.
NOTIC: [8] Undefined variable: row E:\xampp\htdocs\easy-city\Apps\Runtime\Cache\Admin\21aaab3b7b4e9b9f4dd497ad6a46e024.php 第 138 行.
NOTIC: [8] Undefined variable: row E:\xampp\htdocs\easy-city\Apps\Runtime\Cache\Admin\21aaab3b7b4e9b9f4dd497ad6a46e024.php 第 144 行.
NOTIC: [8] Undefined variable: row E:\xampp\htdocs\easy-city\Apps\Runtime\Cache\Admin\21aaab3b7b4e9b9f4dd497ad6a46e024.php 第 150 行.
INFO: Run Behavior\ParseTemplateBehavior [ RunTime:0.087510s ]
INFO: [ view_parse ] --END-- [ RunTime:0.088951s ]
INFO: [ view_filter ] --START--
INFO: Run Behavior\WriteHtmlCacheBehavior [ RunTime:0.001508s ]
INFO: [ view_filter ] --END-- [ RunTime:0.003299s ]
INFO: [ app_end ] --START--
INFO: Run Behavior\ShowPageTraceBehavior [ RunTime:0.002538s ]
INFO: [ app_end ] --END-- [ RunTime:0.004570s ]

[ 2017-06-19T11:07:29+08:00 ] ::1 /easy-city/index.php/Admin/News/view
INFO: [ app_init ] --START--
INFO: Run Behavior\BuildLiteBehavior [ RunTime:0.000236s ]
INFO: [ app_init ] --END-- [ RunTime:0.002102s ]
INFO: [ app_begin ] --START--
INFO: Run Behavior\ReadHtmlCacheBehavior [ RunTime:0.001481s ]
INFO: [ app_begin ] --END-- [ RunTime:0.002954s ]
SQL: SHOW COLUMNS FROM `adela_consumption` [ RunTime:0.0049s ]
SQL: SELECT SUM(amount) AS tp_sum FROM `adela_consumption` WHERE ( consTime BETWEEN '2017-06-19 00:00:00' AND '2017-06-19 23:59:59' ) LIMIT 1   [ RunTime:0.0006s ]
SQL: SELECT SUM(amount) AS tp_sum FROM `adela_consumption` WHERE ( consTime BETWEEN '2017-06-01' AND '2017-06-30' ) LIMIT 1   [ RunTime:0.0006s ]
INFO: [ view_parse ] --START--
INFO: [ template_filter ] --START--
INFO: Run Behavior\ContentReplaceBehavior [ RunTime:0.000600s ]
INFO: [ template_filter ] --END-- [ RunTime:0.002011s ]
NOTIC: [8] Undefined variable: row E:\xampp\htdocs\easy-city\Apps\Runtime\Cache\Admin\21aaab3b7b4e9b9f4dd497ad6a46e024.php 第 121 行.
NOTIC: [8] Undefined variable: row E:\xampp\htdocs\easy-city\Apps\Runtime\Cache\Admin\21aaab3b7b4e9b9f4dd497ad6a46e024.php 第 130 行.
NOTIC: [8] Undefined variable: row E:\xampp\htdocs\easy-city\Apps\Runtime\Cache\Admin\21aaab3b7b4e9b9f4dd497ad6a46e024.php 第 138 行.
NOTIC: [8] Undefined variable: row E:\xampp\htdocs\easy-city\Apps\Runtime\Cache\Admin\21aaab3b7b4e9b9f4dd497ad6a46e024.php 第 144 行.
NOTIC: [8] Undefined variable: row E:\xampp\htdocs\easy-city\Apps\Runtime\Cache\Admin\21aaab3b7b4e9b9f4dd497ad6a46e024.php 第 150 行.
INFO: Run Behavior\ParseTemplateBehavior [ RunTime:0.086811s ]
INFO: [ view_parse ] --END-- [ RunTime:0.088305s ]
INFO: [ view_filter ] --START--
INFO: Run Behavior\WriteHtmlCacheBehavior [ RunTime:0.001430s ]
INFO: [ view_filter ] --END-- [ RunTime:0.002733s ]
INFO: [ app_end ] --START--
INFO: Run Behavior\ShowPageTraceBehavior [ RunTime:0.004078s ]
INFO: [ app_end ] --END-- [ RunTime:0.005806s ]

[ 2017-06-19T11:07:31+08:00 ] ::1 /easy-city/index.php/Admin/News/view
INFO: [ app_init ] --START--
INFO: Run Behavior\BuildLiteBehavior [ RunTime:0.000469s ]
INFO: [ app_init ] --END-- [ RunTime:0.003776s ]
INFO: [ app_begin ] --START--
INFO: Run Behavior\ReadHtmlCacheBehavior [ RunTime:0.001396s ]
INFO: [ app_begin ] --END-- [ RunTime:0.003318s ]
SQL: SHOW COLUMNS FROM `adela_consumption` [ RunTime:0.0044s ]
SQL: SELECT SUM(amount) AS tp_sum FROM `adela_consumption` WHERE ( consTime BETWEEN '2017-06-19 00:00:00' AND '2017-06-19 23:59:59' ) LIMIT 1   [ RunTime:0.0007s ]
SQL: SELECT SUM(amount) AS tp_sum FROM `adela_consumption` WHERE ( consTime BETWEEN '2017-06-01' AND '2017-06-30' ) LIMIT 1   [ RunTime:0.0007s ]
INFO: [ view_parse ] --START--
INFO: [ template_filter ] --START--
INFO: Run Behavior\ContentReplaceBehavior [ RunTime:0.000723s ]
INFO: [ template_filter ] --END-- [ RunTime:0.002344s ]
NOTIC: [8] Undefined variable: row E:\xampp\htdocs\easy-city\Apps\Runtime\Cache\Admin\21aaab3b7b4e9b9f4dd497ad6a46e024.php 第 121 行.
NOTIC: [8] Undefined variable: row E:\xampp\htdocs\easy-city\Apps\Runtime\Cache\Admin\21aaab3b7b4e9b9f4dd497ad6a46e024.php 第 130 行.
NOTIC: [8] Undefined variable: row E:\xampp\htdocs\easy-city\Apps\Runtime\Cache\Admin\21aaab3b7b4e9b9f4dd497ad6a46e024.php 第 138 行.
NOTIC: [8] Undefined variable: row E:\xampp\htdocs\easy-city\Apps\Runtime\Cache\Admin\21aaab3b7b4e9b9f4dd497ad6a46e024.php 第 144 行.
NOTIC: [8] Undefined variable: row E:\xampp\htdocs\easy-city\Apps\Runtime\Cache\Admin\21aaab3b7b4e9b9f4dd497ad6a46e024.php 第 150 行.
INFO: Run Behavior\ParseTemplateBehavior [ RunTime:0.087457s ]
INFO: [ view_parse ] --END-- [ RunTime:0.088817s ]
INFO: [ view_filter ] --START--
INFO: Run Behavior\WriteHtmlCacheBehavior [ RunTime:0.001424s ]
INFO: [ view_filter ] --END-- [ RunTime:0.003167s ]
INFO: [ app_end ] --START--
INFO: Run Behavior\ShowPageTraceBehavior [ RunTime:0.002224s ]
INFO: [ app_end ] --END-- [ RunTime:0.004510s ]

[ 2017-06-19T11:07:34+08:00 ] ::1 /easy-city/index.php/Admin/News/view
INFO: [ app_init ] --START--
INFO: Run Behavior\BuildLiteBehavior [ RunTime:0.000241s ]
INFO: [ app_init ] --END-- [ RunTime:0.002369s ]
INFO: [ app_begin ] --START--
INFO: Run Behavior\ReadHtmlCacheBehavior [ RunTime:0.001976s ]
INFO: [ app_begin ] --END-- [ RunTime:0.004633s ]
SQL: SHOW COLUMNS FROM `adela_consumption` [ RunTime:0.0093s ]
SQL: SELECT SUM(amount) AS tp_sum FROM `adela_consumption` WHERE ( consTime BETWEEN '2017-06-19 00:00:00' AND '2017-06-19 23:59:59' ) LIMIT 1   [ RunTime:0.0009s ]
SQL: SELECT SUM(amount) AS tp_sum FROM `adela_consumption` WHERE ( consTime BETWEEN '2017-06-01' AND '2017-06-30' ) LIMIT 1   [ RunTime:0.0006s ]
INFO: [ view_parse ] --START--
INFO: [ template_filter ] --START--
INFO: Run Behavior\ContentReplaceBehavior [ RunTime:0.000602s ]
INFO: [ template_filter ] --END-- [ RunTime:0.002023s ]
NOTIC: [8] Undefined variable: row E:\xampp\htdocs\easy-city\Apps\Runtime\Cache\Admin\21aaab3b7b4e9b9f4dd497ad6a46e024.php 第 121 行.
NOTIC: [8] Undefined variable: row E:\xampp\htdocs\easy-city\Apps\Runtime\Cache\Admin\21aaab3b7b4e9b9f4dd497ad6a46e024.php 第 130 行.
NOTIC: [8] Undefined variable: row E:\xampp\htdocs\easy-city\Apps\Runtime\Cache\Admin\21aaab3b7b4e9b9f4dd497ad6a46e024.php 第 138 行.
NOTIC: [8] Undefined variable: row E:\xampp\htdocs\easy-city\Apps\Runtime\Cache\Admin\21aaab3b7b4e9b9f4dd497ad6a46e024.php 第 144 行.
NOTIC: [8] Undefined variable: row E:\xampp\htdocs\easy-city\Apps\Runtime\Cache\Admin\21aaab3b7b4e9b9f4dd497ad6a46e024.php 第 150 行.
INFO: Run Behavior\ParseTemplateBehavior [ RunTime:0.100420s ]
INFO: [ view_parse ] --END-- [ RunTime:0.102446s ]
INFO: [ view_filter ] --START--
INFO: Run Behavior\WriteHtmlCacheBehavior [ RunTime:0.001411s ]
INFO: [ view_filter ] --END-- [ RunTime:0.002818s ]
INFO: [ app_end ] --START--
INFO: Run Behavior\ShowPageTraceBehavior [ RunTime:0.002033s ]
INFO: [ app_end ] --END-- [ RunTime:0.004529s ]

[ 2017-06-19T11:08:48+08:00 ] ::1 /easy-city/index.php/Admin/News/view
INFO: [ app_init ] --START--
INFO: Run Behavior\BuildLiteBehavior [ RunTime:0.000272s ]
INFO: [ app_init ] --END-- [ RunTime:0.002052s ]
INFO: [ app_begin ] --START--
INFO: Run Behavior\ReadHtmlCacheBehavior [ RunTime:0.002572s ]
INFO: [ app_begin ] --END-- [ RunTime:0.005522s ]
SQL: SHOW COLUMNS FROM `adela_consumption` [ RunTime:0.0101s ]
SQL: SELECT SUM(amount) AS tp_sum FROM `adela_consumption` WHERE ( consTime BETWEEN '2017-06-19 00:00:00' AND '2017-06-19 23:59:59' ) LIMIT 1   [ RunTime:0.0009s ]
SQL: SELECT SUM(amount) AS tp_sum FROM `adela_consumption` WHERE ( consTime BETWEEN '2017-06-01' AND '2017-06-30' ) LIMIT 1   [ RunTime:0.0009s ]
INFO: [ view_parse ] --START--
INFO: [ template_filter ] --START--
INFO: Run Behavior\ContentReplaceBehavior [ RunTime:0.000642s ]
INFO: [ template_filter ] --END-- [ RunTime:0.001993s ]
NOTIC: [8] Undefined variable: row E:\xampp\htdocs\easy-city\Apps\Runtime\Cache\Admin\21aaab3b7b4e9b9f4dd497ad6a46e024.php 第 121 行.
NOTIC: [8] Undefined variable: row E:\xampp\htdocs\easy-city\Apps\Runtime\Cache\Admin\21aaab3b7b4e9b9f4dd497ad6a46e024.php 第 130 行.
NOTIC: [8] Undefined variable: row E:\xampp\htdocs\easy-city\Apps\Runtime\Cache\Admin\21aaab3b7b4e9b9f4dd497ad6a46e024.php 第 138 行.
NOTIC: [8] Undefined variable: row E:\xampp\htdocs\easy-city\Apps\Runtime\Cache\Admin\21aaab3b7b4e9b9f4dd497ad6a46e024.php 第 144 行.
NOTIC: [8] Undefined variable: row E:\xampp\htdocs\easy-city\Apps\Runtime\Cache\Admin\21aaab3b7b4e9b9f4dd497ad6a46e024.php 第 150 行.
INFO: Run Behavior\ParseTemplateBehavior [ RunTime:0.089641s ]
INFO: [ view_parse ] --END-- [ RunTime:0.091145s ]
INFO: [ view_filter ] --START--
INFO: Run Behavior\WriteHtmlCacheBehavior [ RunTime:0.001419s ]
INFO: [ view_filter ] --END-- [ RunTime:0.002781s ]
INFO: [ app_end ] --START--
INFO: Run Behavior\ShowPageTraceBehavior [ RunTime:0.003367s ]
INFO: [ app_end ] --END-- [ RunTime:0.005706s ]

[ 2017-06-19T11:08:50+08:00 ] ::1 /easy-city/index.php/Admin/News/view
INFO: [ app_init ] --START--
INFO: Run Behavior\BuildLiteBehavior [ RunTime:0.000266s ]
INFO: [ app_init ] --END-- [ RunTime:0.002269s ]
INFO: [ app_begin ] --START--
INFO: Run Behavior\ReadHtmlCacheBehavior [ RunTime:0.003537s ]
INFO: [ app_begin ] --END-- [ RunTime:0.005941s ]
SQL: SHOW COLUMNS FROM `adela_consumption` [ RunTime:0.0079s ]
SQL: SELECT SUM(amount) AS tp_sum FROM `adela_consumption` WHERE ( consTime BETWEEN '2017-06-19 00:00:00' AND '2017-06-19 23:59:59' ) LIMIT 1   [ RunTime:0.0007s ]
SQL: SELECT SUM(amount) AS tp_sum FROM `adela_consumption` WHERE ( consTime BETWEEN '2017-06-01' AND '2017-06-30' ) LIMIT 1   [ RunTime:0.0007s ]
INFO: [ view_parse ] --START--
INFO: [ template_filter ] --START--
INFO: Run Behavior\ContentReplaceBehavior [ RunTime:0.000682s ]
INFO: [ template_filter ] --END-- [ RunTime:0.002155s ]
NOTIC: [8] Undefined variable: row E:\xampp\htdocs\easy-city\Apps\Runtime\Cache\Admin\21aaab3b7b4e9b9f4dd497ad6a46e024.php 第 121 行.
NOTIC: [8] Undefined variable: row E:\xampp\htdocs\easy-city\Apps\Runtime\Cache\Admin\21aaab3b7b4e9b9f4dd497ad6a46e024.php 第 130 行.
NOTIC: [8] Undefined variable: row E:\xampp\htdocs\easy-city\Apps\Runtime\Cache\Admin\21aaab3b7b4e9b9f4dd497ad6a46e024.php 第 138 行.
NOTIC: [8] Undefined variable: row E:\xampp\htdocs\easy-city\Apps\Runtime\Cache\Admin\21aaab3b7b4e9b9f4dd497ad6a46e024.php 第 144 行.
NOTIC: [8] Undefined variable: row E:\xampp\htdocs\easy-city\Apps\Runtime\Cache\Admin\21aaab3b7b4e9b9f4dd497ad6a46e024.php 第 150 行.
INFO: Run Behavior\ParseTemplateBehavior [ RunTime:0.104014s ]
INFO: [ view_parse ] --END-- [ RunTime:0.106053s ]
INFO: [ view_filter ] --START--
INFO: Run Behavior\WriteHtmlCacheBehavior [ RunTime:0.001424s ]
INFO: [ view_filter ] --END-- [ RunTime:0.002837s ]
INFO: [ app_end ] --START--
INFO: Run Behavior\ShowPageTraceBehavior [ RunTime:0.001717s ]
INFO: [ app_end ] --END-- [ RunTime:0.003788s ]

[ 2017-06-19T11:10:07+08:00 ] ::1 /easy-city/index.php/Admin/News/view
INFO: [ app_init ] --START--
INFO: Run Behavior\BuildLiteBehavior [ RunTime:0.000308s ]
INFO: [ app_init ] --END-- [ RunTime:0.002995s ]
INFO: [ app_begin ] --START--
INFO: Run Behavior\ReadHtmlCacheBehavior [ RunTime:0.002488s ]
INFO: [ app_begin ] --END-- [ RunTime:0.004314s ]
SQL: SHOW COLUMNS FROM `adela_consumption` [ RunTime:0.0048s ]
SQL: SELECT SUM(amount) AS tp_sum FROM `adela_consumption` WHERE ( consTime BETWEEN '2017-06-19 00:00:00' AND '2017-06-19 23:59:59' ) LIMIT 1   [ RunTime:0.0006s ]
SQL: SELECT SUM(amount) AS tp_sum FROM `adela_consumption` WHERE ( consTime BETWEEN '2017-06-01' AND '2017-06-30' ) LIMIT 1   [ RunTime:0.0006s ]
INFO: [ view_parse ] --START--
INFO: [ template_filter ] --START--
INFO: Run Behavior\ContentReplaceBehavior [ RunTime:0.000766s ]
INFO: [ template_filter ] --END-- [ RunTime:0.002560s ]
NOTIC: [8] Undefined variable: row E:\xampp\htdocs\easy-city\Apps\Runtime\Cache\Admin\21aaab3b7b4e9b9f4dd497ad6a46e024.php 第 121 行.
NOTIC: [8] Undefined variable: row E:\xampp\htdocs\easy-city\Apps\Runtime\Cache\Admin\21aaab3b7b4e9b9f4dd497ad6a46e024.php 第 130 行.
NOTIC: [8] Undefined variable: row E:\xampp\htdocs\easy-city\Apps\Runtime\Cache\Admin\21aaab3b7b4e9b9f4dd497ad6a46e024.php 第 138 行.
NOTIC: [8] Undefined variable: row E:\xampp\htdocs\easy-city\Apps\Runtime\Cache\Admin\21aaab3b7b4e9b9f4dd497ad6a46e024.php 第 144 行.
NOTIC: [8] Undefined variable: row E:\xampp\htdocs\easy-city\Apps\Runtime\Cache\Admin\21aaab3b7b4e9b9f4dd497ad6a46e024.php 第 150 行.
INFO: Run Behavior\ParseTemplateBehavior [ RunTime:0.086130s ]
INFO: [ view_parse ] --END-- [ RunTime:0.087442s ]
INFO: [ view_filter ] --START--
INFO: Run Behavior\WriteHtmlCacheBehavior [ RunTime:0.001424s ]
INFO: [ view_filter ] --END-- [ RunTime:0.002752s ]
INFO: [ app_end ] --START--
INFO: Run Behavior\ShowPageTraceBehavior [ RunTime:0.003744s ]
INFO: [ app_end ] --END-- [ RunTime:0.005355s ]

[ 2017-06-19T11:19:16+08:00 ] ::1 /easy-city/index.php/Admin/News/view
INFO: [ app_init ] --START--
INFO: Run Behavior\BuildLiteBehavior [ RunTime:0.000291s ]
INFO: [ app_init ] --END-- [ RunTime:0.002877s ]
INFO: [ app_begin ] --START--
INFO: Run Behavior\ReadHtmlCacheBehavior [ RunTime:0.001521s ]
INFO: [ app_begin ] --END-- [ RunTime:0.003064s ]
SQL: SHOW COLUMNS FROM `adela_consumption` [ RunTime:0.0048s ]
SQL: SELECT SUM(amount) AS tp_sum FROM `adela_consumption` WHERE ( consTime BETWEEN '2017-06-19 00:00:00' AND '2017-06-19 23:59:59' ) LIMIT 1   [ RunTime:0.0007s ]
SQL: SELECT SUM(amount) AS tp_sum FROM `adela_consumption` WHERE ( consTime BETWEEN '2017-06-01' AND '2017-06-30' ) LIMIT 1   [ RunTime:0.0006s ]
INFO: [ view_parse ] --START--
INFO: [ template_filter ] --START--
INFO: Run Behavior\ContentReplaceBehavior [ RunTime:0.000940s ]
INFO: [ template_filter ] --END-- [ RunTime:0.002769s ]
NOTIC: [8] Undefined variable: row E:\xampp\htdocs\easy-city\Apps\Runtime\Cache\Admin\21aaab3b7b4e9b9f4dd497ad6a46e024.php 第 121 行.
NOTIC: [8] Undefined variable: row E:\xampp\htdocs\easy-city\Apps\Runtime\Cache\Admin\21aaab3b7b4e9b9f4dd497ad6a46e024.php 第 130 行.
NOTIC: [8] Undefined variable: row E:\xampp\htdocs\easy-city\Apps\Runtime\Cache\Admin\21aaab3b7b4e9b9f4dd497ad6a46e024.php 第 138 行.
NOTIC: [8] Undefined variable: row E:\xampp\htdocs\easy-city\Apps\Runtime\Cache\Admin\21aaab3b7b4e9b9f4dd497ad6a46e024.php 第 144 行.
NOTIC: [8] Undefined variable: row E:\xampp\htdocs\easy-city\Apps\Runtime\Cache\Admin\21aaab3b7b4e9b9f4dd497ad6a46e024.php 第 150 行.
INFO: Run Behavior\ParseTemplateBehavior [ RunTime:0.098413s ]
INFO: [ view_parse ] --END-- [ RunTime:0.100191s ]
INFO: [ view_filter ] --START--
INFO: Run Behavior\WriteHtmlCacheBehavior [ RunTime:0.002163s ]
INFO: [ view_filter ] --END-- [ RunTime:0.004360s ]
INFO: [ app_end ] --START--
INFO: Run Behavior\ShowPageTraceBehavior [ RunTime:0.002937s ]
INFO: [ app_end ] --END-- [ RunTime:0.005245s ]

